2024-05-03 01:01:02.084 [info] 日志级别: Info
2024-05-03 01:01:02.084 [info] 正在验证在以下位置找到的 git: "git"
2024-05-03 01:01:02.084 [info] 将使用位于 "2.34.1" 的 Git "git"
2024-05-03 01:01:02.084 [info] > git rev-parse --show-toplevel [7ms]
2024-05-03 01:01:02.084 [info] > git rev-parse --git-dir --git-common-dir [7ms]
2024-05-03 01:01:02.084 [info] Open repository: /home/louis/gits/ysyx
2024-05-03 01:01:02.193 [info] > git rev-parse --show-toplevel [90ms]
2024-05-03 01:01:02.195 [info] > git config --get commit.template [100ms]
2024-05-03 01:01:02.392 [info] > git rev-parse --git-dir --git-common-dir [14ms]
2024-05-03 01:01:02.397 [info] Open repository: /home/louis/gits/ysyx/ysyx-workbench
2024-05-03 01:01:02.398 [info] > git for-each-ref --format=%(refname)%00%(upstream:short)%00%(objectname)%00%(upstream:track)%00%(upstream:remotename)%00%(upstream:remoteref) refs/heads/pa2 refs/remotes/pa2 [28ms]
2024-05-03 01:01:02.452 [info] > git rev-parse --show-toplevel [27ms]
2024-05-03 01:01:02.453 [info] > git config --get commit.template [37ms]
2024-05-03 01:01:02.504 [info] > git for-each-ref --format=%(refname)%00%(upstream:short)%00%(objectname)%00%(upstream:track)%00%(upstream:remotename)%00%(upstream:remoteref) refs/heads/pa2 refs/remotes/pa2 [17ms]
2024-05-03 01:01:02.505 [info] > git rev-parse --show-toplevel [30ms]
2024-05-03 01:01:02.518 [info] > git status -z -uall [22ms]
2024-05-03 01:01:02.549 [info] > git merge-base refs/heads/pa2 refs/remotes/origin/pa2 [21ms]
2024-05-03 01:01:02.558 [info] > git rev-parse --show-toplevel [42ms]
2024-05-03 01:01:02.598 [info] > git config --get commit.template [53ms]
2024-05-03 01:01:02.606 [info] > git status -z -uall [35ms]
2024-05-03 01:01:02.606 [info] > git rev-parse --show-toplevel [9ms]
2024-05-03 01:01:02.623 [info] > git rev-list --count --left-right refs/heads/pa2...refs/remotes/origin/pa2 [65ms]
2024-05-03 01:01:02.662 [info] > git merge-base refs/heads/pa2 refs/remotes/backup/pa2 [43ms]
2024-05-03 01:01:02.689 [info] > git config --get commit.template [27ms]
2024-05-03 01:01:02.690 [info] > git for-each-ref --format=%(refname)%00%(upstream:short)%00%(objectname)%00%(upstream:track)%00%(upstream:remotename)%00%(upstream:remoteref) refs/heads/pa2 refs/remotes/pa2 [36ms]
2024-05-03 01:01:02.690 [info] > git diff --name-status -z --diff-filter=ADMR 0df9bb403f5197b3da9bc84e231955e3850058ad...refs/remotes/origin/pa2 [59ms]
2024-05-03 01:01:02.700 [info] > git rev-list --count --left-right refs/heads/pa2...refs/remotes/backup/pa2 [28ms]
2024-05-03 01:01:02.758 [info] > git diff --name-status -z --diff-filter=ADMR 66e6eb58763d1232a10e5b8323f81524c32ca87b...refs/remotes/backup/pa2 [49ms]
2024-05-03 01:01:02.781 [info] > git for-each-ref --format=%(refname)%00%(upstream:short)%00%(objectname)%00%(upstream:track)%00%(upstream:remotename)%00%(upstream:remoteref) refs/heads/pa2 refs/remotes/pa2 [62ms]
2024-05-03 01:01:02.792 [info] > git status -z -uall [24ms]
2024-05-03 01:01:02.930 [info] > git status -z -uall [47ms]
2024-05-03 01:01:02.930 [info] > git show --textconv :npc/vsrc/top.v [16ms]
2024-05-03 01:01:02.972 [info] > git ls-files --stage -- /home/louis/gits/ysyx/ysyx-workbench/npc/vsrc/top.v [48ms]
2024-05-03 01:01:03.001 [info] > git check-ignore -v -z --stdin [12ms]
2024-05-03 01:01:03.005 [info] > git check-ignore -v -z --stdin [7ms]
2024-05-03 01:01:03.006 [info] > git cat-file -s e99691516903b4414f2311df7b5622885707456a [27ms]
2024-05-03 01:01:04.447 [info] > git check-ignore -v -z --stdin [2ms]
2024-05-03 01:01:06.583 [info] > git show --textconv :npc/vsrc/reg [9ms]
2024-05-03 01:01:06.584 [info] > git ls-files --stage -- /home/louis/gits/ysyx/ysyx-workbench/npc/vsrc/reg [3ms]
2024-05-03 01:01:06.837 [info] > git check-ignore -v -z --stdin [2ms]
2024-05-03 01:01:07.460 [info] > git config --get commit.template [8ms]
2024-05-03 01:01:07.477 [info] > git for-each-ref --format=%(refname)%00%(upstream:short)%00%(objectname)%00%(upstream:track)%00%(upstream:remotename)%00%(upstream:remoteref) refs/heads/pa2 refs/remotes/pa2 [9ms]
2024-05-03 01:01:07.477 [info] > git config --get commit.template [18ms]
2024-05-03 01:01:07.488 [info] > git for-each-ref --format=%(refname)%00%(upstream:short)%00%(objectname)%00%(upstream:track)%00%(upstream:remotename)%00%(upstream:remoteref) refs/heads/pa2 refs/remotes/pa2 [12ms]
2024-05-03 01:01:07.497 [info] > git status -z -uall [9ms]
2024-05-03 01:01:07.503 [info] > git status -z -uall [7ms]
2024-05-03 01:01:20.531 [info] > git show --textconv :npc/vsrc/reg.v [10ms]
2024-05-03 01:01:20.533 [info] > git ls-files --stage -- /home/louis/gits/ysyx/ysyx-workbench/npc/vsrc/reg.v [3ms]
2024-05-03 01:01:20.796 [info] > git check-ignore -v -z --stdin [3ms]
2024-05-03 01:01:21.312 [info] > git config --get commit.template [10ms]
2024-05-03 01:01:21.314 [info] > git config --get commit.template [3ms]
2024-05-03 01:01:21.335 [info] > git for-each-ref --format=%(refname)%00%(upstream:short)%00%(objectname)%00%(upstream:track)%00%(upstream:remotename)%00%(upstream:remoteref) refs/heads/pa2 refs/remotes/pa2 [12ms]
2024-05-03 01:01:21.345 [info] > git for-each-ref --format=%(refname)%00%(upstream:short)%00%(objectname)%00%(upstream:track)%00%(upstream:remotename)%00%(upstream:remoteref) refs/heads/pa2 refs/remotes/pa2 [10ms]
2024-05-03 01:01:21.356 [info] > git status -z -uall [12ms]
2024-05-03 01:01:21.367 [info] > git status -z -uall [12ms]
2024-05-03 01:01:29.433 [info] > git config --get commit.template [8ms]
2024-05-03 01:01:29.434 [info] > git config --get commit.template [1ms]
2024-05-03 01:01:29.451 [info] > git for-each-ref --format=%(refname)%00%(upstream:short)%00%(objectname)%00%(upstream:track)%00%(upstream:remotename)%00%(upstream:remoteref) refs/heads/pa2 refs/remotes/pa2 [3ms]
2024-05-03 01:01:29.451 [info] > git for-each-ref --format=%(refname)%00%(upstream:short)%00%(objectname)%00%(upstream:track)%00%(upstream:remotename)%00%(upstream:remoteref) refs/heads/pa2 refs/remotes/pa2 [11ms]
2024-05-03 01:01:29.470 [info] > git status -z -uall [10ms]
2024-05-03 01:01:29.473 [info] > git status -z -uall [6ms]
2024-05-03 01:01:48.268 [info] > git config --get commit.template [9ms]
2024-05-03 01:01:48.270 [info] > git config --get commit.template [2ms]
2024-05-03 01:01:48.288 [info] > git for-each-ref --format=%(refname)%00%(upstream:short)%00%(objectname)%00%(upstream:track)%00%(upstream:remotename)%00%(upstream:remoteref) refs/heads/pa2 refs/remotes/pa2 [10ms]
2024-05-03 01:01:48.297 [info] > git for-each-ref --format=%(refname)%00%(upstream:short)%00%(objectname)%00%(upstream:track)%00%(upstream:remotename)%00%(upstream:remoteref) refs/heads/pa2 refs/remotes/pa2 [10ms]
2024-05-03 01:01:48.308 [info] > git status -z -uall [12ms]
2024-05-03 01:01:48.314 [info] > git status -z -uall [7ms]
2024-05-03 01:02:18.736 [info] > git show --textconv :npc/vsrc/muxkey.v [8ms]
2024-05-03 01:02:18.737 [info] > git ls-files --stage -- /home/louis/gits/ysyx/ysyx-workbench/npc/vsrc/muxkey.v [2ms]
2024-05-03 01:02:18.992 [info] > git check-ignore -v -z --stdin [2ms]
2024-05-03 01:02:19.565 [info] > git config --get commit.template [9ms]
2024-05-03 01:02:19.581 [info] > git config --get commit.template [17ms]
2024-05-03 01:02:19.583 [info] > git for-each-ref --format=%(refname)%00%(upstream:short)%00%(objectname)%00%(upstream:track)%00%(upstream:remotename)%00%(upstream:remoteref) refs/heads/pa2 refs/remotes/pa2 [9ms]
2024-05-03 01:02:19.584 [info] > git for-each-ref --format=%(refname)%00%(upstream:short)%00%(objectname)%00%(upstream:track)%00%(upstream:remotename)%00%(upstream:remoteref) refs/heads/pa2 refs/remotes/pa2 [3ms]
2024-05-03 01:02:19.643 [info] > git status -z -uall [20ms]
2024-05-03 01:02:19.643 [info] > git status -z -uall [10ms]
2024-05-03 01:02:24.665 [info] > git config --get commit.template [9ms]
2024-05-03 01:02:24.673 [info] > git config --get commit.template [10ms]
2024-05-03 01:02:24.681 [info] > git for-each-ref --format=%(refname)%00%(upstream:short)%00%(objectname)%00%(upstream:track)%00%(upstream:remotename)%00%(upstream:remoteref) refs/heads/pa2 refs/remotes/pa2 [8ms]
2024-05-03 01:02:24.690 [info] > git for-each-ref --format=%(refname)%00%(upstream:short)%00%(objectname)%00%(upstream:track)%00%(upstream:remotename)%00%(upstream:remoteref) refs/heads/pa2 refs/remotes/pa2 [9ms]
2024-05-03 01:02:24.699 [info] > git status -z -uall [9ms]
2024-05-03 01:02:24.708 [info] > git status -z -uall [10ms]
2024-05-03 01:09:37.896 [info] > git config --get commit.template [9ms]
2024-05-03 01:09:37.897 [info] > git config --get commit.template [2ms]
2024-05-03 01:09:37.913 [info] > git for-each-ref --format=%(refname)%00%(upstream:short)%00%(objectname)%00%(upstream:track)%00%(upstream:remotename)%00%(upstream:remoteref) refs/heads/pa2 refs/remotes/pa2 [8ms]
2024-05-03 01:09:37.923 [info] > git for-each-ref --format=%(refname)%00%(upstream:short)%00%(objectname)%00%(upstream:track)%00%(upstream:remotename)%00%(upstream:remoteref) refs/heads/pa2 refs/remotes/pa2 [11ms]
2024-05-03 01:09:37.931 [info] > git status -z -uall [9ms]
2024-05-03 01:09:37.941 [info] > git status -z -uall [10ms]
2024-05-03 01:09:52.210 [info] > git show --textconv :npc/vsrc/RegisterFile.v [9ms]
2024-05-03 01:09:52.211 [info] > git ls-files --stage -- /home/louis/gits/ysyx/ysyx-workbench/npc/vsrc/RegisterFile.v [2ms]
2024-05-03 01:09:52.474 [info] > git check-ignore -v -z --stdin [2ms]
2024-05-03 01:09:53.023 [info] > git config --get commit.template [8ms]
2024-05-03 01:09:53.043 [info] > git config --get commit.template [19ms]
2024-05-03 01:09:53.043 [info] > git for-each-ref --format=%(refname)%00%(upstream:short)%00%(objectname)%00%(upstream:track)%00%(upstream:remotename)%00%(upstream:remoteref) refs/heads/pa2 refs/remotes/pa2 [10ms]
2024-05-03 01:09:53.043 [info] > git for-each-ref --format=%(refname)%00%(upstream:short)%00%(objectname)%00%(upstream:track)%00%(upstream:remotename)%00%(upstream:remoteref) refs/heads/pa2 refs/remotes/pa2 [2ms]
2024-05-03 01:09:53.061 [info] > git status -z -uall [9ms]
2024-05-03 01:09:53.068 [info] > git status -z -uall [7ms]
2024-05-03 01:12:08.168 [info] > git config --get commit.template [10ms]
2024-05-03 01:12:08.169 [info] > git config --get commit.template [3ms]
2024-05-03 01:12:08.189 [info] > git for-each-ref --format=%(refname)%00%(upstream:short)%00%(objectname)%00%(upstream:track)%00%(upstream:remotename)%00%(upstream:remoteref) refs/heads/pa2 refs/remotes/pa2 [12ms]
2024-05-03 01:12:08.190 [info] > git for-each-ref --format=%(refname)%00%(upstream:short)%00%(objectname)%00%(upstream:track)%00%(upstream:remotename)%00%(upstream:remoteref) refs/heads/pa2 refs/remotes/pa2 [3ms]
2024-05-03 01:12:08.211 [info] > git status -z -uall [10ms]
2024-05-03 01:12:08.216 [info] > git status -z -uall [6ms]
