2024-05-07 18:33:10.120 [info] 日志级别: Info
2024-05-07 18:33:10.120 [info] 正在验证在以下位置找到的 git: "git"
2024-05-07 18:33:10.120 [info] 将使用位于 "2.34.1" 的 Git "git"
2024-05-07 18:33:10.120 [info] > git rev-parse --show-toplevel [16ms]
2024-05-07 18:33:10.120 [info] > git rev-parse --git-dir --git-common-dir [3ms]
2024-05-07 18:33:10.120 [info] Open repository: /home/louis/MAA/ysyx-workbench
2024-05-07 18:33:10.132 [info] > git rev-parse --show-toplevel [92ms]
2024-05-07 18:33:10.133 [info] > git config --get commit.template [100ms]
2024-05-07 18:33:10.164 [info] > git rev-parse --show-toplevel [10ms]
2024-05-07 18:33:10.171 [info] > git for-each-ref --format=%(refname)%00%(upstream:short)%00%(objectname)%00%(upstream:track)%00%(upstream:remotename)%00%(upstream:remoteref) refs/heads/master refs/remotes/master [9ms]
2024-05-07 18:33:10.178 [warning] ENOENT: no such file or directory, open '/home/louis/MAA/ysyx-workbench/.git/refs/remotes/origin/master'
2024-05-07 18:33:10.178 [info] > git rev-parse --show-toplevel [7ms]
2024-05-07 18:33:10.192 [info] > git rev-parse refs/remotes/origin/master [14ms]
2024-05-07 18:33:10.200 [info] > git rev-parse --git-dir --git-common-dir [9ms]
2024-05-07 18:33:10.204 [info] Open repository: /home/louis/MAA/ysyx-workbench/fceux-am
2024-05-07 18:33:10.232 [info] > git status -z -uall [34ms]
2024-05-07 18:33:10.258 [info] > git merge-base refs/heads/master refs/remotes/origin/master [17ms]
2024-05-07 18:33:10.266 [info] > git rev-parse --show-toplevel [34ms]
2024-05-07 18:33:10.266 [info] > git config --get commit.template [40ms]
2024-05-07 18:33:10.275 [info] > git rev-list --count --left-right refs/heads/master...refs/remotes/origin/master [9ms]
2024-05-07 18:33:10.282 [info] > git config --get commit.template [28ms]
2024-05-07 18:33:10.308 [info] > git diff --name-status -z --diff-filter=ADMR d1116915d4c440858a4eaacd9c9571d8d18ac88b...refs/remotes/origin/master [26ms]
2024-05-07 18:33:10.308 [info] > git rev-parse --show-toplevel [34ms]
2024-05-07 18:33:10.316 [info] > git for-each-ref --format=%(refname)%00%(upstream:short)%00%(objectname)%00%(upstream:track)%00%(upstream:remotename)%00%(upstream:remoteref) refs/heads/ics2021 refs/remotes/ics2021 [22ms]
2024-05-07 18:33:10.323 [warning] ENOENT: no such file or directory, open '/home/louis/MAA/ysyx-workbench/fceux-am/.git/refs/remotes/origin/ics2021'
2024-05-07 18:33:10.323 [info] > git for-each-ref --format=%(refname)%00%(upstream:short)%00%(objectname)%00%(upstream:track)%00%(upstream:remotename)%00%(upstream:remoteref) refs/heads/master refs/remotes/master [8ms]
2024-05-07 18:33:10.329 [warning] ENOENT: no such file or directory, open '/home/louis/MAA/ysyx-workbench/.git/refs/remotes/origin/master'
2024-05-07 18:33:10.330 [info] > git rev-parse refs/remotes/origin/ics2021 [7ms]
2024-05-07 18:33:10.338 [info] > git rev-parse refs/remotes/origin/master [9ms]
2024-05-07 18:33:10.360 [info] > git status -z -uall [25ms]
2024-05-07 18:33:10.360 [info] > git status -z -uall [17ms]
2024-05-07 18:33:10.376 [info] > git merge-base refs/heads/ics2021 refs/remotes/origin/ics2021 [9ms]
2024-05-07 18:33:10.416 [info] > git rev-list --count --left-right refs/heads/ics2021...refs/remotes/origin/ics2021 [34ms]
2024-05-07 18:33:10.422 [info] > git config --get commit.template [47ms]
2024-05-07 18:33:10.450 [info] > git diff --name-status -z --diff-filter=ADMR d404b6dfc1696b0d2d30668e2deb72c63b0ab3fc...refs/remotes/origin/ics2021 [28ms]
2024-05-07 18:33:10.451 [info] > git for-each-ref --format=%(refname)%00%(upstream:short)%00%(objectname)%00%(upstream:track)%00%(upstream:remotename)%00%(upstream:remoteref) refs/heads/ics2021 refs/remotes/ics2021 [3ms]
2024-05-07 18:33:10.471 [warning] ENOENT: no such file or directory, open '/home/louis/MAA/ysyx-workbench/fceux-am/.git/refs/remotes/origin/ics2021'
2024-05-07 18:33:10.474 [info] > git rev-parse refs/remotes/origin/ics2021 [3ms]
2024-05-07 18:33:10.486 [info] > git status -z -uall [7ms]
2024-05-07 18:33:10.768 [info] > git check-ignore -v -z --stdin [14ms]
2024-05-07 18:33:10.769 [info] > git check-ignore -v -z --stdin [9ms]
2024-05-07 18:33:10.881 [info] > git show --textconv :nemu/src/monitor/sdb/sdb.c [8ms]
2024-05-07 18:33:10.883 [info] > git ls-files --stage -- /home/louis/MAA/ysyx-workbench/nemu/src/monitor/sdb/sdb.c [2ms]
2024-05-07 18:33:10.890 [info] > git cat-file -s 725bce8bba7a76bd7150622dd07adf2074c0306e [1ms]
2024-05-07 18:33:21.848 [info] > git config --get commit.template [14ms]
2024-05-07 18:33:21.851 [info] > git for-each-ref --format=%(refname)%00%(upstream:short)%00%(objectname)%00%(upstream:track)%00%(upstream:remotename)%00%(upstream:remoteref) refs/heads/master refs/remotes/master [4ms]
2024-05-07 18:33:21.856 [warning] ENOENT: no such file or directory, open '/home/louis/MAA/ysyx-workbench/.git/refs/remotes/origin/master'
2024-05-07 18:33:21.858 [info] > git rev-parse refs/remotes/origin/master [2ms]
2024-05-07 18:33:21.890 [info] > git status -z -uall [21ms]
2024-05-07 18:33:21.938 [info] > git ls-files --stage -- /home/louis/MAA/ysyx-workbench/nemu/src/monitor/sdb/sdb.c [3ms]
2024-05-07 18:33:21.953 [info] > git cat-file -s 725bce8bba7a76bd7150622dd07adf2074c0306e [4ms]
2024-05-07 18:33:21.970 [info] > git show --textconv :nemu/src/monitor/sdb/sdb.c [3ms]
2024-05-07 18:33:40.152 [info] > git config --get commit.template [13ms]
2024-05-07 18:33:40.155 [info] > git for-each-ref --format=%(refname)%00%(upstream:short)%00%(objectname)%00%(upstream:track)%00%(upstream:remotename)%00%(upstream:remoteref) refs/heads/master refs/remotes/master [4ms]
2024-05-07 18:33:40.167 [warning] ENOENT: no such file or directory, open '/home/louis/MAA/ysyx-workbench/.git/refs/remotes/origin/master'
2024-05-07 18:33:40.170 [info] > git rev-parse refs/remotes/origin/master [3ms]
2024-05-07 18:33:40.190 [info] > git status -z -uall [9ms]
2024-05-07 18:33:59.119 [info] > git config --get commit.template [12ms]
2024-05-07 18:33:59.121 [info] > git for-each-ref --format=%(refname)%00%(upstream:short)%00%(objectname)%00%(upstream:track)%00%(upstream:remotename)%00%(upstream:remoteref) refs/heads/tracer-ysyx refs/remotes/tracer-ysyx [3ms]
2024-05-07 18:33:59.139 [info] > git status -z -uall [8ms]
2024-05-07 18:34:00.447 [info] > git ls-files --stage -- /home/louis/MAA/ysyx-workbench/nemu/src/monitor/sdb/sdb.c [1ms]
2024-05-07 18:34:00.458 [info] > git cat-file -s 725bce8bba7a76bd7150622dd07adf2074c0306e [3ms]
2024-05-07 18:34:00.470 [info] > git show --textconv :nemu/src/monitor/sdb/sdb.c [3ms]
2024-05-07 18:34:04.171 [info] > git config --get commit.template [13ms]
2024-05-07 18:34:04.174 [info] > git for-each-ref --format=%(refname)%00%(upstream:short)%00%(objectname)%00%(upstream:track)%00%(upstream:remotename)%00%(upstream:remoteref) refs/heads/master refs/remotes/master [4ms]
2024-05-07 18:34:04.185 [warning] ENOENT: no such file or directory, open '/home/louis/MAA/ysyx-workbench/.git/refs/remotes/origin/master'
2024-05-07 18:34:04.188 [info] > git rev-parse refs/remotes/origin/master [3ms]
2024-05-07 18:34:04.207 [info] > git status -z -uall [11ms]
2024-05-07 18:34:04.224 [info] > git merge-base refs/heads/master refs/remotes/origin/master [4ms]
2024-05-07 18:34:04.234 [info] > git rev-list --count --left-right refs/heads/master...refs/remotes/origin/master [3ms]
2024-05-07 18:34:04.245 [info] > git diff --name-status -z --diff-filter=ADMR d1116915d4c440858a4eaacd9c9571d8d18ac88b...refs/remotes/origin/master [3ms]
2024-05-07 18:34:17.407 [info] > git config --get commit.template [10ms]
2024-05-07 18:34:17.409 [info] > git for-each-ref --format=%(refname)%00%(upstream:short)%00%(objectname)%00%(upstream:track)%00%(upstream:remotename)%00%(upstream:remoteref) refs/heads/master refs/remotes/master [3ms]
2024-05-07 18:34:17.417 [warning] ENOENT: no such file or directory, open '/home/louis/MAA/ysyx-workbench/.git/refs/remotes/origin/master'
2024-05-07 18:34:17.420 [info] > git rev-parse refs/remotes/origin/master [3ms]
2024-05-07 18:34:17.439 [info] > git status -z -uall [10ms]
2024-05-07 18:34:17.494 [info] > git ls-files --stage -- /home/louis/MAA/ysyx-workbench/nemu/src/monitor/sdb/sdb.c [2ms]
2024-05-07 18:34:17.502 [info] > git cat-file -s 725bce8bba7a76bd7150622dd07adf2074c0306e [2ms]
2024-05-07 18:34:17.512 [info] > git show --textconv :nemu/src/monitor/sdb/sdb.c [2ms]
2024-05-07 18:34:22.469 [info] > git config --get commit.template [13ms]
2024-05-07 18:34:22.472 [info] > git for-each-ref --format=%(refname)%00%(upstream:short)%00%(objectname)%00%(upstream:track)%00%(upstream:remotename)%00%(upstream:remoteref) refs/heads/master refs/remotes/master [4ms]
2024-05-07 18:34:22.480 [warning] ENOENT: no such file or directory, open '/home/louis/MAA/ysyx-workbench/.git/refs/remotes/origin/master'
2024-05-07 18:34:22.481 [info] > git rev-parse refs/remotes/origin/master [1ms]
2024-05-07 18:34:22.500 [info] > git status -z -uall [8ms]
2024-05-07 18:34:34.330 [info] > git config --get commit.template [13ms]
2024-05-07 18:34:34.333 [info] > git for-each-ref --format=%(refname)%00%(upstream:short)%00%(objectname)%00%(upstream:track)%00%(upstream:remotename)%00%(upstream:remoteref) refs/heads/master refs/remotes/master [4ms]
2024-05-07 18:34:34.345 [warning] ENOENT: no such file or directory, open '/home/louis/MAA/ysyx-workbench/.git/refs/remotes/origin/master'
2024-05-07 18:34:34.348 [info] > git rev-parse refs/remotes/origin/master [3ms]
2024-05-07 18:34:34.369 [info] > git status -z -uall [10ms]
