2024-05-07 13:50:55.103 [info] Resuming cloud changes, reason: cloud changes enabled...
2024-05-07 13:50:55.103 [info] Checking for pending cloud changes...
2024-05-07 13:50:55.103 [info] Searching for existing authentication session with ID b49a6f89d5b48a74
2024-05-07 13:50:59.161 [info] Found existing authentication session with ID b49a6f89d5b48a74
2024-05-07 13:51:00.263 [info] Aborting resuming edit session as no edit session content is available to be applied
2024-05-07 17:37:00.804 [info] Resuming cloud changes, reason: cloud changes enabled...
2024-05-07 17:37:00.804 [info] Checking for pending cloud changes...
2024-05-07 17:37:00.804 [info] Searching for existing authentication session with ID b49a6f89d5b48a74
2024-05-07 17:37:02.392 [info] Found existing authentication session with ID b49a6f89d5b48a74
2024-05-07 17:37:03.204 [info] Aborting resuming edit session as no edit session content is available to be applied
2024-05-07 18:33:10.709 [info] Resuming cloud changes, reason: cloud changes enabled...
2024-05-07 18:33:10.709 [info] Checking for pending cloud changes...
2024-05-07 18:33:10.709 [info] Searching for existing authentication session with ID b49a6f89d5b48a74
2024-05-07 18:33:12.164 [info] Found existing authentication session with ID b49a6f89d5b48a74
2024-05-07 18:33:13.446 [info] Aborting resuming edit session as no edit session content is available to be applied
2024-05-07 18:36:05.168 [info] Resuming cloud changes, reason: cloud changes enabled...
2024-05-07 18:36:05.168 [info] Checking for pending cloud changes...
2024-05-07 18:36:05.168 [info] Searching for existing authentication session with ID b49a6f89d5b48a74
2024-05-07 18:36:06.561 [info] Found existing authentication session with ID b49a6f89d5b48a74
2024-05-07 18:36:06.817 [info] Aborting resuming edit session as no edit session content is available to be applied
