[Launch - 21:51:18] <vlog lsp manager> detect linter setting changes, switch from default to default.
[Info - 21:51:18] <vlog lsp manager> default build-in linter has been activated
[Launch - 21:51:18] <vhdl lsp manager> detect linter setting changes, switch from default to default.
[Info - 21:51:18] <vhdl lsp manager> default build-in linter has been activated
[Launch - 21:51:18] <svlog lsp manager> detect linter setting changes, switch from default to default.
[Info - 21:51:18] <svlog lsp manager> default build-in linter has been activated
[Launch - 21:51:18] <vlog lsp manager> detect linter setting changes, switch from default to default.
[Info - 21:51:18] <vlog lsp manager> default build-in linter has been activated
[Launch - 21:51:18] <vhdl lsp manager> detect linter setting changes, switch from default to default.
[Info - 21:51:18] <vhdl lsp manager> default build-in linter has been activated
[Launch - 21:51:18] <svlog lsp manager> detect linter setting changes, switch from default to default.
[Info - 21:51:18] <svlog lsp manager> default build-in linter has been activated
[Launch - 21:51:18] <vlog lsp manager> detect linter setting changes, switch from default to default.
[Info - 21:51:18] <vlog lsp manager> default build-in linter has been activated
[Launch - 21:51:18] <vhdl lsp manager> detect linter setting changes, switch from default to default.
[Info - 21:51:18] <vhdl lsp manager> default build-in linter has been activated
[Launch - 21:51:18] <svlog lsp manager> detect linter setting changes, switch from default to default.
[Info - 21:51:18] <svlog lsp manager> default build-in linter has been activated
[Launch - 21:51:19] <vlog lsp manager> detect linter setting changes, switch from default to default.
[Info - 21:51:19] <vlog lsp manager> default build-in linter has been activated
[Launch - 21:51:19] <vhdl lsp manager> detect linter setting changes, switch from default to default.
[Info - 21:51:19] <vhdl lsp manager> default build-in linter has been activated
[Launch - 21:51:19] <svlog lsp manager> detect linter setting changes, switch from default to default.
[Info - 21:51:19] <svlog lsp manager> default build-in linter has been activated
[Launch - 21:51:19] <vlog lsp manager> finish initialization of vlog linter. Linter name: default
[Launch - 21:51:19] <vhdl lsp manager> finish initialization of vhdl linter. Linter name: default
[Launch - 21:51:19] <svlog lsp manager> finish initialization of svlog linter. Linter name: default
