2024-05-06 20:38:01.873 [info] Extension host with pid 16859 started
2024-05-06 20:38:01.873 [info] Skipping acquiring lock for /home/louis/.config/Code/User/workspaceStorage/2ac9015a99c4bb5b8d4bde9e16538236.
2024-05-06 20:38:02.265 [info] ExtensionService#_doActivateExtension vscode.emmet, startup: false, activationEvent: 'onLanguage'
2024-05-06 20:38:02.266 [info] ExtensionService#_doActivateExtension llvm-vs-code-extensions.vscode-clangd, startup: false, activationEvent: 'onLanguage:c'
2024-05-06 20:38:02.309 [info] ExtensionService#_doActivateExtension ms-vscode.cpptools, startup: false, activationEvent: 'onLanguage:c'
2024-05-06 20:38:02.734 [info] ExtensionService#_doActivateExtension vscode.git-base, startup: true, activationEvent: '*', root cause: vscode.git
2024-05-06 20:38:02.735 [info] ExtensionService#_doActivateExtension sterben.fpga-support, startup: true, activationEvent: 'workspaceContains:.vscode/property.json'
2024-05-06 20:38:03.502 [info] ExtensionService#_doActivateExtension vscode.git, startup: true, activationEvent: '*'
2024-05-06 20:38:03.503 [info] ExtensionService#_doActivateExtension vscode.github, startup: true, activationEvent: '*'
2024-05-06 20:38:03.503 [info] ExtensionService#_doActivateExtension vscode.microsoft-authentication, startup: false, activationEvent: 'onAuthenticationRequest:microsoft'
2024-05-06 20:38:03.596 [info] Eager extensions activated
2024-05-06 20:38:03.630 [info] ExtensionService#_doActivateExtension vscode.debug-auto-launch, startup: false, activationEvent: 'onStartupFinished'
2024-05-06 20:38:03.631 [info] ExtensionService#_doActivateExtension vscode.merge-conflict, startup: false, activationEvent: 'onStartupFinished'
2024-05-06 20:38:03.631 [info] ExtensionService#_doActivateExtension eamodio.gitlens, startup: false, activationEvent: 'onStartupFinished'
2024-05-06 20:38:03.661 [info] ExtensionService#_doActivateExtension vadimcn.vscode-lldb, startup: false, activationEvent: 'onStartupFinished'
2024-05-06 20:38:03.691 [info] ExtensionService#_doActivateExtension zhuangtongfa.material-theme, startup: false, activationEvent: 'onStartupFinished'
2024-05-06 20:38:04.099 [info] ExtensionService#_doActivateExtension vscode.github-authentication, startup: false, activationEvent: 'onAuthenticationRequest:github'
2024-05-06 20:38:04.547 [error] Error: Git error
	at ChildProcess.<anonymous> (/usr/share/code/resources/app/extensions/git/dist/main.js:2:1023469)
	at ChildProcess.emit (node:events:529:35)
	at ChildProcess._handle.onexit (node:internal/child_process:292:12)
2024-05-06 20:38:04.547 [error] Error: Git error
	at ChildProcess.<anonymous> (/usr/share/code/resources/app/extensions/git/dist/main.js:2:1023469)
	at ChildProcess.emit (node:events:529:35)
	at ChildProcess._handle.onexit (node:internal/child_process:292:12)
2024-05-06 20:38:04.547 [error] Error: Git error
	at ChildProcess.<anonymous> (/usr/share/code/resources/app/extensions/git/dist/main.js:2:1023469)
	at ChildProcess.emit (node:events:529:35)
	at ChildProcess._handle.onexit (node:internal/child_process:292:12)
2024-05-06 20:38:04.547 [error] Error: Git error
	at ChildProcess.<anonymous> (/usr/share/code/resources/app/extensions/git/dist/main.js:2:1023469)
	at ChildProcess.emit (node:events:529:35)
	at ChildProcess._handle.onexit (node:internal/child_process:292:12)
2024-05-06 20:38:04.547 [error] Error: Git error
	at ChildProcess.<anonymous> (/usr/share/code/resources/app/extensions/git/dist/main.js:2:1023469)
	at ChildProcess.emit (node:events:529:35)
	at ChildProcess._handle.onexit (node:internal/child_process:292:12)
2024-05-06 20:38:04.547 [error] Error: Git error
	at ChildProcess.<anonymous> (/usr/share/code/resources/app/extensions/git/dist/main.js:2:1023469)
	at ChildProcess.emit (node:events:529:35)
	at ChildProcess._handle.onexit (node:internal/child_process:292:12)
2024-05-06 20:38:04.547 [error] Error: Git error
	at ChildProcess.<anonymous> (/usr/share/code/resources/app/extensions/git/dist/main.js:2:1023469)
	at ChildProcess.emit (node:events:529:35)
	at ChildProcess._handle.onexit (node:internal/child_process:292:12)
2024-05-06 20:38:04.547 [error] Error: Git error
	at ChildProcess.<anonymous> (/usr/share/code/resources/app/extensions/git/dist/main.js:2:1023469)
	at ChildProcess.emit (node:events:529:35)
	at ChildProcess._handle.onexit (node:internal/child_process:292:12)
2024-05-06 20:38:04.547 [error] Error: Git error
	at ChildProcess.<anonymous> (/usr/share/code/resources/app/extensions/git/dist/main.js:2:1023469)
	at ChildProcess.emit (node:events:529:35)
	at ChildProcess._handle.onexit (node:internal/child_process:292:12)
2024-05-06 20:38:04.547 [error] Error: Git error
	at ChildProcess.<anonymous> (/usr/share/code/resources/app/extensions/git/dist/main.js:2:1023469)
	at ChildProcess.emit (node:events:529:35)
	at ChildProcess._handle.onexit (node:internal/child_process:292:12)
2024-05-06 20:38:04.547 [error] Error: Git error
	at ChildProcess.<anonymous> (/usr/share/code/resources/app/extensions/git/dist/main.js:2:1023469)
	at ChildProcess.emit (node:events:529:35)
	at ChildProcess._handle.onexit (node:internal/child_process:292:12)
2024-05-06 20:38:04.547 [error] Error: Git error
	at ChildProcess.<anonymous> (/usr/share/code/resources/app/extensions/git/dist/main.js:2:1023469)
	at ChildProcess.emit (node:events:529:35)
	at ChildProcess._handle.onexit (node:internal/child_process:292:12)
2024-05-06 20:38:04.547 [error] Error: Git error
	at ChildProcess.<anonymous> (/usr/share/code/resources/app/extensions/git/dist/main.js:2:1023469)
	at ChildProcess.emit (node:events:529:35)
	at ChildProcess._handle.onexit (node:internal/child_process:292:12)
2024-05-06 20:38:04.547 [error] Error: Git error
	at ChildProcess.<anonymous> (/usr/share/code/resources/app/extensions/git/dist/main.js:2:1023469)
	at ChildProcess.emit (node:events:529:35)
	at ChildProcess._handle.onexit (node:internal/child_process:292:12)
2024-05-06 20:38:04.547 [error] Error: Git error
	at ChildProcess.<anonymous> (/usr/share/code/resources/app/extensions/git/dist/main.js:2:1023469)
	at ChildProcess.emit (node:events:529:35)
	at ChildProcess._handle.onexit (node:internal/child_process:292:12)
2024-05-06 20:38:04.547 [error] Error: Git error
	at ChildProcess.<anonymous> (/usr/share/code/resources/app/extensions/git/dist/main.js:2:1023469)
	at ChildProcess.emit (node:events:529:35)
	at ChildProcess._handle.onexit (node:internal/child_process:292:12)
2024-05-06 20:38:04.547 [error] Error: Git error
	at ChildProcess.<anonymous> (/usr/share/code/resources/app/extensions/git/dist/main.js:2:1023469)
	at ChildProcess.emit (node:events:529:35)
	at ChildProcess._handle.onexit (node:internal/child_process:292:12)
2024-05-06 20:38:04.547 [error] Error: Git error
	at ChildProcess.<anonymous> (/usr/share/code/resources/app/extensions/git/dist/main.js:2:1023469)
	at ChildProcess.emit (node:events:529:35)
	at ChildProcess._handle.onexit (node:internal/child_process:292:12)
2024-05-06 20:38:04.547 [error] Error: Git error
	at ChildProcess.<anonymous> (/usr/share/code/resources/app/extensions/git/dist/main.js:2:1023469)
	at ChildProcess.emit (node:events:529:35)
	at ChildProcess._handle.onexit (node:internal/child_process:292:12)
2024-05-06 20:38:04.547 [error] Error: Git error
	at ChildProcess.<anonymous> (/usr/share/code/resources/app/extensions/git/dist/main.js:2:1023469)
	at ChildProcess.emit (node:events:529:35)
	at ChildProcess._handle.onexit (node:internal/child_process:292:12)
2024-05-06 20:38:04.547 [error] Error: Git error
	at ChildProcess.<anonymous> (/usr/share/code/resources/app/extensions/git/dist/main.js:2:1023469)
	at ChildProcess.emit (node:events:529:35)
	at ChildProcess._handle.onexit (node:internal/child_process:292:12)
2024-05-06 20:38:04.547 [error] Error: Git error
	at ChildProcess.<anonymous> (/usr/share/code/resources/app/extensions/git/dist/main.js:2:1023469)
	at ChildProcess.emit (node:events:529:35)
	at ChildProcess._handle.onexit (node:internal/child_process:292:12)
2024-05-06 20:38:04.547 [error] Error: Git error
	at ChildProcess.<anonymous> (/usr/share/code/resources/app/extensions/git/dist/main.js:2:1023469)
	at ChildProcess.emit (node:events:529:35)
	at ChildProcess._handle.onexit (node:internal/child_process:292:12)
2024-05-06 20:38:04.547 [error] Error: Git error
	at ChildProcess.<anonymous> (/usr/share/code/resources/app/extensions/git/dist/main.js:2:1023469)
	at ChildProcess.emit (node:events:529:35)
	at ChildProcess._handle.onexit (node:internal/child_process:292:12)
2024-05-06 20:38:04.547 [error] Error: Git error
	at ChildProcess.<anonymous> (/usr/share/code/resources/app/extensions/git/dist/main.js:2:1023469)
	at ChildProcess.emit (node:events:529:35)
	at ChildProcess._handle.onexit (node:internal/child_process:292:12)
2024-05-06 20:38:04.547 [error] Error: Git error
	at ChildProcess.<anonymous> (/usr/share/code/resources/app/extensions/git/dist/main.js:2:1023469)
	at ChildProcess.emit (node:events:529:35)
	at ChildProcess._handle.onexit (node:internal/child_process:292:12)
2024-05-06 20:38:04.547 [error] Error: Git error
	at ChildProcess.<anonymous> (/usr/share/code/resources/app/extensions/git/dist/main.js:2:1023469)
	at ChildProcess.emit (node:events:529:35)
	at ChildProcess._handle.onexit (node:internal/child_process:292:12)
2024-05-06 20:38:04.547 [error] Error: Git error
	at ChildProcess.<anonymous> (/usr/share/code/resources/app/extensions/git/dist/main.js:2:1023469)
	at ChildProcess.emit (node:events:529:35)
	at ChildProcess._handle.onexit (node:internal/child_process:292:12)
2024-05-06 20:38:04.547 [error] Error: Git error
	at ChildProcess.<anonymous> (/usr/share/code/resources/app/extensions/git/dist/main.js:2:1023469)
	at ChildProcess.emit (node:events:529:35)
	at ChildProcess._handle.onexit (node:internal/child_process:292:12)
2024-05-06 20:38:04.547 [error] Error: Git error
	at ChildProcess.<anonymous> (/usr/share/code/resources/app/extensions/git/dist/main.js:2:1023469)
	at ChildProcess.emit (node:events:529:35)
	at ChildProcess._handle.onexit (node:internal/child_process:292:12)
2024-05-06 20:38:04.547 [error] Error: Git error
	at ChildProcess.<anonymous> (/usr/share/code/resources/app/extensions/git/dist/main.js:2:1023469)
	at ChildProcess.emit (node:events:529:35)
	at ChildProcess._handle.onexit (node:internal/child_process:292:12)
2024-05-06 20:38:04.547 [error] Error: Git error
	at ChildProcess.<anonymous> (/usr/share/code/resources/app/extensions/git/dist/main.js:2:1023469)
	at ChildProcess.emit (node:events:529:35)
	at ChildProcess._handle.onexit (node:internal/child_process:292:12)
2024-05-06 20:38:04.547 [error] Error: Git error
	at ChildProcess.<anonymous> (/usr/share/code/resources/app/extensions/git/dist/main.js:2:1023469)
	at ChildProcess.emit (node:events:529:35)
	at ChildProcess._handle.onexit (node:internal/child_process:292:12)
2024-05-06 20:38:04.547 [error] Error: Git error
	at ChildProcess.<anonymous> (/usr/share/code/resources/app/extensions/git/dist/main.js:2:1023469)
	at ChildProcess.emit (node:events:529:35)
	at ChildProcess._handle.onexit (node:internal/child_process:292:12)
2024-05-06 20:38:04.547 [error] Error: Git error
	at ChildProcess.<anonymous> (/usr/share/code/resources/app/extensions/git/dist/main.js:2:1023469)
	at ChildProcess.emit (node:events:529:35)
	at ChildProcess._handle.onexit (node:internal/child_process:292:12)
2024-05-06 20:38:04.547 [error] Error: Git error
	at ChildProcess.<anonymous> (/usr/share/code/resources/app/extensions/git/dist/main.js:2:1023469)
	at ChildProcess.emit (node:events:529:35)
	at ChildProcess._handle.onexit (node:internal/child_process:292:12)
2024-05-06 20:38:04.547 [error] Error: Git error
	at ChildProcess.<anonymous> (/usr/share/code/resources/app/extensions/git/dist/main.js:2:1023469)
	at ChildProcess.emit (node:events:529:35)
	at ChildProcess._handle.onexit (node:internal/child_process:292:12)
2024-05-06 20:38:04.547 [error] Error: Git error
	at ChildProcess.<anonymous> (/usr/share/code/resources/app/extensions/git/dist/main.js:2:1023469)
	at ChildProcess.emit (node:events:529:35)
	at ChildProcess._handle.onexit (node:internal/child_process:292:12)
2024-05-06 20:38:04.547 [error] Error: Git error
	at ChildProcess.<anonymous> (/usr/share/code/resources/app/extensions/git/dist/main.js:2:1023469)
	at ChildProcess.emit (node:events:529:35)
	at ChildProcess._handle.onexit (node:internal/child_process:292:12)
2024-05-06 20:38:04.547 [error] Error: Git error
	at ChildProcess.<anonymous> (/usr/share/code/resources/app/extensions/git/dist/main.js:2:1023469)
	at ChildProcess.emit (node:events:529:35)
	at ChildProcess._handle.onexit (node:internal/child_process:292:12)
2024-05-06 20:38:04.547 [error] Error: Git error
	at ChildProcess.<anonymous> (/usr/share/code/resources/app/extensions/git/dist/main.js:2:1023469)
	at ChildProcess.emit (node:events:529:35)
	at ChildProcess._handle.onexit (node:internal/child_process:292:12)
2024-05-06 20:38:04.547 [error] Error: Git error
	at ChildProcess.<anonymous> (/usr/share/code/resources/app/extensions/git/dist/main.js:2:1023469)
	at ChildProcess.emit (node:events:529:35)
	at ChildProcess._handle.onexit (node:internal/child_process:292:12)
2024-05-06 20:38:04.547 [error] Error: Git error
	at ChildProcess.<anonymous> (/usr/share/code/resources/app/extensions/git/dist/main.js:2:1023469)
	at ChildProcess.emit (node:events:529:35)
	at ChildProcess._handle.onexit (node:internal/child_process:292:12)
2024-05-06 20:38:04.547 [error] Error: Git error
	at ChildProcess.<anonymous> (/usr/share/code/resources/app/extensions/git/dist/main.js:2:1023469)
	at ChildProcess.emit (node:events:529:35)
	at ChildProcess._handle.onexit (node:internal/child_process:292:12)
2024-05-06 20:38:04.547 [error] Error: Git error
	at ChildProcess.<anonymous> (/usr/share/code/resources/app/extensions/git/dist/main.js:2:1023469)
	at ChildProcess.emit (node:events:529:35)
	at ChildProcess._handle.onexit (node:internal/child_process:292:12)
2024-05-06 20:38:04.547 [error] Error: Git error
	at ChildProcess.<anonymous> (/usr/share/code/resources/app/extensions/git/dist/main.js:2:1023469)
	at ChildProcess.emit (node:events:529:35)
	at ChildProcess._handle.onexit (node:internal/child_process:292:12)
2024-05-06 20:38:04.547 [error] Error: Git error
	at ChildProcess.<anonymous> (/usr/share/code/resources/app/extensions/git/dist/main.js:2:1023469)
	at ChildProcess.emit (node:events:529:35)
	at ChildProcess._handle.onexit (node:internal/child_process:292:12)
2024-05-06 20:38:04.547 [error] Error: Git error
	at ChildProcess.<anonymous> (/usr/share/code/resources/app/extensions/git/dist/main.js:2:1023469)
	at ChildProcess.emit (node:events:529:35)
	at ChildProcess._handle.onexit (node:internal/child_process:292:12)
2024-05-06 20:38:04.547 [error] Error: Git error
	at ChildProcess.<anonymous> (/usr/share/code/resources/app/extensions/git/dist/main.js:2:1023469)
	at ChildProcess.emit (node:events:529:35)
	at ChildProcess._handle.onexit (node:internal/child_process:292:12)
2024-05-06 20:38:04.547 [error] Error: Git error
	at ChildProcess.<anonymous> (/usr/share/code/resources/app/extensions/git/dist/main.js:2:1023469)
	at ChildProcess.emit (node:events:529:35)
	at ChildProcess._handle.onexit (node:internal/child_process:292:12)
2024-05-06 20:38:04.547 [error] Error: Git error
	at ChildProcess.<anonymous> (/usr/share/code/resources/app/extensions/git/dist/main.js:2:1023469)
	at ChildProcess.emit (node:events:529:35)
	at ChildProcess._handle.onexit (node:internal/child_process:292:12)
2024-05-06 20:38:04.547 [error] Error: Git error
	at ChildProcess.<anonymous> (/usr/share/code/resources/app/extensions/git/dist/main.js:2:1023469)
	at ChildProcess.emit (node:events:529:35)
	at ChildProcess._handle.onexit (node:internal/child_process:292:12)
2024-05-06 20:38:04.547 [error] Error: Git error
	at ChildProcess.<anonymous> (/usr/share/code/resources/app/extensions/git/dist/main.js:2:1023469)
	at ChildProcess.emit (node:events:529:35)
	at ChildProcess._handle.onexit (node:internal/child_process:292:12)
2024-05-06 20:38:04.547 [error] Error: Git error
	at ChildProcess.<anonymous> (/usr/share/code/resources/app/extensions/git/dist/main.js:2:1023469)
	at ChildProcess.emit (node:events:529:35)
	at ChildProcess._handle.onexit (node:internal/child_process:292:12)
2024-05-06 20:38:04.547 [error] Error: Git error
	at ChildProcess.<anonymous> (/usr/share/code/resources/app/extensions/git/dist/main.js:2:1023469)
	at ChildProcess.emit (node:events:529:35)
	at ChildProcess._handle.onexit (node:internal/child_process:292:12)
2024-05-06 20:38:04.547 [error] Error: Git error
	at ChildProcess.<anonymous> (/usr/share/code/resources/app/extensions/git/dist/main.js:2:1023469)
	at ChildProcess.emit (node:events:529:35)
	at ChildProcess._handle.onexit (node:internal/child_process:292:12)
2024-05-06 20:38:04.547 [error] Error: Git error
	at ChildProcess.<anonymous> (/usr/share/code/resources/app/extensions/git/dist/main.js:2:1023469)
	at ChildProcess.emit (node:events:529:35)
	at ChildProcess._handle.onexit (node:internal/child_process:292:12)
2024-05-06 20:38:04.547 [error] Error: Git error
	at ChildProcess.<anonymous> (/usr/share/code/resources/app/extensions/git/dist/main.js:2:1023469)
	at ChildProcess.emit (node:events:529:35)
	at ChildProcess._handle.onexit (node:internal/child_process:292:12)
2024-05-06 20:38:04.547 [error] Error: Git error
	at ChildProcess.<anonymous> (/usr/share/code/resources/app/extensions/git/dist/main.js:2:1023469)
	at ChildProcess.emit (node:events:529:35)
	at ChildProcess._handle.onexit (node:internal/child_process:292:12)
2024-05-06 20:38:04.547 [error] Error: Git error
	at ChildProcess.<anonymous> (/usr/share/code/resources/app/extensions/git/dist/main.js:2:1023469)
	at ChildProcess.emit (node:events:529:35)
	at ChildProcess._handle.onexit (node:internal/child_process:292:12)
2024-05-06 20:38:04.547 [error] Error: Git error
	at ChildProcess.<anonymous> (/usr/share/code/resources/app/extensions/git/dist/main.js:2:1023469)
	at ChildProcess.emit (node:events:529:35)
	at ChildProcess._handle.onexit (node:internal/child_process:292:12)
2024-05-06 20:38:04.547 [error] Error: Git error
	at ChildProcess.<anonymous> (/usr/share/code/resources/app/extensions/git/dist/main.js:2:1023469)
	at ChildProcess.emit (node:events:529:35)
	at ChildProcess._handle.onexit (node:internal/child_process:292:12)
2024-05-06 20:38:04.547 [error] Error: Git error
	at ChildProcess.<anonymous> (/usr/share/code/resources/app/extensions/git/dist/main.js:2:1023469)
	at ChildProcess.emit (node:events:529:35)
	at ChildProcess._handle.onexit (node:internal/child_process:292:12)
2024-05-06 20:38:04.547 [error] Error: Git error
	at ChildProcess.<anonymous> (/usr/share/code/resources/app/extensions/git/dist/main.js:2:1023469)
	at ChildProcess.emit (node:events:529:35)
	at ChildProcess._handle.onexit (node:internal/child_process:292:12)
2024-05-06 20:38:04.547 [error] Error: Git error
	at ChildProcess.<anonymous> (/usr/share/code/resources/app/extensions/git/dist/main.js:2:1023469)
	at ChildProcess.emit (node:events:529:35)
	at ChildProcess._handle.onexit (node:internal/child_process:292:12)
2024-05-06 20:38:04.547 [error] Error: Git error
	at ChildProcess.<anonymous> (/usr/share/code/resources/app/extensions/git/dist/main.js:2:1023469)
	at ChildProcess.emit (node:events:529:35)
	at ChildProcess._handle.onexit (node:internal/child_process:292:12)
2024-05-06 20:38:04.547 [error] Error: Git error
	at ChildProcess.<anonymous> (/usr/share/code/resources/app/extensions/git/dist/main.js:2:1023469)
	at ChildProcess.emit (node:events:529:35)
	at ChildProcess._handle.onexit (node:internal/child_process:292:12)
2024-05-06 20:38:04.547 [error] Error: Git error
	at ChildProcess.<anonymous> (/usr/share/code/resources/app/extensions/git/dist/main.js:2:1023469)
	at ChildProcess.emit (node:events:529:35)
	at ChildProcess._handle.onexit (node:internal/child_process:292:12)
2024-05-06 20:38:04.547 [error] Error: Git error
	at ChildProcess.<anonymous> (/usr/share/code/resources/app/extensions/git/dist/main.js:2:1023469)
	at ChildProcess.emit (node:events:529:35)
	at ChildProcess._handle.onexit (node:internal/child_process:292:12)
2024-05-06 20:38:04.547 [error] Error: Git error
	at ChildProcess.<anonymous> (/usr/share/code/resources/app/extensions/git/dist/main.js:2:1023469)
	at ChildProcess.emit (node:events:529:35)
	at ChildProcess._handle.onexit (node:internal/child_process:292:12)
2024-05-06 20:38:05.548 [error] Error: Git error
	at ChildProcess.<anonymous> (/usr/share/code/resources/app/extensions/git/dist/main.js:2:1023469)
	at ChildProcess.emit (node:events:529:35)
	at ChildProcess._handle.onexit (node:internal/child_process:292:12)
2024-05-06 20:38:05.549 [error] Error: Git error
	at ChildProcess.<anonymous> (/usr/share/code/resources/app/extensions/git/dist/main.js:2:1023469)
	at ChildProcess.emit (node:events:529:35)
	at ChildProcess._handle.onexit (node:internal/child_process:292:12)
2024-05-06 20:38:05.550 [error] Error: Git error
	at ChildProcess.<anonymous> (/usr/share/code/resources/app/extensions/git/dist/main.js:2:1023469)
	at ChildProcess.emit (node:events:529:35)
	at ChildProcess._handle.onexit (node:internal/child_process:292:12)
2024-05-06 20:38:05.550 [error] Error: Git error
	at ChildProcess.<anonymous> (/usr/share/code/resources/app/extensions/git/dist/main.js:2:1023469)
	at ChildProcess.emit (node:events:529:35)
	at ChildProcess._handle.onexit (node:internal/child_process:292:12)
2024-05-06 20:38:05.551 [error] Error: Git error
	at ChildProcess.<anonymous> (/usr/share/code/resources/app/extensions/git/dist/main.js:2:1023469)
	at ChildProcess.emit (node:events:529:35)
	at ChildProcess._handle.onexit (node:internal/child_process:292:12)
2024-05-06 20:38:05.551 [error] Error: Git error
	at ChildProcess.<anonymous> (/usr/share/code/resources/app/extensions/git/dist/main.js:2:1023469)
	at ChildProcess.emit (node:events:529:35)
	at ChildProcess._handle.onexit (node:internal/child_process:292:12)
2024-05-06 20:38:05.552 [error] Error: Git error
	at ChildProcess.<anonymous> (/usr/share/code/resources/app/extensions/git/dist/main.js:2:1023469)
	at ChildProcess.emit (node:events:529:35)
	at ChildProcess._handle.onexit (node:internal/child_process:292:12)
2024-05-06 20:38:05.552 [error] Error: Git error
	at ChildProcess.<anonymous> (/usr/share/code/resources/app/extensions/git/dist/main.js:2:1023469)
	at ChildProcess.emit (node:events:529:35)
	at ChildProcess._handle.onexit (node:internal/child_process:292:12)
2024-05-06 20:38:05.553 [error] Error: Git error
	at ChildProcess.<anonymous> (/usr/share/code/resources/app/extensions/git/dist/main.js:2:1023469)
	at ChildProcess.emit (node:events:529:35)
	at ChildProcess._handle.onexit (node:internal/child_process:292:12)
2024-05-06 20:38:05.554 [error] Error: Git error
	at ChildProcess.<anonymous> (/usr/share/code/resources/app/extensions/git/dist/main.js:2:1023469)
	at ChildProcess.emit (node:events:529:35)
	at ChildProcess._handle.onexit (node:internal/child_process:292:12)
2024-05-06 20:38:05.554 [error] Error: Git error
	at ChildProcess.<anonymous> (/usr/share/code/resources/app/extensions/git/dist/main.js:2:1023469)
	at ChildProcess.emit (node:events:529:35)
	at ChildProcess._handle.onexit (node:internal/child_process:292:12)
2024-05-06 20:38:05.555 [error] Error: Git error
	at ChildProcess.<anonymous> (/usr/share/code/resources/app/extensions/git/dist/main.js:2:1023469)
	at ChildProcess.emit (node:events:529:35)
	at ChildProcess._handle.onexit (node:internal/child_process:292:12)
2024-05-06 20:38:05.555 [error] Error: Git error
	at ChildProcess.<anonymous> (/usr/share/code/resources/app/extensions/git/dist/main.js:2:1023469)
	at ChildProcess.emit (node:events:529:35)
	at ChildProcess._handle.onexit (node:internal/child_process:292:12)
2024-05-06 20:38:05.556 [error] Error: Git error
	at ChildProcess.<anonymous> (/usr/share/code/resources/app/extensions/git/dist/main.js:2:1023469)
	at ChildProcess.emit (node:events:529:35)
	at ChildProcess._handle.onexit (node:internal/child_process:292:12)
2024-05-06 20:38:05.556 [error] Error: Git error
	at ChildProcess.<anonymous> (/usr/share/code/resources/app/extensions/git/dist/main.js:2:1023469)
	at ChildProcess.emit (node:events:529:35)
	at ChildProcess._handle.onexit (node:internal/child_process:292:12)
2024-05-06 20:38:05.557 [error] Error: Git error
	at ChildProcess.<anonymous> (/usr/share/code/resources/app/extensions/git/dist/main.js:2:1023469)
	at ChildProcess.emit (node:events:529:35)
	at ChildProcess._handle.onexit (node:internal/child_process:292:12)
2024-05-06 20:38:05.557 [error] Error: Git error
	at ChildProcess.<anonymous> (/usr/share/code/resources/app/extensions/git/dist/main.js:2:1023469)
	at ChildProcess.emit (node:events:529:35)
	at ChildProcess._handle.onexit (node:internal/child_process:292:12)
2024-05-06 20:38:05.558 [error] Error: Git error
	at ChildProcess.<anonymous> (/usr/share/code/resources/app/extensions/git/dist/main.js:2:1023469)
	at ChildProcess.emit (node:events:529:35)
	at ChildProcess._handle.onexit (node:internal/child_process:292:12)
2024-05-06 20:38:05.558 [error] Error: Git error
	at ChildProcess.<anonymous> (/usr/share/code/resources/app/extensions/git/dist/main.js:2:1023469)
	at ChildProcess.emit (node:events:529:35)
	at ChildProcess._handle.onexit (node:internal/child_process:292:12)
2024-05-06 20:38:05.559 [error] Error: Git error
	at ChildProcess.<anonymous> (/usr/share/code/resources/app/extensions/git/dist/main.js:2:1023469)
	at ChildProcess.emit (node:events:529:35)
	at ChildProcess._handle.onexit (node:internal/child_process:292:12)
2024-05-06 20:38:05.559 [error] Error: Git error
	at ChildProcess.<anonymous> (/usr/share/code/resources/app/extensions/git/dist/main.js:2:1023469)
	at ChildProcess.emit (node:events:529:35)
	at ChildProcess._handle.onexit (node:internal/child_process:292:12)
2024-05-06 20:38:05.560 [error] Error: Git error
	at ChildProcess.<anonymous> (/usr/share/code/resources/app/extensions/git/dist/main.js:2:1023469)
	at ChildProcess.emit (node:events:529:35)
	at ChildProcess._handle.onexit (node:internal/child_process:292:12)
2024-05-06 20:38:05.560 [error] Error: Git error
	at ChildProcess.<anonymous> (/usr/share/code/resources/app/extensions/git/dist/main.js:2:1023469)
	at ChildProcess.emit (node:events:529:35)
	at ChildProcess._handle.onexit (node:internal/child_process:292:12)
2024-05-06 20:38:05.561 [error] Error: Git error
	at ChildProcess.<anonymous> (/usr/share/code/resources/app/extensions/git/dist/main.js:2:1023469)
	at ChildProcess.emit (node:events:529:35)
	at ChildProcess._handle.onexit (node:internal/child_process:292:12)
2024-05-06 20:38:05.561 [error] Error: Git error
	at ChildProcess.<anonymous> (/usr/share/code/resources/app/extensions/git/dist/main.js:2:1023469)
	at ChildProcess.emit (node:events:529:35)
	at ChildProcess._handle.onexit (node:internal/child_process:292:12)
2024-05-06 20:38:05.562 [error] Error: Git error
	at ChildProcess.<anonymous> (/usr/share/code/resources/app/extensions/git/dist/main.js:2:1023469)
	at ChildProcess.emit (node:events:529:35)
	at ChildProcess._handle.onexit (node:internal/child_process:292:12)
2024-05-06 20:38:05.562 [error] Error: Git error
	at ChildProcess.<anonymous> (/usr/share/code/resources/app/extensions/git/dist/main.js:2:1023469)
	at ChildProcess.emit (node:events:529:35)
	at ChildProcess._handle.onexit (node:internal/child_process:292:12)
2024-05-06 20:38:05.562 [error] Error: Git error
	at ChildProcess.<anonymous> (/usr/share/code/resources/app/extensions/git/dist/main.js:2:1023469)
	at ChildProcess.emit (node:events:529:35)
	at ChildProcess._handle.onexit (node:internal/child_process:292:12)
2024-05-06 20:38:05.563 [error] Error: Git error
	at ChildProcess.<anonymous> (/usr/share/code/resources/app/extensions/git/dist/main.js:2:1023469)
	at ChildProcess.emit (node:events:529:35)
	at ChildProcess._handle.onexit (node:internal/child_process:292:12)
2024-05-06 20:38:05.563 [error] Error: Git error
	at ChildProcess.<anonymous> (/usr/share/code/resources/app/extensions/git/dist/main.js:2:1023469)
	at ChildProcess.emit (node:events:529:35)
	at ChildProcess._handle.onexit (node:internal/child_process:292:12)
2024-05-06 20:38:05.563 [error] Error: Git error
	at ChildProcess.<anonymous> (/usr/share/code/resources/app/extensions/git/dist/main.js:2:1023469)
	at ChildProcess.emit (node:events:529:35)
	at ChildProcess._handle.onexit (node:internal/child_process:292:12)
2024-05-06 20:38:05.563 [error] Error: Git error
	at ChildProcess.<anonymous> (/usr/share/code/resources/app/extensions/git/dist/main.js:2:1023469)
	at ChildProcess.emit (node:events:529:35)
	at ChildProcess._handle.onexit (node:internal/child_process:292:12)
2024-05-06 20:38:05.564 [error] Error: Git error
	at ChildProcess.<anonymous> (/usr/share/code/resources/app/extensions/git/dist/main.js:2:1023469)
	at ChildProcess.emit (node:events:529:35)
	at ChildProcess._handle.onexit (node:internal/child_process:292:12)
2024-05-06 20:38:05.564 [error] Error: Git error
	at ChildProcess.<anonymous> (/usr/share/code/resources/app/extensions/git/dist/main.js:2:1023469)
	at ChildProcess.emit (node:events:529:35)
	at ChildProcess._handle.onexit (node:internal/child_process:292:12)
2024-05-06 20:38:05.564 [error] Error: Git error
	at ChildProcess.<anonymous> (/usr/share/code/resources/app/extensions/git/dist/main.js:2:1023469)
	at ChildProcess.emit (node:events:529:35)
	at ChildProcess._handle.onexit (node:internal/child_process:292:12)
2024-05-06 20:39:11.148 [warning] TextEditor is closed/disposed
2024-05-06 20:39:11.236 [info] ExtensionService#_doActivateExtension vscode.extension-editing, startup: false, activationEvent: 'onLanguage:json'
2024-05-06 20:39:11.237 [info] ExtensionService#_doActivateExtension vscode.json-language-features, startup: false, activationEvent: 'onLanguage:json'
2024-05-06 20:39:11.237 [info] ExtensionService#_doActivateExtension vscode.npm, startup: false, activationEvent: 'onLanguage:json'
2024-05-06 20:39:19.444 [warning] TextEditor is closed/disposed
2024-05-06 20:39:30.384 [warning] TextEditor is closed/disposed
2024-05-06 20:39:31.407 [error] [llvm-vs-code-extensions.vscode-clangd] provider FAILED
2024-05-06 20:39:31.407 [error] {"a":true,"b":null}
2024-05-06 20:39:47.319 [warning] TextEditor is closed/disposed
2024-05-06 20:39:49.022 [warning] TextEditor is closed/disposed
2024-05-06 20:39:53.172 [warning] TextEditor is closed/disposed
2024-05-06 20:39:54.298 [error] [llvm-vs-code-extensions.vscode-clangd] provider FAILED
2024-05-06 20:39:54.298 [error] {"a":true,"b":null}
2024-05-06 20:39:54.301 [error] [llvm-vs-code-extensions.vscode-clangd] provider FAILED
2024-05-06 20:39:54.302 [error] Error: Request cancelled
	at handleResponse (/home/louis/.vscode/extensions/llvm-vs-code-extensions.vscode-clangd-0.1.28/out/bundle.js:4:229)
	at processMessageQueue (/home/louis/.vscode/extensions/llvm-vs-code-extensions.vscode-clangd-0.1.28/out/bundle.js:3:7440)
	at Immediate.<anonymous> (/home/louis/.vscode/extensions/llvm-vs-code-extensions.vscode-clangd-0.1.28/out/bundle.js:3:7260)
	at process.processImmediate (node:internal/timers:476:21)
2024-05-06 20:39:58.828 [warning] TextEditor is closed/disposed
2024-05-06 20:40:02.336 [warning] TextEditor is closed/disposed
2024-05-06 20:40:02.904 [warning] TextEditor is closed/disposed
2024-05-06 20:42:33.800 [warning] TextEditor is closed/disposed
2024-05-06 20:43:04.684 [warning] TextEditor is closed/disposed
2024-05-06 20:43:34.176 [warning] TextEditor is closed/disposed
2024-05-06 20:43:37.895 [warning] TextEditor is closed/disposed
2024-05-06 20:43:39.485 [warning] TextEditor is closed/disposed
2024-05-06 20:43:40.109 [warning] TextEditor is closed/disposed
2024-05-06 20:43:48.096 [warning] TextEditor is closed/disposed
2024-05-06 20:43:49.026 [warning] TextEditor is closed/disposed
2024-05-06 20:45:59.584 [error] [llvm-vs-code-extensions.vscode-clangd] provider FAILED
2024-05-06 20:45:59.584 [error] {"a":true,"b":null}
2024-05-06 20:49:16.025 [warning] TextEditor is closed/disposed
2024-05-06 20:49:21.902 [warning] TextEditor is closed/disposed
2024-05-06 20:50:36.267 [error] Error: Git error
	at ChildProcess.<anonymous> (/usr/share/code/resources/app/extensions/git/dist/main.js:2:1023548)
	at ChildProcess.emit (node:events:529:35)
	at ChildProcess._handle.onexit (node:internal/child_process:292:12)
2024-05-06 20:50:37.268 [error] Error: Git error
	at ChildProcess.<anonymous> (/usr/share/code/resources/app/extensions/git/dist/main.js:2:1023548)
	at ChildProcess.emit (node:events:529:35)
	at ChildProcess._handle.onexit (node:internal/child_process:292:12)
2024-05-06 20:51:23.807 [warning] TextEditor is closed/disposed
2024-05-06 20:51:55.477 [warning] TextEditor is closed/disposed
2024-05-06 20:52:30.398 [warning] TextEditor is closed/disposed
2024-05-06 20:52:37.623 [warning] TextEditor is closed/disposed
2024-05-06 20:52:37.668 [error] [llvm-vs-code-extensions.vscode-clangd] provider FAILED
2024-05-06 20:52:37.668 [error] {"a":true,"b":null}
2024-05-06 20:54:45.605 [warning] TextEditor is closed/disposed
2024-05-06 20:55:22.144 [warning] TextEditor is closed/disposed
2024-05-06 20:55:38.851 [warning] TextEditor is closed/disposed
2024-05-06 20:57:13.507 [warning] TextEditor is closed/disposed
2024-05-06 20:57:24.279 [warning] TextEditor is closed/disposed
2024-05-06 20:57:30.179 [warning] TextEditor is closed/disposed
2024-05-06 20:57:36.846 [warning] TextEditor is closed/disposed
2024-05-06 20:57:50.045 [warning] TextEditor is closed/disposed
2024-05-06 20:58:55.186 [warning] TextEditor is closed/disposed
2024-05-06 21:00:32.451 [warning] TextEditor is closed/disposed
2024-05-06 21:00:33.468 [warning] TextEditor is closed/disposed
2024-05-06 21:00:50.372 [warning] TextEditor is closed/disposed
2024-05-06 21:01:52.158 [warning] TextEditor is closed/disposed
2024-05-06 21:01:54.739 [warning] TextEditor is closed/disposed
2024-05-06 21:01:59.508 [warning] TextEditor is closed/disposed
2024-05-06 21:02:01.991 [warning] TextEditor is closed/disposed
2024-05-06 21:24:16.712 [warning] TextEditor is closed/disposed
2024-05-06 21:24:19.567 [warning] TextEditor is closed/disposed
2024-05-06 21:24:21.402 [warning] TextEditor is closed/disposed
2024-05-06 21:24:58.717 [warning] TextEditor is closed/disposed
2024-05-06 21:26:11.354 [error] Error: Git error
	at ChildProcess.<anonymous> (/usr/share/code/resources/app/extensions/git/dist/main.js:2:1023548)
	at ChildProcess.emit (node:events:529:35)
	at ChildProcess._handle.onexit (node:internal/child_process:292:12)
2024-05-06 21:26:11.354 [error] Error: Git error
	at ChildProcess.<anonymous> (/usr/share/code/resources/app/extensions/git/dist/main.js:2:1023548)
	at ChildProcess.emit (node:events:529:35)
	at ChildProcess._handle.onexit (node:internal/child_process:292:12)
2024-05-06 21:26:11.354 [error] Error: Git error
	at ChildProcess.<anonymous> (/usr/share/code/resources/app/extensions/git/dist/main.js:2:1023548)
	at ChildProcess.emit (node:events:529:35)
	at ChildProcess._handle.onexit (node:internal/child_process:292:12)
2024-05-06 21:26:12.354 [error] Error: Git error
	at ChildProcess.<anonymous> (/usr/share/code/resources/app/extensions/git/dist/main.js:2:1023548)
	at ChildProcess.emit (node:events:529:35)
	at ChildProcess._handle.onexit (node:internal/child_process:292:12)
2024-05-06 21:26:12.356 [error] Error: Git error
	at ChildProcess.<anonymous> (/usr/share/code/resources/app/extensions/git/dist/main.js:2:1023548)
	at ChildProcess.emit (node:events:529:35)
	at ChildProcess._handle.onexit (node:internal/child_process:292:12)
2024-05-06 21:26:12.357 [error] Error: Git error
	at ChildProcess.<anonymous> (/usr/share/code/resources/app/extensions/git/dist/main.js:2:1023548)
	at ChildProcess.emit (node:events:529:35)
	at ChildProcess._handle.onexit (node:internal/child_process:292:12)
2024-05-06 21:26:12.939 [warning] TextEditor is closed/disposed
2024-05-06 21:26:25.938 [warning] TextEditor is closed/disposed
2024-05-06 21:26:55.237 [warning] TextEditor is closed/disposed
2024-05-06 21:26:57.329 [warning] TextEditor is closed/disposed
2024-05-06 21:26:58.561 [warning] TextEditor is closed/disposed
2024-05-06 21:28:29.615 [warning] TextEditor is closed/disposed
2024-05-06 21:28:31.570 [warning] TextEditor is closed/disposed
2024-05-06 21:28:38.907 [warning] TextEditor is closed/disposed
2024-05-06 21:28:50.389 [warning] TextEditor is closed/disposed
2024-05-06 21:28:54.203 [warning] TextEditor is closed/disposed
2024-05-06 21:28:58.196 [warning] TextEditor is closed/disposed
2024-05-06 21:29:01.395 [error] Error: Git error
	at ChildProcess.<anonymous> (/usr/share/code/resources/app/extensions/git/dist/main.js:2:1023548)
	at ChildProcess.emit (node:events:529:35)
	at ChildProcess._handle.onexit (node:internal/child_process:292:12)
2024-05-06 21:29:01.395 [error] Error: Git error
	at ChildProcess.<anonymous> (/usr/share/code/resources/app/extensions/git/dist/main.js:2:1023548)
	at ChildProcess.emit (node:events:529:35)
	at ChildProcess._handle.onexit (node:internal/child_process:292:12)
2024-05-06 21:29:01.395 [error] Error: Git error
	at ChildProcess.<anonymous> (/usr/share/code/resources/app/extensions/git/dist/main.js:2:1023548)
	at ChildProcess.emit (node:events:529:35)
	at ChildProcess._handle.onexit (node:internal/child_process:292:12)
2024-05-06 21:29:01.395 [error] Error: Git error
	at ChildProcess.<anonymous> (/usr/share/code/resources/app/extensions/git/dist/main.js:2:1023548)
	at ChildProcess.emit (node:events:529:35)
	at ChildProcess._handle.onexit (node:internal/child_process:292:12)
2024-05-06 21:29:02.396 [error] Error: Git error
	at ChildProcess.<anonymous> (/usr/share/code/resources/app/extensions/git/dist/main.js:2:1023548)
	at ChildProcess.emit (node:events:529:35)
	at ChildProcess._handle.onexit (node:internal/child_process:292:12)
2024-05-06 21:29:02.397 [error] Error: Git error
	at ChildProcess.<anonymous> (/usr/share/code/resources/app/extensions/git/dist/main.js:2:1023548)
	at ChildProcess.emit (node:events:529:35)
	at ChildProcess._handle.onexit (node:internal/child_process:292:12)
2024-05-06 21:29:02.398 [error] Error: Git error
	at ChildProcess.<anonymous> (/usr/share/code/resources/app/extensions/git/dist/main.js:2:1023548)
	at ChildProcess.emit (node:events:529:35)
	at ChildProcess._handle.onexit (node:internal/child_process:292:12)
2024-05-06 21:29:02.398 [error] Error: Git error
	at ChildProcess.<anonymous> (/usr/share/code/resources/app/extensions/git/dist/main.js:2:1023548)
	at ChildProcess.emit (node:events:529:35)
	at ChildProcess._handle.onexit (node:internal/child_process:292:12)
2024-05-06 21:29:04.075 [warning] TextEditor is closed/disposed
2024-05-06 21:29:13.006 [warning] TextEditor is closed/disposed
2024-05-06 21:29:14.848 [warning] TextEditor is closed/disposed
2024-05-06 21:29:16.317 [warning] TextEditor is closed/disposed
2024-05-06 21:31:19.629 [warning] TextEditor is closed/disposed
2024-05-06 21:31:19.708 [info] ExtensionService#_doActivateExtension vscode.html-language-features, startup: false, activationEvent: 'onLanguage:html'
2024-05-06 21:36:48.239 [info] ExtensionService#_doActivateExtension vscode.php-language-features, startup: false, activationEvent: 'onLanguage:php'
2024-05-06 21:42:33.913 [warning] TextEditor is closed/disposed
2024-05-06 21:42:51.080 [warning] TextEditor is closed/disposed
2024-05-06 21:43:08.056 [warning] TextEditor is closed/disposed
2024-05-06 21:43:18.793 [warning] TextEditor is closed/disposed
2024-05-06 21:43:27.383 [warning] TextEditor is closed/disposed
2024-05-06 21:43:31.786 [warning] TextEditor is closed/disposed
2024-05-06 21:43:34.338 [warning] TextEditor is closed/disposed
2024-05-06 21:43:35.167 [error] [llvm-vs-code-extensions.vscode-clangd] provider FAILED
2024-05-06 21:43:35.167 [error] {"a":true,"b":null}
2024-05-06 21:43:35.169 [error] [llvm-vs-code-extensions.vscode-clangd] provider FAILED
2024-05-06 21:43:35.169 [error] Error: Request cancelled
	at handleResponse (/home/louis/.vscode/extensions/llvm-vs-code-extensions.vscode-clangd-0.1.28/out/bundle.js:4:229)
	at processMessageQueue (/home/louis/.vscode/extensions/llvm-vs-code-extensions.vscode-clangd-0.1.28/out/bundle.js:3:7440)
	at Immediate.<anonymous> (/home/louis/.vscode/extensions/llvm-vs-code-extensions.vscode-clangd-0.1.28/out/bundle.js:3:7260)
	at process.processImmediate (node:internal/timers:476:21)
2024-05-06 21:43:35.169 [error] [llvm-vs-code-extensions.vscode-clangd] provider FAILED
2024-05-06 21:43:35.169 [error] {"a":true,"b":null}
2024-05-06 21:43:35.170 [error] [llvm-vs-code-extensions.vscode-clangd] provider FAILED
2024-05-06 21:43:35.170 [error] {"a":true,"b":null}
2024-05-06 21:43:46.672 [warning] TextEditor is closed/disposed
2024-05-06 21:46:40.164 [warning] TextEditor is closed/disposed
2024-05-06 21:49:21.423 [warning] TextEditor is closed/disposed
2024-05-06 21:50:18.708 [info] Extension host terminating: renderer closed the MessagePort
2024-05-06 21:50:18.782 [warning] Canceled
2024-05-06 21:50:18.786 [error] Canceled: Canceled
	at new O (/usr/share/code/resources/app/out/vs/workbench/api/node/extensionHostProcess.js:142:46998)
	at u.U (/usr/share/code/resources/app/out/vs/workbench/api/node/extensionHostProcess.js:149:5539)
	at F.<computed>.T.charCodeAt.F.<computed> (/usr/share/code/resources/app/out/vs/workbench/api/node/extensionHostProcess.js:149:2993)
	at d.g (/usr/share/code/resources/app/out/vs/workbench/api/node/extensionHostProcess.js:152:186335)
	at d.executeCommand (/usr/share/code/resources/app/out/vs/workbench/api/node/extensionHostProcess.js:152:185773)
	at E.registerCommand.description (/usr/share/code/resources/app/out/vs/workbench/api/node/extensionHostProcess.js:152:185097)
	at d.h (/usr/share/code/resources/app/out/vs/workbench/api/node/extensionHostProcess.js:152:186874)
	at d.g (/usr/share/code/resources/app/out/vs/workbench/api/node/extensionHostProcess.js:152:185866)
	at d.executeCommand (/usr/share/code/resources/app/out/vs/workbench/api/node/extensionHostProcess.js:152:185773)
	at Object.executeCommand (/usr/share/code/resources/app/out/vs/workbench/api/node/extensionHostProcess.js:162:22785)
	at o.O [as value] (/usr/share/code/resources/app/extensions/git/dist/main.js:2:945802)
	at s.y (/usr/share/code/resources/app/out/vs/workbench/api/node/extensionHostProcess.js:82:659)
	at s.z (/usr/share/code/resources/app/out/vs/workbench/api/node/extensionHostProcess.js:82:729)
	at s.fire (/usr/share/code/resources/app/out/vs/workbench/api/node/extensionHostProcess.js:82:945)
	at Object.m [as dispose] (/usr/share/code/resources/app/extensions/git/dist/main.js:2:964886)
	at /usr/share/code/resources/app/extensions/git/dist/main.js:2:970920
	at Array.forEach (<anonymous>)
	at f.dispose (/usr/share/code/resources/app/extensions/git/dist/main.js:2:970906)
	at a.<anonymous> (/usr/share/code/resources/app/out/vs/workbench/api/node/extensionHostProcess.js:150:3830)
	at a.dispose (/usr/share/code/resources/app/out/vs/workbench/api/node/extensionHostProcess.js:150:3927)
	at a.<anonymous> (/usr/share/code/resources/app/extensions/git/dist/main.js:2:948059)
	at a.dispose (/usr/share/code/resources/app/out/vs/workbench/api/node/extensionHostProcess.js:150:3927)
	at o (/usr/share/code/resources/app/out/vs/workbench/api/node/extensionHostProcess.js:30:714)
	at m.eb (/usr/share/code/resources/app/out/vs/workbench/api/node/extensionHostProcess.js:158:9967)
	at /usr/share/code/resources/app/out/vs/workbench/api/node/extensionHostProcess.js:158:7816
	at Array.map (<anonymous>)
	at m.$ (/usr/share/code/resources/app/out/vs/workbench/api/node/extensionHostProcess.js:158:7803)
	at m.terminate (/usr/share/code/resources/app/out/vs/workbench/api/node/extensionHostProcess.js:158:8077)
	at o.terminate (/usr/share/code/resources/app/out/vs/workbench/api/node/extensionHostProcess.js:162:1513)
	at t (/usr/share/code/resources/app/out/vs/workbench/api/node/extensionHostProcess.js:175:9917)
	at MessagePortMain.<anonymous> (/usr/share/code/resources/app/out/vs/workbench/api/node/extensionHostProcess.js:175:6342)
	at MessagePortMain.emit (node:events:517:28)
	at MessagePortMain._internalPort.emit (node:electron/js2c/utility_init:2:2285) setContext undefined
2024-05-06 21:50:18.787 [error] Canceled: Canceled
	at new O (/usr/share/code/resources/app/out/vs/workbench/api/node/extensionHostProcess.js:142:46998)
	at u.U (/usr/share/code/resources/app/out/vs/workbench/api/node/extensionHostProcess.js:149:5539)
	at F.<computed>.T.charCodeAt.F.<computed> (/usr/share/code/resources/app/out/vs/workbench/api/node/extensionHostProcess.js:149:2993)
	at d.g (/usr/share/code/resources/app/out/vs/workbench/api/node/extensionHostProcess.js:152:186335)
	at d.executeCommand (/usr/share/code/resources/app/out/vs/workbench/api/node/extensionHostProcess.js:152:185773)
	at E.registerCommand.description (/usr/share/code/resources/app/out/vs/workbench/api/node/extensionHostProcess.js:152:185097)
	at d.h (/usr/share/code/resources/app/out/vs/workbench/api/node/extensionHostProcess.js:152:186874)
	at d.g (/usr/share/code/resources/app/out/vs/workbench/api/node/extensionHostProcess.js:152:185866)
	at d.executeCommand (/usr/share/code/resources/app/out/vs/workbench/api/node/extensionHostProcess.js:152:185773)
	at Object.executeCommand (/usr/share/code/resources/app/out/vs/workbench/api/node/extensionHostProcess.js:162:22785)
	at o.O [as value] (/usr/share/code/resources/app/extensions/git/dist/main.js:2:945802)
	at s.y (/usr/share/code/resources/app/out/vs/workbench/api/node/extensionHostProcess.js:82:659)
	at s.z (/usr/share/code/resources/app/out/vs/workbench/api/node/extensionHostProcess.js:82:729)
	at s.fire (/usr/share/code/resources/app/out/vs/workbench/api/node/extensionHostProcess.js:82:945)
	at Object.m [as dispose] (/usr/share/code/resources/app/extensions/git/dist/main.js:2:964886)
	at /usr/share/code/resources/app/extensions/git/dist/main.js:2:970920
	at Array.forEach (<anonymous>)
	at f.dispose (/usr/share/code/resources/app/extensions/git/dist/main.js:2:970906)
	at a.<anonymous> (/usr/share/code/resources/app/out/vs/workbench/api/node/extensionHostProcess.js:150:3830)
	at a.dispose (/usr/share/code/resources/app/out/vs/workbench/api/node/extensionHostProcess.js:150:3927)
	at a.<anonymous> (/usr/share/code/resources/app/extensions/git/dist/main.js:2:948059)
	at a.dispose (/usr/share/code/resources/app/out/vs/workbench/api/node/extensionHostProcess.js:150:3927)
	at o (/usr/share/code/resources/app/out/vs/workbench/api/node/extensionHostProcess.js:30:714)
	at m.eb (/usr/share/code/resources/app/out/vs/workbench/api/node/extensionHostProcess.js:158:9967)
	at /usr/share/code/resources/app/out/vs/workbench/api/node/extensionHostProcess.js:158:7816
	at Array.map (<anonymous>)
	at m.$ (/usr/share/code/resources/app/out/vs/workbench/api/node/extensionHostProcess.js:158:7803)
	at m.terminate (/usr/share/code/resources/app/out/vs/workbench/api/node/extensionHostProcess.js:158:8077)
	at o.terminate (/usr/share/code/resources/app/out/vs/workbench/api/node/extensionHostProcess.js:162:1513)
	at t (/usr/share/code/resources/app/out/vs/workbench/api/node/extensionHostProcess.js:175:9917)
	at MessagePortMain.<anonymous> (/usr/share/code/resources/app/out/vs/workbench/api/node/extensionHostProcess.js:175:6342)
	at MessagePortMain.emit (node:events:517:28)
	at MessagePortMain._internalPort.emit (node:electron/js2c/utility_init:2:2285) setContext undefined
2024-05-06 21:50:18.787 [error] Canceled: Canceled
	at new O (/usr/share/code/resources/app/out/vs/workbench/api/node/extensionHostProcess.js:142:46998)
	at u.U (/usr/share/code/resources/app/out/vs/workbench/api/node/extensionHostProcess.js:149:5539)
	at F.<computed>.T.charCodeAt.F.<computed> (/usr/share/code/resources/app/out/vs/workbench/api/node/extensionHostProcess.js:149:2993)
	at d.g (/usr/share/code/resources/app/out/vs/workbench/api/node/extensionHostProcess.js:152:186335)
	at d.executeCommand (/usr/share/code/resources/app/out/vs/workbench/api/node/extensionHostProcess.js:152:185773)
	at E.registerCommand.description (/usr/share/code/resources/app/out/vs/workbench/api/node/extensionHostProcess.js:152:185097)
	at d.h (/usr/share/code/resources/app/out/vs/workbench/api/node/extensionHostProcess.js:152:186874)
	at d.g (/usr/share/code/resources/app/out/vs/workbench/api/node/extensionHostProcess.js:152:185866)
	at d.executeCommand (/usr/share/code/resources/app/out/vs/workbench/api/node/extensionHostProcess.js:152:185773)
	at Object.executeCommand (/usr/share/code/resources/app/out/vs/workbench/api/node/extensionHostProcess.js:162:22785)
	at o.O [as value] (/usr/share/code/resources/app/extensions/git/dist/main.js:2:945802)
	at s.y (/usr/share/code/resources/app/out/vs/workbench/api/node/extensionHostProcess.js:82:659)
	at s.z (/usr/share/code/resources/app/out/vs/workbench/api/node/extensionHostProcess.js:82:729)
	at s.fire (/usr/share/code/resources/app/out/vs/workbench/api/node/extensionHostProcess.js:82:945)
	at Object.m [as dispose] (/usr/share/code/resources/app/extensions/git/dist/main.js:2:964886)
	at /usr/share/code/resources/app/extensions/git/dist/main.js:2:970920
	at Array.forEach (<anonymous>)
	at f.dispose (/usr/share/code/resources/app/extensions/git/dist/main.js:2:970906)
	at a.<anonymous> (/usr/share/code/resources/app/out/vs/workbench/api/node/extensionHostProcess.js:150:3830)
	at a.dispose (/usr/share/code/resources/app/out/vs/workbench/api/node/extensionHostProcess.js:150:3927)
	at a.<anonymous> (/usr/share/code/resources/app/extensions/git/dist/main.js:2:948059)
	at a.dispose (/usr/share/code/resources/app/out/vs/workbench/api/node/extensionHostProcess.js:150:3927)
	at o (/usr/share/code/resources/app/out/vs/workbench/api/node/extensionHostProcess.js:30:714)
	at m.eb (/usr/share/code/resources/app/out/vs/workbench/api/node/extensionHostProcess.js:158:9967)
	at /usr/share/code/resources/app/out/vs/workbench/api/node/extensionHostProcess.js:158:7816
	at Array.map (<anonymous>)
	at m.$ (/usr/share/code/resources/app/out/vs/workbench/api/node/extensionHostProcess.js:158:7803)
	at m.terminate (/usr/share/code/resources/app/out/vs/workbench/api/node/extensionHostProcess.js:158:8077)
	at o.terminate (/usr/share/code/resources/app/out/vs/workbench/api/node/extensionHostProcess.js:162:1513)
	at t (/usr/share/code/resources/app/out/vs/workbench/api/node/extensionHostProcess.js:175:9917)
	at MessagePortMain.<anonymous> (/usr/share/code/resources/app/out/vs/workbench/api/node/extensionHostProcess.js:175:6342)
	at MessagePortMain.emit (node:events:517:28)
	at MessagePortMain._internalPort.emit (node:electron/js2c/utility_init:2:2285) setContext undefined
2024-05-06 21:50:18.788 [error] Canceled: Canceled
	at new O (/usr/share/code/resources/app/out/vs/workbench/api/node/extensionHostProcess.js:142:46998)
	at u.U (/usr/share/code/resources/app/out/vs/workbench/api/node/extensionHostProcess.js:149:5539)
	at F.<computed>.T.charCodeAt.F.<computed> (/usr/share/code/resources/app/out/vs/workbench/api/node/extensionHostProcess.js:149:2993)
	at d.g (/usr/share/code/resources/app/out/vs/workbench/api/node/extensionHostProcess.js:152:186335)
	at d.executeCommand (/usr/share/code/resources/app/out/vs/workbench/api/node/extensionHostProcess.js:152:185773)
	at E.registerCommand.description (/usr/share/code/resources/app/out/vs/workbench/api/node/extensionHostProcess.js:152:185097)
	at d.h (/usr/share/code/resources/app/out/vs/workbench/api/node/extensionHostProcess.js:152:186874)
	at d.g (/usr/share/code/resources/app/out/vs/workbench/api/node/extensionHostProcess.js:152:185866)
	at d.executeCommand (/usr/share/code/resources/app/out/vs/workbench/api/node/extensionHostProcess.js:152:185773)
	at Object.executeCommand (/usr/share/code/resources/app/out/vs/workbench/api/node/extensionHostProcess.js:162:22785)
	at set hasGitHubRepositories [as hasGitHubRepositories] (/usr/share/code/resources/app/extensions/github/dist/extension.js:2:324866)
	at /usr/share/code/resources/app/extensions/github/dist/extension.js:2:325825
	at o.value (/usr/share/code/resources/app/extensions/git/dist/main.js:2:1051703)
	at s.y (/usr/share/code/resources/app/out/vs/workbench/api/node/extensionHostProcess.js:82:659)
	at s.z (/usr/share/code/resources/app/out/vs/workbench/api/node/extensionHostProcess.js:82:729)
	at s.fire (/usr/share/code/resources/app/out/vs/workbench/api/node/extensionHostProcess.js:82:945)
	at Object.m [as dispose] (/usr/share/code/resources/app/extensions/git/dist/main.js:2:964886)
	at /usr/share/code/resources/app/extensions/git/dist/main.js:2:970920
	at Array.forEach (<anonymous>)
	at f.dispose (/usr/share/code/resources/app/extensions/git/dist/main.js:2:970906)
	at a.<anonymous> (/usr/share/code/resources/app/out/vs/workbench/api/node/extensionHostProcess.js:150:3830)
	at a.dispose (/usr/share/code/resources/app/out/vs/workbench/api/node/extensionHostProcess.js:150:3927)
	at a.<anonymous> (/usr/share/code/resources/app/extensions/git/dist/main.js:2:948059)
	at a.dispose (/usr/share/code/resources/app/out/vs/workbench/api/node/extensionHostProcess.js:150:3927)
	at o (/usr/share/code/resources/app/out/vs/workbench/api/node/extensionHostProcess.js:30:714)
	at m.eb (/usr/share/code/resources/app/out/vs/workbench/api/node/extensionHostProcess.js:158:9967)
	at /usr/share/code/resources/app/out/vs/workbench/api/node/extensionHostProcess.js:158:7816
	at Array.map (<anonymous>)
	at m.$ (/usr/share/code/resources/app/out/vs/workbench/api/node/extensionHostProcess.js:158:7803)
	at m.terminate (/usr/share/code/resources/app/out/vs/workbench/api/node/extensionHostProcess.js:158:8077)
	at o.terminate (/usr/share/code/resources/app/out/vs/workbench/api/node/extensionHostProcess.js:162:1513)
	at t (/usr/share/code/resources/app/out/vs/workbench/api/node/extensionHostProcess.js:175:9917)
	at MessagePortMain.<anonymous> (/usr/share/code/resources/app/out/vs/workbench/api/node/extensionHostProcess.js:175:6342)
	at MessagePortMain.emit (node:events:517:28)
	at MessagePortMain._internalPort.emit (node:electron/js2c/utility_init:2:2285) setContext undefined
2024-05-06 21:50:18.789 [error] Canceled: Canceled
	at new O (/usr/share/code/resources/app/out/vs/workbench/api/node/extensionHostProcess.js:142:46998)
	at u.U (/usr/share/code/resources/app/out/vs/workbench/api/node/extensionHostProcess.js:149:5539)
	at F.<computed>.T.charCodeAt.F.<computed> (/usr/share/code/resources/app/out/vs/workbench/api/node/extensionHostProcess.js:149:2993)
	at d.g (/usr/share/code/resources/app/out/vs/workbench/api/node/extensionHostProcess.js:152:186335)
	at d.executeCommand (/usr/share/code/resources/app/out/vs/workbench/api/node/extensionHostProcess.js:152:185773)
	at E.registerCommand.description (/usr/share/code/resources/app/out/vs/workbench/api/node/extensionHostProcess.js:152:185097)
	at d.h (/usr/share/code/resources/app/out/vs/workbench/api/node/extensionHostProcess.js:152:186874)
	at d.g (/usr/share/code/resources/app/out/vs/workbench/api/node/extensionHostProcess.js:152:185866)
	at d.executeCommand (/usr/share/code/resources/app/out/vs/workbench/api/node/extensionHostProcess.js:152:185773)
	at Object.executeCommand (/usr/share/code/resources/app/out/vs/workbench/api/node/extensionHostProcess.js:162:22785)
	at w (/home/louis/.vscode/extensions/eamodio.gitlens-14.9.1/dist/gitlens.js:1081:41198)
	at h (/home/louis/.vscode/extensions/eamodio.gitlens-14.9.1/dist/gitlens.js:1081:46237)
	at ActionRunners._updateContextKeys (/home/louis/.vscode/extensions/eamodio.gitlens-14.9.1/dist/gitlens.js:663:18411)
	at s (/home/louis/.vscode/extensions/eamodio.gitlens-14.9.1/dist/gitlens.js:663:16855)
	at RegisteredActionRunner.unregister (/home/louis/.vscode/extensions/eamodio.gitlens-14.9.1/dist/gitlens.js:663:16998)
	at RegisteredActionRunner.dispose (/home/louis/.vscode/extensions/eamodio.gitlens-14.9.1/dist/gitlens.js:663:15651)
	at ActionRunners.dispose (/home/louis/.vscode/extensions/eamodio.gitlens-14.9.1/dist/gitlens.js:663:16438)
	at /home/louis/.vscode/extensions/eamodio.gitlens-14.9.1/dist/gitlens.js:1041:19519
	at Array.forEach (<anonymous>)
	at Object.dispose (/home/louis/.vscode/extensions/eamodio.gitlens-14.9.1/dist/gitlens.js:1041:19501)
	at o (/usr/share/code/resources/app/out/vs/workbench/api/node/extensionHostProcess.js:30:714)
	at m.eb (/usr/share/code/resources/app/out/vs/workbench/api/node/extensionHostProcess.js:158:9967)
	at /usr/share/code/resources/app/out/vs/workbench/api/node/extensionHostProcess.js:158:7816
	at Array.map (<anonymous>)
	at m.$ (/usr/share/code/resources/app/out/vs/workbench/api/node/extensionHostProcess.js:158:7803)
	at m.terminate (/usr/share/code/resources/app/out/vs/workbench/api/node/extensionHostProcess.js:158:8077)
	at o.terminate (/usr/share/code/resources/app/out/vs/workbench/api/node/extensionHostProcess.js:162:1513)
	at t (/usr/share/code/resources/app/out/vs/workbench/api/node/extensionHostProcess.js:175:9917)
	at MessagePortMain.<anonymous> (/usr/share/code/resources/app/out/vs/workbench/api/node/extensionHostProcess.js:175:6342)
	at MessagePortMain.emit (node:events:517:28)
	at MessagePortMain._internalPort.emit (node:electron/js2c/utility_init:2:2285) setContext undefined
2024-05-06 21:50:18.789 [error] Canceled: Canceled
	at new O (/usr/share/code/resources/app/out/vs/workbench/api/node/extensionHostProcess.js:142:46998)
	at u.U (/usr/share/code/resources/app/out/vs/workbench/api/node/extensionHostProcess.js:149:5539)
	at F.<computed>.T.charCodeAt.F.<computed> (/usr/share/code/resources/app/out/vs/workbench/api/node/extensionHostProcess.js:149:2993)
	at d.g (/usr/share/code/resources/app/out/vs/workbench/api/node/extensionHostProcess.js:152:186335)
	at d.executeCommand (/usr/share/code/resources/app/out/vs/workbench/api/node/extensionHostProcess.js:152:185773)
	at E.registerCommand.description (/usr/share/code/resources/app/out/vs/workbench/api/node/extensionHostProcess.js:152:185097)
	at d.h (/usr/share/code/resources/app/out/vs/workbench/api/node/extensionHostProcess.js:152:186874)
	at d.g (/usr/share/code/resources/app/out/vs/workbench/api/node/extensionHostProcess.js:152:185866)
	at d.executeCommand (/usr/share/code/resources/app/out/vs/workbench/api/node/extensionHostProcess.js:152:185773)
	at Object.executeCommand (/usr/share/code/resources/app/out/vs/workbench/api/node/extensionHostProcess.js:162:22785)
	at w (/home/louis/.vscode/extensions/eamodio.gitlens-14.9.1/dist/gitlens.js:1081:41198)
	at h (/home/louis/.vscode/extensions/eamodio.gitlens-14.9.1/dist/gitlens.js:1081:46237)
	at ActionRunners._updateContextKeys (/home/louis/.vscode/extensions/eamodio.gitlens-14.9.1/dist/gitlens.js:663:18411)
	at s (/home/louis/.vscode/extensions/eamodio.gitlens-14.9.1/dist/gitlens.js:663:16855)
	at RegisteredActionRunner.unregister (/home/louis/.vscode/extensions/eamodio.gitlens-14.9.1/dist/gitlens.js:663:16998)
	at RegisteredActionRunner.dispose (/home/louis/.vscode/extensions/eamodio.gitlens-14.9.1/dist/gitlens.js:663:15651)
	at ActionRunners.dispose (/home/louis/.vscode/extensions/eamodio.gitlens-14.9.1/dist/gitlens.js:663:16438)
	at /home/louis/.vscode/extensions/eamodio.gitlens-14.9.1/dist/gitlens.js:1041:19519
	at Array.forEach (<anonymous>)
	at Object.dispose (/home/louis/.vscode/extensions/eamodio.gitlens-14.9.1/dist/gitlens.js:1041:19501)
	at o (/usr/share/code/resources/app/out/vs/workbench/api/node/extensionHostProcess.js:30:714)
	at m.eb (/usr/share/code/resources/app/out/vs/workbench/api/node/extensionHostProcess.js:158:9967)
	at /usr/share/code/resources/app/out/vs/workbench/api/node/extensionHostProcess.js:158:7816
	at Array.map (<anonymous>)
	at m.$ (/usr/share/code/resources/app/out/vs/workbench/api/node/extensionHostProcess.js:158:7803)
	at m.terminate (/usr/share/code/resources/app/out/vs/workbench/api/node/extensionHostProcess.js:158:8077)
	at o.terminate (/usr/share/code/resources/app/out/vs/workbench/api/node/extensionHostProcess.js:162:1513)
	at t (/usr/share/code/resources/app/out/vs/workbench/api/node/extensionHostProcess.js:175:9917)
	at MessagePortMain.<anonymous> (/usr/share/code/resources/app/out/vs/workbench/api/node/extensionHostProcess.js:175:6342)
	at MessagePortMain.emit (node:events:517:28)
	at MessagePortMain._internalPort.emit (node:electron/js2c/utility_init:2:2285) setContext undefined
2024-05-06 21:50:18.789 [error] Canceled: Canceled
	at new O (/usr/share/code/resources/app/out/vs/workbench/api/node/extensionHostProcess.js:142:46998)
	at u.U (/usr/share/code/resources/app/out/vs/workbench/api/node/extensionHostProcess.js:149:5539)
	at F.<computed>.T.charCodeAt.F.<computed> (/usr/share/code/resources/app/out/vs/workbench/api/node/extensionHostProcess.js:149:2993)
	at d.g (/usr/share/code/resources/app/out/vs/workbench/api/node/extensionHostProcess.js:152:186335)
	at d.executeCommand (/usr/share/code/resources/app/out/vs/workbench/api/node/extensionHostProcess.js:152:185773)
	at E.registerCommand.description (/usr/share/code/resources/app/out/vs/workbench/api/node/extensionHostProcess.js:152:185097)
	at d.h (/usr/share/code/resources/app/out/vs/workbench/api/node/extensionHostProcess.js:152:186874)
	at d.g (/usr/share/code/resources/app/out/vs/workbench/api/node/extensionHostProcess.js:152:185866)
	at d.executeCommand (/usr/share/code/resources/app/out/vs/workbench/api/node/extensionHostProcess.js:152:185773)
	at Object.executeCommand (/usr/share/code/resources/app/out/vs/workbench/api/node/extensionHostProcess.js:162:22785)
	at w (/home/louis/.vscode/extensions/eamodio.gitlens-14.9.1/dist/gitlens.js:1081:41198)
	at h (/home/louis/.vscode/extensions/eamodio.gitlens-14.9.1/dist/gitlens.js:1081:46237)
	at ActionRunners._updateContextKeys (/home/louis/.vscode/extensions/eamodio.gitlens-14.9.1/dist/gitlens.js:663:18411)
	at s (/home/louis/.vscode/extensions/eamodio.gitlens-14.9.1/dist/gitlens.js:663:16855)
	at RegisteredActionRunner.unregister (/home/louis/.vscode/extensions/eamodio.gitlens-14.9.1/dist/gitlens.js:663:16998)
	at RegisteredActionRunner.dispose (/home/louis/.vscode/extensions/eamodio.gitlens-14.9.1/dist/gitlens.js:663:15651)
	at ActionRunners.dispose (/home/louis/.vscode/extensions/eamodio.gitlens-14.9.1/dist/gitlens.js:663:16438)
	at /home/louis/.vscode/extensions/eamodio.gitlens-14.9.1/dist/gitlens.js:1041:19519
	at Array.forEach (<anonymous>)
	at Object.dispose (/home/louis/.vscode/extensions/eamodio.gitlens-14.9.1/dist/gitlens.js:1041:19501)
	at o (/usr/share/code/resources/app/out/vs/workbench/api/node/extensionHostProcess.js:30:714)
	at m.eb (/usr/share/code/resources/app/out/vs/workbench/api/node/extensionHostProcess.js:158:9967)
	at /usr/share/code/resources/app/out/vs/workbench/api/node/extensionHostProcess.js:158:7816
	at Array.map (<anonymous>)
	at m.$ (/usr/share/code/resources/app/out/vs/workbench/api/node/extensionHostProcess.js:158:7803)
	at m.terminate (/usr/share/code/resources/app/out/vs/workbench/api/node/extensionHostProcess.js:158:8077)
	at o.terminate (/usr/share/code/resources/app/out/vs/workbench/api/node/extensionHostProcess.js:162:1513)
	at t (/usr/share/code/resources/app/out/vs/workbench/api/node/extensionHostProcess.js:175:9917)
	at MessagePortMain.<anonymous> (/usr/share/code/resources/app/out/vs/workbench/api/node/extensionHostProcess.js:175:6342)
	at MessagePortMain.emit (node:events:517:28)
	at MessagePortMain._internalPort.emit (node:electron/js2c/utility_init:2:2285) setContext undefined
2024-05-06 21:50:18.795 [info] Extension host with pid 16859 exiting with code 0
