2024-05-07 17:37:00.025 [info] Started local extension host with pid 17829.
2024-05-07 17:37:00.116 [warning] [cmake-tools]: 无法找到键 cmake-tools.configuration.cmake.options.advanced.statusBarLength.description 的消息。
2024-05-07 17:37:00.116 [warning] [cmake-tools]: 无法找到键 cmake-tools.configuration.cmake.options.advanced.statusBarLength.description 的消息。
2024-05-07 17:37:00.116 [warning] [cmake-tools]: 无法找到键 cmake-tools.configuration.cmake.options.advanced.statusBarLength.description 的消息。
2024-05-07 17:37:00.117 [warning] [cmake-tools]: 无法找到键 cmake-tools.configuration.cmake.options.advanced.statusBarLength.description 的消息。
2024-05-07 17:37:00.117 [warning] [cmake-tools]: 无法找到键 cmake-tools.configuration.cmake.options.advanced.statusBarLength.description 的消息。
2024-05-07 17:37:00.117 [warning] [cmake-tools]: 无法找到键 cmake-tools.configuration.cmake.options.advanced.statusBarLength.description 的消息。
2024-05-07 17:37:00.117 [warning] [cmake-tools]: 无法找到键 cmake-tools.configuration.cmake.options.advanced.statusBarLength.description 的消息。
2024-05-07 17:37:00.117 [warning] [cmake-tools]: 无法找到键 cmake-tools.configuration.cmake.options.advanced.statusBarLength.description 的消息。
2024-05-07 17:37:00.118 [warning] [cmake-tools]: 无法找到键 cmake-tools.configuration.cmake.options.advanced.statusBarLength.description 的消息。
2024-05-07 17:37:00.118 [warning] [cmake-tools]: 无法找到键 cmake-tools.configuration.cmake.options.advanced.statusBarLength.description 的消息。
2024-05-07 17:37:00.118 [warning] [cmake-tools]: 无法找到键 cmake-tools.configuration.cmake.options.advanced.statusBarLength.description 的消息。
2024-05-07 17:37:00.118 [warning] [cmake-tools]: 无法找到键 cmake-tools.configuration.cmake.options.advanced.statusBarLength.description 的消息。
2024-05-07 17:37:00.118 [error] [/home/louis/.vscode/extensions/ms-vscode.hexeditor-1.10.0]: 扩展与 Code 1.88.1 不兼容。扩展需要: ^1.89.0-insider。
2024-05-07 17:37:00.162 [warning] [twxs.cmake]: 无法注册“cmake.cmakePath”。此属性已注册。
2024-05-07 17:37:02.876 [info] [perf] Render performance baseline is 169ms
2024-05-07 17:37:49.821 [warning] [File Watcher (node.js)] Watcher shutdown because watched path got deleted
2024-05-07 17:37:55.543 [warning] [File Watcher (node.js)] Watcher shutdown because watched path got deleted
2024-05-07 17:42:02.809 [warning] Semantic token with invalid length detected at lineNumber 63, column 1
2024-05-07 17:54:16.843 [error] cannot open file:///home/louis/MAA/ysyx-workbench/nemu/nemu/src/monitor/sdb/sdb.c. Detail: 无法读取文件'/home/louis/MAA/ysyx-workbench/nemu/nemu/src/monitor/sdb/sdb.c' (Error: 无法解析不存在的文件 '/home/louis/MAA/ysyx-workbench/nemu/nemu/src/monitor/sdb/sdb.c'): CodeExpectedError: cannot open file:///home/louis/MAA/ysyx-workbench/nemu/nemu/src/monitor/sdb/sdb.c. Detail: 无法读取文件'/home/louis/MAA/ysyx-workbench/nemu/nemu/src/monitor/sdb/sdb.c' (Error: 无法解析不存在的文件 '/home/louis/MAA/ysyx-workbench/nemu/nemu/src/monitor/sdb/sdb.c')
    at r.$tryOpenDocument (vscode-file://vscode-app/usr/share/code/resources/app/out/vs/workbench/workbench.desktop.main.js:2364:62563)
2024-05-07 17:55:02.082 [error] cannot open file:///home/louis/MAA/ysyx-workbench/nemu/nemu/src/monitor/sdb/sdb.c. Detail: 无法读取文件'/home/louis/MAA/ysyx-workbench/nemu/nemu/src/monitor/sdb/sdb.c' (Error: 无法解析不存在的文件 '/home/louis/MAA/ysyx-workbench/nemu/nemu/src/monitor/sdb/sdb.c'): CodeExpectedError: cannot open file:///home/louis/MAA/ysyx-workbench/nemu/nemu/src/monitor/sdb/sdb.c. Detail: 无法读取文件'/home/louis/MAA/ysyx-workbench/nemu/nemu/src/monitor/sdb/sdb.c' (Error: 无法解析不存在的文件 '/home/louis/MAA/ysyx-workbench/nemu/nemu/src/monitor/sdb/sdb.c')
    at r.$tryOpenDocument (vscode-file://vscode-app/usr/share/code/resources/app/out/vs/workbench/workbench.desktop.main.js:2364:62563)
2024-05-07 17:55:16.851 [error] cannot open file:///home/louis/MAA/ysyx-workbench/nemu/nemu/src/monitor/monitor.c. Detail: 无法读取文件'/home/louis/MAA/ysyx-workbench/nemu/nemu/src/monitor/monitor.c' (Error: 无法解析不存在的文件 '/home/louis/MAA/ysyx-workbench/nemu/nemu/src/monitor/monitor.c'): CodeExpectedError: cannot open file:///home/louis/MAA/ysyx-workbench/nemu/nemu/src/monitor/monitor.c. Detail: 无法读取文件'/home/louis/MAA/ysyx-workbench/nemu/nemu/src/monitor/monitor.c' (Error: 无法解析不存在的文件 '/home/louis/MAA/ysyx-workbench/nemu/nemu/src/monitor/monitor.c')
    at r.$tryOpenDocument (vscode-file://vscode-app/usr/share/code/resources/app/out/vs/workbench/workbench.desktop.main.js:2364:62563)
2024-05-07 17:55:17.807 [error] cannot open file:///home/louis/MAA/ysyx-workbench/nemu/nemu/src/monitor/sdb/sdb.c. Detail: 无法读取文件'/home/louis/MAA/ysyx-workbench/nemu/nemu/src/monitor/sdb/sdb.c' (Error: 无法解析不存在的文件 '/home/louis/MAA/ysyx-workbench/nemu/nemu/src/monitor/sdb/sdb.c'): CodeExpectedError: cannot open file:///home/louis/MAA/ysyx-workbench/nemu/nemu/src/monitor/sdb/sdb.c. Detail: 无法读取文件'/home/louis/MAA/ysyx-workbench/nemu/nemu/src/monitor/sdb/sdb.c' (Error: 无法解析不存在的文件 '/home/louis/MAA/ysyx-workbench/nemu/nemu/src/monitor/sdb/sdb.c')
    at r.$tryOpenDocument (vscode-file://vscode-app/usr/share/code/resources/app/out/vs/workbench/workbench.desktop.main.js:2364:62563)
