2024-05-07 17:36:59.948 [info] Added views:terminal in terminal
2024-05-07 17:36:59.948 [info] Added views:workbench.scm in workbench.view.scm
2024-05-07 17:36:59.948 [info] Added views:workbench.view.search in workbench.view.search
2024-05-07 17:36:59.948 [info] Added views:workbench.panel.markers.view in workbench.views.service.panel.692bb822-87c8-46b5-bedd-3b27ee91cc88
2024-05-07 17:36:59.948 [info] Added views:workbench.panel.output in workbench.views.service.panel.1292a660-e57a-483d-9c80-dacad33af3b5
2024-05-07 17:36:59.948 [info] Added views:timeline in workbench.view.explorer
2024-05-07 17:36:59.948 [info] Added views:workbench.explorer.fileView in workbench.view.explorer
2024-05-07 17:37:00.248 [info] Added views:gitlens.views.home,gitlens.views.workspaces,gitlens.views.account in workbench.view.extension.gitlens
2024-05-07 17:37:00.249 [info] Added views:gitlens.views.commitDetails,gitlens.views.lineHistory,gitlens.views.fileHistory,gitlens.views.searchAndCompare in workbench.view.extension.gitlensInspect
2024-05-07 17:37:00.250 [info] Added views:gitlens.views.commits,gitlens.views.branches,gitlens.views.remotes,gitlens.views.stashes,gitlens.views.tags,gitlens.views.contributors in workbench.view.scm
2024-05-07 17:37:00.251 [info] Added views:digital-ide-treeView-arch,digital-ide-treeView-tool,digital-ide-treeView-hardware in workbench.view.extension.TreeView
2024-05-07 17:37:00.434 [info] Added views:workbench.debug.variablesView,workbench.debug.watchExpressionsView,workbench.debug.callStackView,workbench.debug.breakPointsView in workbench.view.debug
2024-05-07 17:37:00.512 [info] Added views:workbench.panel.repl.view in workbench.views.service.panel.7803469e-9bcc-4f72-968b-0aad5d5d3695
2024-05-07 17:37:00.512 [info] Removed views:workbench.debug.breakPointsView,workbench.debug.callStackView,workbench.debug.watchExpressionsView,workbench.debug.variablesView from workbench.view.debug
2024-05-07 17:37:00.512 [info] Added views:workbench.debug.welcome in workbench.view.debug
2024-05-07 17:37:00.927 [info] Removed views:gitlens.views.searchAndCompare,gitlens.views.fileHistory,gitlens.views.lineHistory,gitlens.views.commitDetails from workbench.view.extension.gitlensInspect
2024-05-07 17:37:00.929 [info] Removed views:gitlens.views.contributors,gitlens.views.tags,gitlens.views.stashes,gitlens.views.remotes,gitlens.views.branches,gitlens.views.commits from workbench.view.scm
2024-05-07 17:37:01.006 [info] Added views:gitlens.views.drafts in workbench.view.extension.gitlens
2024-05-07 17:37:01.114 [info] Added views:gitlens.views.commitDetails,gitlens.views.lineHistory,gitlens.views.fileHistory,gitlens.views.searchAndCompare in workbench.view.extension.gitlensInspect
2024-05-07 17:37:01.115 [info] Added views:gitlens.views.commits,gitlens.views.branches,gitlens.views.remotes,gitlens.views.stashes,gitlens.views.tags,gitlens.views.contributors in workbench.view.scm
2024-05-07 17:37:02.355 [info] Added views:gitlens.views.graph,gitlens.views.graphDetails in workbench.view.extension.gitlensPanel
2024-05-07 17:37:02.355 [info] Added views:gitlens.views.timeline in workbench.view.extension.gitlensInspect
2024-05-07 17:37:02.357 [info] Added views:gitlens.views.worktrees in workbench.view.scm
