2024-05-07 17:37:00.775 [info] 日志级别: Info
2024-05-07 17:37:00.775 [info] 正在验证在以下位置找到的 git: "git"
2024-05-07 17:37:00.775 [info] 将使用位于 "2.34.1" 的 Git "git"
2024-05-07 17:37:00.775 [info] > git rev-parse --show-toplevel [3ms]
2024-05-07 17:37:00.776 [info] > git rev-parse --git-dir --git-common-dir [1ms]
2024-05-07 17:37:00.785 [info] Open repository: /home/louis/MAA/ysyx-workbench
2024-05-07 17:37:00.798 [info] > git config --get commit.template [6ms]
2024-05-07 17:37:00.800 [info] > git rev-parse --show-toplevel [3ms]
2024-05-07 17:37:00.809 [info] > git for-each-ref --format=%(refname)%00%(upstream:short)%00%(objectname)%00%(upstream:track)%00%(upstream:remotename)%00%(upstream:remoteref) refs/heads/master refs/remotes/master [2ms]
2024-05-07 17:37:00.815 [warning] ENOENT: no such file or directory, open '/home/louis/MAA/ysyx-workbench/.git/refs/remotes/origin/master'
2024-05-07 17:37:00.816 [info] > git rev-parse refs/remotes/origin/master [2ms]
2024-05-07 17:37:00.825 [info] > git status -z -uall [3ms]
2024-05-07 17:37:00.842 [info] > git merge-base refs/heads/master refs/remotes/origin/master [10ms]
2024-05-07 17:37:00.912 [info] > git rev-list --count --left-right refs/heads/master...refs/remotes/origin/master [65ms]
2024-05-07 17:37:00.918 [info] > git config --get commit.template [76ms]
2024-05-07 17:37:00.992 [info] > git diff --name-status -z --diff-filter=ADMR d1116915d4c440858a4eaacd9c9571d8d18ac88b...refs/remotes/origin/master [75ms]
2024-05-07 17:37:01.021 [info] > git for-each-ref --format=%(refname)%00%(upstream:short)%00%(objectname)%00%(upstream:track)%00%(upstream:remotename)%00%(upstream:remoteref) refs/heads/master refs/remotes/master [12ms]
2024-05-07 17:37:01.028 [warning] ENOENT: no such file or directory, open '/home/louis/MAA/ysyx-workbench/.git/refs/remotes/origin/master'
2024-05-07 17:37:01.035 [info] > git rev-parse refs/remotes/origin/master [7ms]
2024-05-07 17:37:01.049 [info] > git status -z -uall [9ms]
2024-05-07 17:37:01.427 [info] > git check-ignore -v -z --stdin [2ms]
2024-05-07 17:37:43.983 [info] > git rev-parse --show-toplevel [3ms]
2024-05-07 17:37:43.995 [info] > git rev-parse --git-dir --git-common-dir [3ms]
2024-05-07 17:37:44.001 [info] Open repository: /home/louis/MAA/ysyx-workbench/nemu
2024-05-07 17:37:44.021 [info] > git config --get commit.template [9ms]
2024-05-07 17:37:44.032 [info] > git for-each-ref --format=%(refname)%00%(upstream:short)%00%(objectname)%00%(upstream:track)%00%(upstream:remotename)%00%(upstream:remoteref) refs/heads/master refs/remotes/master [1ms]
2024-05-07 17:37:44.032 [warning] No such branch: master.
2024-05-07 17:37:44.044 [info] > git status -z -uall [4ms]
2024-05-07 17:37:44.061 [info] > git config --get commit.template [2ms]
2024-05-07 17:37:44.074 [info] > git for-each-ref --format=%(refname)%00%(upstream:short)%00%(objectname)%00%(upstream:track)%00%(upstream:remotename)%00%(upstream:remoteref) refs/heads/master refs/remotes/master [3ms]
2024-05-07 17:37:44.074 [warning] No such branch: master.
2024-05-07 17:37:44.088 [info] > git status -z -uall [3ms]
2024-05-07 17:37:44.917 [info] > git for-each-ref --format=%(refname)%00%(upstream:short)%00%(objectname)%00%(upstream:track)%00%(upstream:remotename)%00%(upstream:remoteref) refs/heads/master refs/remotes/master [22ms]
2024-05-07 17:37:44.918 [info] > git config --get commit.template [34ms]
2024-05-07 17:37:44.928 [warning] ENOENT: no such file or directory, open '/home/louis/MAA/ysyx-workbench/.git/refs/remotes/origin/master'
2024-05-07 17:37:44.929 [info] > git check-ignore -v -z --stdin [23ms]
2024-05-07 17:37:44.930 [info] > git check-ignore -v -z --stdin [14ms]
2024-05-07 17:37:44.931 [info] > git rev-parse refs/remotes/origin/master [3ms]
2024-05-07 17:37:44.947 [info] > git status -z -uall [5ms]
2024-05-07 17:37:48.995 [info] > git config --get commit.template [7ms]
2024-05-07 17:37:48.996 [info] > git for-each-ref --format=%(refname)%00%(upstream:short)%00%(objectname)%00%(upstream:track)%00%(upstream:remotename)%00%(upstream:remoteref) refs/heads/master refs/remotes/master [1ms]
2024-05-07 17:37:48.996 [warning] No such branch: master.
2024-05-07 17:37:49.004 [info] > git status -z -uall [1ms]
2024-05-07 17:37:50.063 [info] > git rev-parse --show-toplevel [4ms]
2024-05-07 17:37:50.078 [info] > git rev-parse --git-dir --git-common-dir [3ms]
2024-05-07 17:37:50.084 [info] Open repository: /home/louis/MAA/ysyx-workbench/abstract-machine
2024-05-07 17:37:50.095 [info] > git config --get commit.template [3ms]
2024-05-07 17:37:50.111 [info] > git for-each-ref --format=%(refname)%00%(upstream:short)%00%(objectname)%00%(upstream:track)%00%(upstream:remotename)%00%(upstream:remoteref) refs/heads/master refs/remotes/master [1ms]
2024-05-07 17:37:50.111 [warning] No such branch: master.
2024-05-07 17:37:50.120 [info] > git status -z -uall [3ms]
2024-05-07 17:37:50.135 [info] > git config --get commit.template [8ms]
2024-05-07 17:37:50.137 [info] > git for-each-ref --format=%(refname)%00%(upstream:short)%00%(objectname)%00%(upstream:track)%00%(upstream:remotename)%00%(upstream:remoteref) refs/heads/master refs/remotes/master [3ms]
2024-05-07 17:37:50.137 [warning] No such branch: master.
2024-05-07 17:37:50.144 [info] > git status -z -uall [2ms]
2024-05-07 17:37:50.826 [info] > git check-ignore -v -z --stdin [20ms]
2024-05-07 17:37:50.826 [info] > git check-ignore -v -z --stdin [9ms]
2024-05-07 17:37:50.827 [info] > git check-ignore -v -z --stdin [2ms]
2024-05-07 17:37:50.991 [info] > git config --get commit.template [13ms]
2024-05-07 17:37:50.994 [info] > git for-each-ref --format=%(refname)%00%(upstream:short)%00%(objectname)%00%(upstream:track)%00%(upstream:remotename)%00%(upstream:remoteref) refs/heads/master refs/remotes/master [4ms]
2024-05-07 17:37:51.005 [warning] ENOENT: no such file or directory, open '/home/louis/MAA/ysyx-workbench/.git/refs/remotes/origin/master'
2024-05-07 17:37:51.008 [info] > git rev-parse refs/remotes/origin/master [3ms]
2024-05-07 17:37:51.032 [info] > git status -z -uall [12ms]
2024-05-07 17:37:51.047 [info] > git merge-base refs/heads/master refs/remotes/origin/master [3ms]
2024-05-07 17:37:51.062 [info] > git rev-list --count --left-right refs/heads/master...refs/remotes/origin/master [4ms]
2024-05-07 17:37:51.076 [info] > git diff --name-status -z --diff-filter=ADMR d1116915d4c440858a4eaacd9c9571d8d18ac88b...refs/remotes/origin/master [3ms]
2024-05-07 17:37:55.716 [info] > git rev-parse --show-toplevel [3ms]
2024-05-07 17:37:55.730 [info] > git rev-parse --git-dir --git-common-dir [3ms]
2024-05-07 17:37:55.737 [info] Open repository: /home/louis/MAA/ysyx-workbench/fceux-am
2024-05-07 17:37:55.750 [info] > git config --get commit.template [3ms]
2024-05-07 17:37:55.775 [info] > git for-each-ref --format=%(refname)%00%(upstream:short)%00%(objectname)%00%(upstream:track)%00%(upstream:remotename)%00%(upstream:remoteref) refs/heads/master refs/remotes/master [11ms]
2024-05-07 17:37:55.775 [warning] No such branch: master.
2024-05-07 17:37:55.784 [info] > git status -z -uall [1ms]
2024-05-07 17:37:55.802 [info] > git config --get commit.template [5ms]
2024-05-07 17:37:55.816 [info] > git for-each-ref --format=%(refname)%00%(upstream:short)%00%(objectname)%00%(upstream:track)%00%(upstream:remotename)%00%(upstream:remoteref) refs/heads/master refs/remotes/master [3ms]
2024-05-07 17:37:55.816 [warning] No such branch: master.
2024-05-07 17:37:55.824 [info] > git status -z -uall [1ms]
2024-05-07 17:37:56.573 [info] > git check-ignore -v -z --stdin [31ms]
2024-05-07 17:37:56.573 [info] > git check-ignore -v -z --stdin [21ms]
2024-05-07 17:37:56.574 [info] > git check-ignore -v -z --stdin [14ms]
2024-05-07 17:37:56.574 [info] > git check-ignore -v -z --stdin [3ms]
2024-05-07 17:37:57.284 [warning] ENOENT: no such file or directory, open '/home/louis/MAA/ysyx-workbench/nemu/.git/HEAD'
2024-05-07 17:37:57.292 [warning] getRemotes() - ENOENT: no such file or directory, open '/home/louis/MAA/ysyx-workbench/nemu/.git/config'
2024-05-07 17:37:57.306 [warning] ENOENT: no such file or directory, open '/home/louis/MAA/ysyx-workbench/abstract-machine/.git/HEAD'
2024-05-07 17:37:57.312 [warning] getRemotes() - ENOENT: no such file or directory, open '/home/louis/MAA/ysyx-workbench/abstract-machine/.git/config'
2024-05-07 17:37:57.326 [info] > git config --get commit.template [7ms]
2024-05-07 17:37:57.326 [info] > git remote --verbose [14ms]
2024-05-07 17:37:57.327 [info] > git symbolic-ref --short HEAD [21ms]
2024-05-07 17:37:57.332 [info] > git config --get commit.template [33ms]
2024-05-07 17:37:57.332 [info] > git remote --verbose [40ms]
2024-05-07 17:37:57.332 [info] > git symbolic-ref --short HEAD [48ms]
2024-05-07 17:37:57.340 [info] > git for-each-ref --format=%(refname)%00%(upstream:short)%00%(objectname)%00%(upstream:track)%00%(upstream:remotename)%00%(upstream:remoteref) refs/heads/master refs/remotes/master [8ms]
2024-05-07 17:37:57.340 [info] > git config --get commit.template [15ms]
2024-05-07 17:37:57.350 [warning] ENOENT: no such file or directory, open '/home/louis/MAA/ysyx-workbench/abstract-machine/.git/refs/remotes/origin/master'
2024-05-07 17:37:57.351 [info] > git for-each-ref --format=%(refname)%00%(upstream:short)%00%(objectname)%00%(upstream:track)%00%(upstream:remotename)%00%(upstream:remoteref) refs/heads/master refs/remotes/master [13ms]
2024-05-07 17:37:57.356 [warning] ENOENT: no such file or directory, open '/home/louis/MAA/ysyx-workbench/nemu/.git/refs/remotes/origin/master'
2024-05-07 17:37:57.357 [info] > git rev-parse refs/remotes/origin/master [7ms]
2024-05-07 17:37:57.362 [info] > git for-each-ref --format=%(refname)%00%(upstream:short)%00%(objectname)%00%(upstream:track)%00%(upstream:remotename)%00%(upstream:remoteref) refs/heads/master refs/remotes/master [17ms]
2024-05-07 17:37:57.368 [warning] ENOENT: no such file or directory, open '/home/louis/MAA/ysyx-workbench/.git/refs/remotes/origin/master'
2024-05-07 17:37:57.368 [info] > git status -z -uall [6ms]
2024-05-07 17:37:57.368 [info] > git rev-parse refs/remotes/origin/master [12ms]
2024-05-07 17:37:57.373 [info] > git rev-parse refs/remotes/origin/master [6ms]
2024-05-07 17:37:57.387 [info] > git status -z -uall [14ms]
2024-05-07 17:37:57.387 [info] > git status -z -uall [9ms]
2024-05-07 17:37:57.401 [info] > git merge-base refs/heads/master refs/remotes/origin/master [2ms]
2024-05-07 17:37:57.407 [info] > git merge-base refs/heads/master refs/remotes/origin/master [14ms]
2024-05-07 17:37:57.414 [info] > git merge-base refs/heads/master refs/remotes/origin/master [28ms]
2024-05-07 17:37:57.421 [info] > git rev-list --count --left-right refs/heads/master...refs/remotes/origin/master [8ms]
2024-05-07 17:37:57.429 [info] > git rev-list --count --left-right refs/heads/master...refs/remotes/origin/master [22ms]
2024-05-07 17:37:57.436 [info] > git diff --name-status -z --diff-filter=ADMR d1116915d4c440858a4eaacd9c9571d8d18ac88b...refs/remotes/origin/master [7ms]
2024-05-07 17:37:57.436 [info] > git rev-list --count --left-right refs/heads/master...refs/remotes/origin/master [17ms]
2024-05-07 17:37:57.442 [info] > git diff --name-status -z --diff-filter=ADMR d1116915d4c440858a4eaacd9c9571d8d18ac88b...refs/remotes/origin/master [7ms]
2024-05-07 17:37:57.442 [info] > git diff --name-status -z --diff-filter=ADMR d1116915d4c440858a4eaacd9c9571d8d18ac88b...refs/remotes/origin/master [1ms]
2024-05-07 17:38:00.884 [info] > git config --get commit.template [1ms]
2024-05-07 17:38:00.898 [info] > git for-each-ref --format=%(refname)%00%(upstream:short)%00%(objectname)%00%(upstream:track)%00%(upstream:remotename)%00%(upstream:remoteref) refs/heads/master refs/remotes/master [3ms]
2024-05-07 17:38:00.898 [warning] No such branch: master.
2024-05-07 17:38:00.908 [info] > git status -z -uall [2ms]
2024-05-07 17:38:02.398 [warning] ENOENT: no such file or directory, open '/home/louis/MAA/ysyx-workbench/abstract-machine/.git/HEAD'
2024-05-07 17:38:02.409 [warning] getRemotes() - ENOENT: no such file or directory, open '/home/louis/MAA/ysyx-workbench/abstract-machine/.git/config'
2024-05-07 17:38:02.420 [info] > git symbolic-ref --short HEAD [22ms]
2024-05-07 17:38:02.432 [info] > git config --get commit.template [13ms]
2024-05-07 17:38:02.432 [info] > git remote --verbose [23ms]
2024-05-07 17:38:02.435 [info] > git for-each-ref --format=%(refname)%00%(upstream:short)%00%(objectname)%00%(upstream:track)%00%(upstream:remotename)%00%(upstream:remoteref) refs/heads/master refs/remotes/master [5ms]
2024-05-07 17:38:02.445 [warning] ENOENT: no such file or directory, open '/home/louis/MAA/ysyx-workbench/abstract-machine/.git/refs/remotes/origin/master'
2024-05-07 17:38:02.448 [info] > git rev-parse refs/remotes/origin/master [2ms]
2024-05-07 17:38:02.458 [info] > git status -z -uall [3ms]
2024-05-07 17:38:02.472 [info] > git merge-base refs/heads/master refs/remotes/origin/master [3ms]
2024-05-07 17:38:02.482 [info] > git rev-list --count --left-right refs/heads/master...refs/remotes/origin/master [1ms]
2024-05-07 17:38:02.493 [info] > git diff --name-status -z --diff-filter=ADMR d1116915d4c440858a4eaacd9c9571d8d18ac88b...refs/remotes/origin/master [1ms]
2024-05-07 17:38:02.670 [info] > git config --get commit.template [13ms]
2024-05-07 17:38:02.672 [info] > git for-each-ref --format=%(refname)%00%(upstream:short)%00%(objectname)%00%(upstream:track)%00%(upstream:remotename)%00%(upstream:remoteref) refs/heads/master refs/remotes/master [4ms]
2024-05-07 17:38:02.680 [warning] ENOENT: no such file or directory, open '/home/louis/MAA/ysyx-workbench/.git/refs/remotes/origin/master'
2024-05-07 17:38:02.681 [info] > git rev-parse refs/remotes/origin/master [1ms]
2024-05-07 17:38:02.699 [info] > git status -z -uall [8ms]
2024-05-07 17:38:02.714 [info] > git merge-base refs/heads/master refs/remotes/origin/master [3ms]
2024-05-07 17:38:02.724 [info] > git rev-list --count --left-right refs/heads/master...refs/remotes/origin/master [1ms]
2024-05-07 17:38:02.740 [info] > git diff --name-status -z --diff-filter=ADMR d1116915d4c440858a4eaacd9c9571d8d18ac88b...refs/remotes/origin/master [4ms]
2024-05-07 17:38:05.935 [info] > git config --get commit.template [12ms]
2024-05-07 17:38:05.938 [info] > git for-each-ref --format=%(refname)%00%(upstream:short)%00%(objectname)%00%(upstream:track)%00%(upstream:remotename)%00%(upstream:remoteref) refs/heads/ics2021 refs/remotes/ics2021 [4ms]
2024-05-07 17:38:05.949 [warning] ENOENT: no such file or directory, open '/home/louis/MAA/ysyx-workbench/fceux-am/.git/refs/remotes/origin/ics2021'
2024-05-07 17:38:05.952 [info] > git rev-parse refs/remotes/origin/ics2021 [3ms]
2024-05-07 17:38:05.982 [info] > git status -z -uall [18ms]
2024-05-07 17:38:05.999 [info] > git merge-base refs/heads/ics2021 refs/remotes/origin/ics2021 [5ms]
2024-05-07 17:38:06.014 [info] > git rev-list --count --left-right refs/heads/ics2021...refs/remotes/origin/ics2021 [4ms]
2024-05-07 17:38:06.031 [info] > git diff --name-status -z --diff-filter=ADMR d404b6dfc1696b0d2d30668e2deb72c63b0ab3fc...refs/remotes/origin/ics2021 [4ms]
2024-05-07 17:39:31.834 [warning] ENOENT: no such file or directory, open '/home/louis/MAA/ysyx-workbench/nemu/.git/HEAD'
2024-05-07 17:39:31.843 [warning] getRemotes() - ENOENT: no such file or directory, open '/home/louis/MAA/ysyx-workbench/nemu/.git/config'
2024-05-07 17:39:31.860 [info] > git remote --verbose [17ms]
2024-05-07 17:39:31.860 [info] > git symbolic-ref --short HEAD [27ms]
2024-05-07 17:39:31.868 [info] > git config --get commit.template [46ms]
2024-05-07 17:39:31.870 [info] > git for-each-ref --format=%(refname)%00%(upstream:short)%00%(objectname)%00%(upstream:track)%00%(upstream:remotename)%00%(upstream:remoteref) refs/heads/master refs/remotes/master [11ms]
2024-05-07 17:39:31.870 [info] > git config --get commit.template [18ms]
2024-05-07 17:39:31.878 [warning] ENOENT: no such file or directory, open '/home/louis/MAA/ysyx-workbench/.git/refs/remotes/origin/master'
2024-05-07 17:39:31.878 [info] > git for-each-ref --format=%(refname)%00%(upstream:short)%00%(objectname)%00%(upstream:track)%00%(upstream:remotename)%00%(upstream:remoteref) refs/heads/master refs/remotes/master [10ms]
2024-05-07 17:39:31.885 [warning] ENOENT: no such file or directory, open '/home/louis/MAA/ysyx-workbench/nemu/.git/refs/remotes/origin/master'
2024-05-07 17:39:31.886 [info] > git rev-parse refs/remotes/origin/master [8ms]
2024-05-07 17:39:31.894 [info] > git rev-parse refs/remotes/origin/master [9ms]
2024-05-07 17:39:31.902 [info] > git status -z -uall [9ms]
2024-05-07 17:39:31.908 [info] > git status -z -uall [7ms]
2024-05-07 17:39:31.920 [info] > git merge-base refs/heads/master refs/remotes/origin/master [3ms]
2024-05-07 17:39:31.934 [info] > git rev-list --count --left-right refs/heads/master...refs/remotes/origin/master [4ms]
2024-05-07 17:39:31.948 [info] > git diff --name-status -z --diff-filter=ADMR d1116915d4c440858a4eaacd9c9571d8d18ac88b...refs/remotes/origin/master [3ms]
2024-05-07 17:39:38.251 [warning] getRemotes() - ENOENT: no such file or directory, open '/home/louis/MAA/ysyx-workbench/nemu/.git/config'
2024-05-07 17:39:38.261 [warning] ENOENT: no such file or directory, open '/home/louis/MAA/ysyx-workbench/nemu/.git/HEAD'
2024-05-07 17:39:38.274 [info] > git symbolic-ref --short HEAD [13ms]
2024-05-07 17:39:38.285 [info] > git remote --verbose [35ms]
2024-05-07 17:39:38.285 [info] > git config --get commit.template [45ms]
2024-05-07 17:39:38.287 [info] > git config --get commit.template [14ms]
2024-05-07 17:39:38.298 [info] > git for-each-ref --format=%(refname)%00%(upstream:short)%00%(objectname)%00%(upstream:track)%00%(upstream:remotename)%00%(upstream:remoteref) refs/heads/master refs/remotes/master [13ms]
2024-05-07 17:39:38.306 [warning] ENOENT: no such file or directory, open '/home/louis/MAA/ysyx-workbench/nemu/.git/refs/remotes/origin/master'
2024-05-07 17:39:38.307 [info] > git for-each-ref --format=%(refname)%00%(upstream:short)%00%(objectname)%00%(upstream:track)%00%(upstream:remotename)%00%(upstream:remoteref) refs/heads/master refs/remotes/master [10ms]
2024-05-07 17:39:38.316 [warning] ENOENT: no such file or directory, open '/home/louis/MAA/ysyx-workbench/.git/refs/remotes/origin/master'
2024-05-07 17:39:38.317 [info] > git rev-parse refs/remotes/origin/master [11ms]
2024-05-07 17:39:38.326 [info] > git rev-parse refs/remotes/origin/master [10ms]
2024-05-07 17:39:38.335 [info] > git status -z -uall [11ms]
2024-05-07 17:39:38.339 [info] > git status -z -uall [4ms]
2024-05-07 17:39:43.350 [warning] ENOENT: no such file or directory, open '/home/louis/MAA/ysyx-workbench/nemu/.git/HEAD'
2024-05-07 17:39:43.361 [warning] getRemotes() - ENOENT: no such file or directory, open '/home/louis/MAA/ysyx-workbench/nemu/.git/config'
2024-05-07 17:39:43.383 [info] > git config --get commit.template [13ms]
2024-05-07 17:39:43.383 [info] > git remote --verbose [22ms]
2024-05-07 17:39:43.383 [info] > git symbolic-ref --short HEAD [33ms]
2024-05-07 17:39:43.393 [info] > git config --get commit.template [11ms]
2024-05-07 17:39:43.394 [info] > git for-each-ref --format=%(refname)%00%(upstream:short)%00%(objectname)%00%(upstream:track)%00%(upstream:remotename)%00%(upstream:remoteref) refs/heads/master refs/remotes/master [3ms]
2024-05-07 17:39:43.412 [warning] ENOENT: no such file or directory, open '/home/louis/MAA/ysyx-workbench/nemu/.git/refs/remotes/origin/master'
2024-05-07 17:39:43.413 [info] > git for-each-ref --format=%(refname)%00%(upstream:short)%00%(objectname)%00%(upstream:track)%00%(upstream:remotename)%00%(upstream:remoteref) refs/heads/master refs/remotes/master [9ms]
2024-05-07 17:39:43.422 [warning] ENOENT: no such file or directory, open '/home/louis/MAA/ysyx-workbench/.git/refs/remotes/origin/master'
2024-05-07 17:39:43.423 [info] > git rev-parse refs/remotes/origin/master [11ms]
2024-05-07 17:39:43.432 [info] > git rev-parse refs/remotes/origin/master [10ms]
2024-05-07 17:39:43.441 [info] > git status -z -uall [10ms]
2024-05-07 17:39:43.445 [info] > git status -z -uall [4ms]
2024-05-07 17:40:06.255 [warning] ENOENT: no such file or directory, open '/home/louis/MAA/ysyx-workbench/nemu/.git/HEAD'
2024-05-07 17:40:06.263 [warning] getRemotes() - ENOENT: no such file or directory, open '/home/louis/MAA/ysyx-workbench/nemu/.git/config'
2024-05-07 17:40:06.272 [info] > git remote --verbose [9ms]
2024-05-07 17:40:06.272 [info] > git symbolic-ref --short HEAD [18ms]
2024-05-07 17:40:06.281 [info] > git config --get commit.template [35ms]
2024-05-07 17:40:06.282 [info] > git config --get commit.template [12ms]
2024-05-07 17:40:06.293 [info] > git for-each-ref --format=%(refname)%00%(upstream:short)%00%(objectname)%00%(upstream:track)%00%(upstream:remotename)%00%(upstream:remoteref) refs/heads/master refs/remotes/master [12ms]
2024-05-07 17:40:06.300 [warning] ENOENT: no such file or directory, open '/home/louis/MAA/ysyx-workbench/nemu/.git/refs/remotes/origin/master'
2024-05-07 17:40:06.301 [info] > git for-each-ref --format=%(refname)%00%(upstream:short)%00%(objectname)%00%(upstream:track)%00%(upstream:remotename)%00%(upstream:remoteref) refs/heads/master refs/remotes/master [9ms]
2024-05-07 17:40:06.308 [warning] ENOENT: no such file or directory, open '/home/louis/MAA/ysyx-workbench/.git/refs/remotes/origin/master'
2024-05-07 17:40:06.309 [info] > git rev-parse refs/remotes/origin/master [9ms]
2024-05-07 17:40:06.317 [info] > git rev-parse refs/remotes/origin/master [9ms]
2024-05-07 17:40:06.326 [info] > git status -z -uall [9ms]
2024-05-07 17:40:06.334 [info] > git status -z -uall [9ms]
2024-05-07 17:40:29.689 [warning] ENOENT: no such file or directory, open '/home/louis/MAA/ysyx-workbench/nemu/.git/HEAD'
2024-05-07 17:40:29.694 [warning] getRemotes() - ENOENT: no such file or directory, open '/home/louis/MAA/ysyx-workbench/nemu/.git/config'
2024-05-07 17:40:29.702 [info] > git remote --verbose [8ms]
2024-05-07 17:40:29.702 [info] > git symbolic-ref --short HEAD [13ms]
2024-05-07 17:40:29.709 [info] > git config --get commit.template [28ms]
2024-05-07 17:40:29.710 [info] > git config --get commit.template [8ms]
2024-05-07 17:40:29.716 [info] > git for-each-ref --format=%(refname)%00%(upstream:short)%00%(objectname)%00%(upstream:track)%00%(upstream:remotename)%00%(upstream:remoteref) refs/heads/master refs/remotes/master [6ms]
2024-05-07 17:40:29.720 [warning] ENOENT: no such file or directory, open '/home/louis/MAA/ysyx-workbench/nemu/.git/refs/remotes/origin/master'
2024-05-07 17:40:29.721 [info] > git for-each-ref --format=%(refname)%00%(upstream:short)%00%(objectname)%00%(upstream:track)%00%(upstream:remotename)%00%(upstream:remoteref) refs/heads/master refs/remotes/master [7ms]
2024-05-07 17:40:29.729 [warning] ENOENT: no such file or directory, open '/home/louis/MAA/ysyx-workbench/.git/refs/remotes/origin/master'
2024-05-07 17:40:29.729 [info] > git rev-parse refs/remotes/origin/master [9ms]
2024-05-07 17:40:29.734 [info] > git rev-parse refs/remotes/origin/master [5ms]
2024-05-07 17:40:29.742 [info] > git status -z -uall [8ms]
2024-05-07 17:40:29.750 [info] > git status -z -uall [9ms]
2024-05-07 17:41:51.407 [info] > git check-ignore -v -z --stdin [2ms]
2024-05-07 17:41:56.766 [info] > git check-ignore -v -z --stdin [4ms]
2024-05-07 17:42:01.087 [info] > git check-ignore -v -z --stdin [3ms]
2024-05-07 17:42:01.895 [info] > git check-ignore -v -z --stdin [4ms]
2024-05-07 17:42:02.699 [info] > git show --textconv :src/cpu/cpu-exec.c [9ms]
2024-05-07 17:42:02.744 [info] > git ls-files --stage -- /home/louis/MAA/ysyx-workbench/nemu/src/cpu/cpu-exec.c [45ms]
2024-05-07 17:42:02.756 [info] > git cat-file -s 0c244eaa9c3c57c046c22a977d0a4640c5a76a69 [7ms]
2024-05-07 17:42:25.809 [info] > git check-ignore -v -z --stdin [4ms]
2024-05-07 17:42:26.329 [info] > git show --textconv :src/monitor/monitor.c [9ms]
2024-05-07 17:42:26.331 [info] > git ls-files --stage -- /home/louis/MAA/ysyx-workbench/nemu/src/monitor/monitor.c [2ms]
2024-05-07 17:42:26.345 [info] > git cat-file -s acaed1bd228d791c9b087abddcdba692ef8bfcef [3ms]
2024-05-07 17:43:02.584 [warning] ENOENT: no such file or directory, open '/home/louis/MAA/ysyx-workbench/nemu/.git/HEAD'
2024-05-07 17:43:02.596 [warning] getRemotes() - ENOENT: no such file or directory, open '/home/louis/MAA/ysyx-workbench/nemu/.git/config'
2024-05-07 17:43:02.610 [info] > git remote --verbose [14ms]
2024-05-07 17:43:02.610 [info] > git symbolic-ref --short HEAD [26ms]
2024-05-07 17:43:02.623 [info] > git config --get commit.template [49ms]
2024-05-07 17:43:02.624 [info] > git config --get commit.template [16ms]
2024-05-07 17:43:02.637 [info] > git for-each-ref --format=%(refname)%00%(upstream:short)%00%(objectname)%00%(upstream:track)%00%(upstream:remotename)%00%(upstream:remoteref) refs/heads/master refs/remotes/master [15ms]
2024-05-07 17:43:02.646 [warning] ENOENT: no such file or directory, open '/home/louis/MAA/ysyx-workbench/nemu/.git/refs/remotes/origin/master'
2024-05-07 17:43:02.647 [info] > git for-each-ref --format=%(refname)%00%(upstream:short)%00%(objectname)%00%(upstream:track)%00%(upstream:remotename)%00%(upstream:remoteref) refs/heads/master refs/remotes/master [11ms]
2024-05-07 17:43:02.657 [warning] ENOENT: no such file or directory, open '/home/louis/MAA/ysyx-workbench/.git/refs/remotes/origin/master'
2024-05-07 17:43:02.658 [info] > git rev-parse refs/remotes/origin/master [11ms]
2024-05-07 17:43:02.668 [info] > git rev-parse refs/remotes/origin/master [11ms]
2024-05-07 17:43:02.676 [info] > git status -z -uall [10ms]
2024-05-07 17:43:02.680 [info] > git status -z -uall [4ms]
2024-05-07 17:43:07.702 [warning] ENOENT: no such file or directory, open '/home/louis/MAA/ysyx-workbench/nemu/.git/HEAD'
2024-05-07 17:43:07.711 [warning] getRemotes() - ENOENT: no such file or directory, open '/home/louis/MAA/ysyx-workbench/nemu/.git/config'
2024-05-07 17:43:07.729 [info] > git config --get commit.template [10ms]
2024-05-07 17:43:07.729 [info] > git remote --verbose [18ms]
2024-05-07 17:43:07.729 [info] > git symbolic-ref --short HEAD [27ms]
2024-05-07 17:43:07.743 [info] > git config --get commit.template [16ms]
2024-05-07 17:43:07.756 [info] > git for-each-ref --format=%(refname)%00%(upstream:short)%00%(objectname)%00%(upstream:track)%00%(upstream:remotename)%00%(upstream:remoteref) refs/heads/master refs/remotes/master [15ms]
2024-05-07 17:43:07.768 [warning] ENOENT: no such file or directory, open '/home/louis/MAA/ysyx-workbench/nemu/.git/refs/remotes/origin/master'
2024-05-07 17:43:07.768 [info] > git for-each-ref --format=%(refname)%00%(upstream:short)%00%(objectname)%00%(upstream:track)%00%(upstream:remotename)%00%(upstream:remoteref) refs/heads/master refs/remotes/master [13ms]
2024-05-07 17:43:07.779 [warning] ENOENT: no such file or directory, open '/home/louis/MAA/ysyx-workbench/.git/refs/remotes/origin/master'
2024-05-07 17:43:07.779 [info] > git rev-parse refs/remotes/origin/master [12ms]
2024-05-07 17:43:07.791 [info] > git rev-parse refs/remotes/origin/master [11ms]
2024-05-07 17:43:07.798 [info] > git status -z -uall [8ms]
2024-05-07 17:43:07.805 [info] > git status -z -uall [7ms]
2024-05-07 17:44:33.220 [info] > git check-ignore -v -z --stdin [3ms]
2024-05-07 17:44:36.629 [info] > git show --textconv :src/utils/disasm.cc [10ms]
2024-05-07 17:44:36.632 [info] > git ls-files --stage -- /home/louis/MAA/ysyx-workbench/nemu/src/utils/disasm.cc [3ms]
2024-05-07 17:44:36.641 [info] > git cat-file -s 7d98c2e668046005864ae1f476d6cc911ce755a7 [3ms]
2024-05-07 17:45:36.925 [info] > git check-ignore -v -z --stdin [1ms]
2024-05-07 17:45:42.294 [info] > git show --textconv :src/utils/filelist.mk [12ms]
2024-05-07 17:45:42.297 [info] > git ls-files --stage -- /home/louis/MAA/ysyx-workbench/nemu/src/utils/filelist.mk [3ms]
2024-05-07 17:45:42.310 [info] > git cat-file -s bcd69c5f98760966d99cc69226e43207d89e9aa8 [3ms]
2024-05-07 17:49:00.070 [warning] getRemotes() - ENOENT: no such file or directory, open '/home/louis/MAA/ysyx-workbench/nemu/.git/config'
2024-05-07 17:49:00.077 [warning] ENOENT: no such file or directory, open '/home/louis/MAA/ysyx-workbench/nemu/.git/HEAD'
2024-05-07 17:49:00.083 [info] > git config --get commit.template [20ms]
2024-05-07 17:49:00.084 [info] > git symbolic-ref --short HEAD [8ms]
2024-05-07 17:49:00.090 [info] > git remote --verbose [20ms]
2024-05-07 17:49:00.096 [info] > git config --get commit.template [14ms]
2024-05-07 17:49:00.097 [info] > git for-each-ref --format=%(refname)%00%(upstream:short)%00%(objectname)%00%(upstream:track)%00%(upstream:remotename)%00%(upstream:remoteref) refs/heads/master refs/remotes/master [7ms]
2024-05-07 17:49:00.103 [warning] ENOENT: no such file or directory, open '/home/louis/MAA/ysyx-workbench/nemu/.git/refs/remotes/origin/master'
2024-05-07 17:49:00.103 [info] > git for-each-ref --format=%(refname)%00%(upstream:short)%00%(objectname)%00%(upstream:track)%00%(upstream:remotename)%00%(upstream:remoteref) refs/heads/master refs/remotes/master [7ms]
2024-05-07 17:49:00.110 [warning] ENOENT: no such file or directory, open '/home/louis/MAA/ysyx-workbench/.git/refs/remotes/origin/master'
2024-05-07 17:49:00.110 [info] > git rev-parse refs/remotes/origin/master [7ms]
2024-05-07 17:49:00.116 [info] > git rev-parse refs/remotes/origin/master [6ms]
2024-05-07 17:49:00.124 [info] > git status -z -uall [8ms]
2024-05-07 17:49:00.132 [info] > git status -z -uall [9ms]
2024-05-07 17:49:05.137 [warning] getRemotes() - ENOENT: no such file or directory, open '/home/louis/MAA/ysyx-workbench/nemu/.git/config'
2024-05-07 17:49:05.144 [warning] ENOENT: no such file or directory, open '/home/louis/MAA/ysyx-workbench/nemu/.git/HEAD'
2024-05-07 17:49:05.164 [info] > git config --get commit.template [12ms]
2024-05-07 17:49:05.164 [info] > git symbolic-ref --short HEAD [20ms]
2024-05-07 17:49:05.172 [info] > git remote --verbose [35ms]
2024-05-07 17:49:05.173 [info] > git config --get commit.template [10ms]
2024-05-07 17:49:05.181 [info] > git for-each-ref --format=%(refname)%00%(upstream:short)%00%(objectname)%00%(upstream:track)%00%(upstream:remotename)%00%(upstream:remoteref) refs/heads/master refs/remotes/master [9ms]
2024-05-07 17:49:05.188 [warning] ENOENT: no such file or directory, open '/home/louis/MAA/ysyx-workbench/nemu/.git/refs/remotes/origin/master'
2024-05-07 17:49:05.189 [info] > git for-each-ref --format=%(refname)%00%(upstream:short)%00%(objectname)%00%(upstream:track)%00%(upstream:remotename)%00%(upstream:remoteref) refs/heads/master refs/remotes/master [9ms]
2024-05-07 17:49:05.196 [warning] ENOENT: no such file or directory, open '/home/louis/MAA/ysyx-workbench/.git/refs/remotes/origin/master'
2024-05-07 17:49:05.197 [info] > git rev-parse refs/remotes/origin/master [9ms]
2024-05-07 17:49:05.208 [info] > git rev-parse refs/remotes/origin/master [12ms]
2024-05-07 17:49:05.217 [info] > git status -z -uall [10ms]
2024-05-07 17:49:05.226 [info] > git status -z -uall [10ms]
2024-05-07 17:49:10.227 [warning] ENOENT: no such file or directory, open '/home/louis/MAA/ysyx-workbench/nemu/.git/HEAD'
2024-05-07 17:49:10.232 [warning] getRemotes() - ENOENT: no such file or directory, open '/home/louis/MAA/ysyx-workbench/nemu/.git/config'
2024-05-07 17:49:10.245 [info] > git remote --verbose [13ms]
2024-05-07 17:49:10.245 [info] > git symbolic-ref --short HEAD [18ms]
2024-05-07 17:49:10.254 [info] > git config --get commit.template [10ms]
2024-05-07 17:49:10.254 [info] > git config --get commit.template [17ms]
2024-05-07 17:49:10.263 [info] > git for-each-ref --format=%(refname)%00%(upstream:short)%00%(objectname)%00%(upstream:track)%00%(upstream:remotename)%00%(upstream:remoteref) refs/heads/master refs/remotes/master [10ms]
2024-05-07 17:49:10.270 [warning] ENOENT: no such file or directory, open '/home/louis/MAA/ysyx-workbench/nemu/.git/refs/remotes/origin/master'
2024-05-07 17:49:10.270 [info] > git for-each-ref --format=%(refname)%00%(upstream:short)%00%(objectname)%00%(upstream:track)%00%(upstream:remotename)%00%(upstream:remoteref) refs/heads/master refs/remotes/master [7ms]
2024-05-07 17:49:10.279 [warning] ENOENT: no such file or directory, open '/home/louis/MAA/ysyx-workbench/.git/refs/remotes/origin/master'
2024-05-07 17:49:10.281 [info] > git rev-parse refs/remotes/origin/master [12ms]
2024-05-07 17:49:10.287 [info] > git rev-parse refs/remotes/origin/master [8ms]
2024-05-07 17:49:10.295 [info] > git status -z -uall [8ms]
2024-05-07 17:49:10.304 [info] > git status -z -uall [9ms]
2024-05-07 17:49:16.250 [warning] ENOENT: no such file or directory, open '/home/louis/MAA/ysyx-workbench/nemu/.git/HEAD'
2024-05-07 17:49:16.257 [warning] getRemotes() - ENOENT: no such file or directory, open '/home/louis/MAA/ysyx-workbench/nemu/.git/config'
2024-05-07 17:49:16.272 [info] > git config --get commit.template [10ms]
2024-05-07 17:49:16.272 [info] > git remote --verbose [15ms]
2024-05-07 17:49:16.272 [info] > git symbolic-ref --short HEAD [22ms]
2024-05-07 17:49:16.281 [info] > git config --get commit.template [11ms]
2024-05-07 17:49:16.288 [info] > git for-each-ref --format=%(refname)%00%(upstream:short)%00%(objectname)%00%(upstream:track)%00%(upstream:remotename)%00%(upstream:remoteref) refs/heads/master refs/remotes/master [8ms]
2024-05-07 17:49:16.297 [warning] ENOENT: no such file or directory, open '/home/louis/MAA/ysyx-workbench/nemu/.git/refs/remotes/origin/master'
2024-05-07 17:49:16.297 [info] > git for-each-ref --format=%(refname)%00%(upstream:short)%00%(objectname)%00%(upstream:track)%00%(upstream:remotename)%00%(upstream:remoteref) refs/heads/master refs/remotes/master [9ms]
2024-05-07 17:49:16.306 [warning] ENOENT: no such file or directory, open '/home/louis/MAA/ysyx-workbench/.git/refs/remotes/origin/master'
2024-05-07 17:49:16.307 [info] > git rev-parse refs/remotes/origin/master [10ms]
2024-05-07 17:49:16.315 [info] > git rev-parse refs/remotes/origin/master [9ms]
2024-05-07 17:49:16.324 [info] > git status -z -uall [10ms]
2024-05-07 17:49:16.334 [info] > git status -z -uall [10ms]
2024-05-07 17:49:21.340 [warning] ENOENT: no such file or directory, open '/home/louis/MAA/ysyx-workbench/nemu/.git/HEAD'
2024-05-07 17:49:21.351 [warning] getRemotes() - ENOENT: no such file or directory, open '/home/louis/MAA/ysyx-workbench/nemu/.git/config'
2024-05-07 17:49:21.366 [info] > git remote --verbose [15ms]
2024-05-07 17:49:21.367 [info] > git symbolic-ref --short HEAD [27ms]
2024-05-07 17:49:21.390 [info] > git config --get commit.template [25ms]
2024-05-07 17:49:21.391 [info] > git for-each-ref --format=%(refname)%00%(upstream:short)%00%(objectname)%00%(upstream:track)%00%(upstream:remotename)%00%(upstream:remoteref) refs/heads/master refs/remotes/master [13ms]
2024-05-07 17:49:21.414 [warning] ENOENT: no such file or directory, open '/home/louis/MAA/ysyx-workbench/nemu/.git/refs/remotes/origin/master'
2024-05-07 17:49:21.415 [info] > git for-each-ref --format=%(refname)%00%(upstream:short)%00%(objectname)%00%(upstream:track)%00%(upstream:remotename)%00%(upstream:remoteref) refs/heads/master refs/remotes/master [13ms]
2024-05-07 17:49:21.415 [info] > git config --get commit.template [26ms]
2024-05-07 17:49:21.424 [warning] ENOENT: no such file or directory, open '/home/louis/MAA/ysyx-workbench/.git/refs/remotes/origin/master'
2024-05-07 17:49:21.424 [info] > git rev-parse refs/remotes/origin/master [10ms]
2024-05-07 17:49:21.431 [info] > git rev-parse refs/remotes/origin/master [7ms]
2024-05-07 17:49:21.439 [info] > git status -z -uall [9ms]
2024-05-07 17:49:21.447 [info] > git status -z -uall [9ms]
2024-05-07 17:49:26.448 [warning] ENOENT: no such file or directory, open '/home/louis/MAA/ysyx-workbench/nemu/.git/HEAD'
2024-05-07 17:49:26.455 [warning] getRemotes() - ENOENT: no such file or directory, open '/home/louis/MAA/ysyx-workbench/nemu/.git/config'
2024-05-07 17:49:26.470 [info] > git symbolic-ref --short HEAD [22ms]
2024-05-07 17:49:26.476 [info] > git config --get commit.template [7ms]
2024-05-07 17:49:26.476 [info] > git config --get commit.template [13ms]
2024-05-07 17:49:26.476 [info] > git remote --verbose [21ms]
2024-05-07 17:49:26.483 [info] > git for-each-ref --format=%(refname)%00%(upstream:short)%00%(objectname)%00%(upstream:track)%00%(upstream:remotename)%00%(upstream:remoteref) refs/heads/master refs/remotes/master [7ms]
2024-05-07 17:49:26.488 [warning] ENOENT: no such file or directory, open '/home/louis/MAA/ysyx-workbench/nemu/.git/refs/remotes/origin/master'
2024-05-07 17:49:26.489 [info] > git for-each-ref --format=%(refname)%00%(upstream:short)%00%(objectname)%00%(upstream:track)%00%(upstream:remotename)%00%(upstream:remoteref) refs/heads/master refs/remotes/master [7ms]
2024-05-07 17:49:26.497 [warning] ENOENT: no such file or directory, open '/home/louis/MAA/ysyx-workbench/.git/refs/remotes/origin/master'
2024-05-07 17:49:26.498 [info] > git rev-parse refs/remotes/origin/master [10ms]
2024-05-07 17:49:26.506 [info] > git rev-parse refs/remotes/origin/master [9ms]
2024-05-07 17:49:26.513 [info] > git status -z -uall [8ms]
2024-05-07 17:49:26.517 [info] > git status -z -uall [4ms]
2024-05-07 17:49:31.527 [warning] ENOENT: no such file or directory, open '/home/louis/MAA/ysyx-workbench/nemu/.git/HEAD'
2024-05-07 17:49:31.539 [warning] getRemotes() - ENOENT: no such file or directory, open '/home/louis/MAA/ysyx-workbench/nemu/.git/config'
2024-05-07 17:49:31.567 [info] > git config --get commit.template [16ms]
2024-05-07 17:49:31.567 [info] > git remote --verbose [28ms]
2024-05-07 17:49:31.567 [info] > git symbolic-ref --short HEAD [40ms]
2024-05-07 17:49:31.579 [info] > git config --get commit.template [13ms]
2024-05-07 17:49:31.588 [info] > git for-each-ref --format=%(refname)%00%(upstream:short)%00%(objectname)%00%(upstream:track)%00%(upstream:remotename)%00%(upstream:remoteref) refs/heads/master refs/remotes/master [9ms]
2024-05-07 17:49:31.596 [warning] ENOENT: no such file or directory, open '/home/louis/MAA/ysyx-workbench/nemu/.git/refs/remotes/origin/master'
2024-05-07 17:49:31.597 [info] > git for-each-ref --format=%(refname)%00%(upstream:short)%00%(objectname)%00%(upstream:track)%00%(upstream:remotename)%00%(upstream:remoteref) refs/heads/master refs/remotes/master [10ms]
2024-05-07 17:49:31.605 [warning] ENOENT: no such file or directory, open '/home/louis/MAA/ysyx-workbench/.git/refs/remotes/origin/master'
2024-05-07 17:49:31.606 [info] > git rev-parse refs/remotes/origin/master [10ms]
2024-05-07 17:49:31.612 [info] > git rev-parse refs/remotes/origin/master [7ms]
2024-05-07 17:49:31.620 [info] > git status -z -uall [9ms]
2024-05-07 17:49:31.627 [info] > git status -z -uall [8ms]
2024-05-07 17:50:05.132 [warning] ENOENT: no such file or directory, open '/home/louis/MAA/ysyx-workbench/nemu/.git/HEAD'
2024-05-07 17:50:05.140 [warning] getRemotes() - ENOENT: no such file or directory, open '/home/louis/MAA/ysyx-workbench/nemu/.git/config'
2024-05-07 17:50:05.149 [info] > git remote --verbose [9ms]
2024-05-07 17:50:05.149 [info] > git symbolic-ref --short HEAD [17ms]
2024-05-07 17:50:05.157 [info] > git config --get commit.template [37ms]
2024-05-07 17:50:05.158 [info] > git config --get commit.template [10ms]
2024-05-07 17:50:05.167 [info] > git for-each-ref --format=%(refname)%00%(upstream:short)%00%(objectname)%00%(upstream:track)%00%(upstream:remotename)%00%(upstream:remoteref) refs/heads/master refs/remotes/master [10ms]
2024-05-07 17:50:05.175 [warning] ENOENT: no such file or directory, open '/home/louis/MAA/ysyx-workbench/nemu/.git/refs/remotes/origin/master'
2024-05-07 17:50:05.176 [info] > git for-each-ref --format=%(refname)%00%(upstream:short)%00%(objectname)%00%(upstream:track)%00%(upstream:remotename)%00%(upstream:remoteref) refs/heads/master refs/remotes/master [10ms]
2024-05-07 17:50:05.187 [warning] ENOENT: no such file or directory, open '/home/louis/MAA/ysyx-workbench/.git/refs/remotes/origin/master'
2024-05-07 17:50:05.188 [info] > git rev-parse refs/remotes/origin/master [13ms]
2024-05-07 17:50:05.197 [info] > git rev-parse refs/remotes/origin/master [10ms]
2024-05-07 17:50:05.208 [info] > git status -z -uall [12ms]
2024-05-07 17:50:05.216 [info] > git status -z -uall [9ms]
2024-05-07 17:52:22.784 [warning] ENOENT: no such file or directory, open '/home/louis/MAA/ysyx-workbench/nemu/.git/HEAD'
2024-05-07 17:52:22.796 [warning] getRemotes() - ENOENT: no such file or directory, open '/home/louis/MAA/ysyx-workbench/nemu/.git/config'
2024-05-07 17:52:22.810 [info] > git remote --verbose [14ms]
2024-05-07 17:52:22.810 [info] > git symbolic-ref --short HEAD [26ms]
2024-05-07 17:52:22.819 [info] > git config --get commit.template [46ms]
2024-05-07 17:52:22.820 [info] > git config --get commit.template [13ms]
2024-05-07 17:52:22.829 [info] > git for-each-ref --format=%(refname)%00%(upstream:short)%00%(objectname)%00%(upstream:track)%00%(upstream:remotename)%00%(upstream:remoteref) refs/heads/master refs/remotes/master [10ms]
2024-05-07 17:52:22.841 [warning] ENOENT: no such file or directory, open '/home/louis/MAA/ysyx-workbench/nemu/.git/refs/remotes/origin/master'
2024-05-07 17:52:22.841 [info] > git for-each-ref --format=%(refname)%00%(upstream:short)%00%(objectname)%00%(upstream:track)%00%(upstream:remotename)%00%(upstream:remoteref) refs/heads/master refs/remotes/master [12ms]
2024-05-07 17:52:22.851 [warning] ENOENT: no such file or directory, open '/home/louis/MAA/ysyx-workbench/.git/refs/remotes/origin/master'
2024-05-07 17:52:22.852 [info] > git rev-parse refs/remotes/origin/master [11ms]
2024-05-07 17:52:22.864 [info] > git rev-parse refs/remotes/origin/master [12ms]
2024-05-07 17:52:22.876 [info] > git status -z -uall [13ms]
2024-05-07 17:52:22.885 [info] > git status -z -uall [10ms]
2024-05-07 17:52:31.730 [warning] ENOENT: no such file or directory, open '/home/louis/MAA/ysyx-workbench/nemu/.git/HEAD'
2024-05-07 17:52:31.741 [warning] getRemotes() - ENOENT: no such file or directory, open '/home/louis/MAA/ysyx-workbench/nemu/.git/config'
2024-05-07 17:52:31.752 [info] > git remote --verbose [11ms]
2024-05-07 17:52:31.753 [info] > git symbolic-ref --short HEAD [24ms]
2024-05-07 17:52:31.762 [info] > git config --get commit.template [44ms]
2024-05-07 17:52:31.764 [info] > git config --get commit.template [12ms]
2024-05-07 17:52:31.774 [info] > git for-each-ref --format=%(refname)%00%(upstream:short)%00%(objectname)%00%(upstream:track)%00%(upstream:remotename)%00%(upstream:remoteref) refs/heads/master refs/remotes/master [11ms]
2024-05-07 17:52:31.783 [warning] ENOENT: no such file or directory, open '/home/louis/MAA/ysyx-workbench/nemu/.git/refs/remotes/origin/master'
2024-05-07 17:52:31.784 [info] > git for-each-ref --format=%(refname)%00%(upstream:short)%00%(objectname)%00%(upstream:track)%00%(upstream:remotename)%00%(upstream:remoteref) refs/heads/master refs/remotes/master [11ms]
2024-05-07 17:52:31.795 [warning] ENOENT: no such file or directory, open '/home/louis/MAA/ysyx-workbench/.git/refs/remotes/origin/master'
2024-05-07 17:52:31.796 [info] > git rev-parse refs/remotes/origin/master [13ms]
2024-05-07 17:52:31.808 [info] > git rev-parse refs/remotes/origin/master [13ms]
2024-05-07 17:52:31.819 [info] > git status -z -uall [12ms]
2024-05-07 17:52:31.823 [info] > git status -z -uall [5ms]
2024-05-07 17:52:36.835 [warning] ENOENT: no such file or directory, open '/home/louis/MAA/ysyx-workbench/nemu/.git/HEAD'
2024-05-07 17:52:36.847 [warning] getRemotes() - ENOENT: no such file or directory, open '/home/louis/MAA/ysyx-workbench/nemu/.git/config'
2024-05-07 17:52:36.869 [info] > git config --get commit.template [13ms]
2024-05-07 17:52:36.869 [info] > git remote --verbose [23ms]
2024-05-07 17:52:36.869 [info] > git symbolic-ref --short HEAD [34ms]
2024-05-07 17:52:36.881 [info] > git config --get commit.template [13ms]
2024-05-07 17:52:36.891 [info] > git for-each-ref --format=%(refname)%00%(upstream:short)%00%(objectname)%00%(upstream:track)%00%(upstream:remotename)%00%(upstream:remoteref) refs/heads/master refs/remotes/master [11ms]
2024-05-07 17:52:36.900 [warning] ENOENT: no such file or directory, open '/home/louis/MAA/ysyx-workbench/nemu/.git/refs/remotes/origin/master'
2024-05-07 17:52:36.901 [info] > git for-each-ref --format=%(refname)%00%(upstream:short)%00%(objectname)%00%(upstream:track)%00%(upstream:remotename)%00%(upstream:remoteref) refs/heads/master refs/remotes/master [10ms]
2024-05-07 17:52:36.909 [warning] ENOENT: no such file or directory, open '/home/louis/MAA/ysyx-workbench/.git/refs/remotes/origin/master'
2024-05-07 17:52:36.909 [info] > git rev-parse refs/remotes/origin/master [9ms]
2024-05-07 17:52:36.921 [info] > git rev-parse refs/remotes/origin/master [12ms]
2024-05-07 17:52:36.929 [info] > git status -z -uall [9ms]
2024-05-07 17:52:36.935 [info] > git status -z -uall [6ms]
2024-05-07 17:52:54.654 [warning] getRemotes() - ENOENT: no such file or directory, open '/home/louis/MAA/ysyx-workbench/nemu/.git/config'
2024-05-07 17:52:54.666 [warning] ENOENT: no such file or directory, open '/home/louis/MAA/ysyx-workbench/nemu/.git/HEAD'
2024-05-07 17:52:54.678 [info] > git symbolic-ref --short HEAD [13ms]
2024-05-07 17:52:54.691 [info] > git remote --verbose [37ms]
2024-05-07 17:52:54.691 [info] > git config --get commit.template [50ms]
2024-05-07 17:52:54.703 [info] > git config --get commit.template [25ms]
2024-05-07 17:52:54.703 [info] > git for-each-ref --format=%(refname)%00%(upstream:short)%00%(objectname)%00%(upstream:track)%00%(upstream:remotename)%00%(upstream:remoteref) refs/heads/master refs/remotes/master [13ms]
2024-05-07 17:52:54.711 [warning] ENOENT: no such file or directory, open '/home/louis/MAA/ysyx-workbench/nemu/.git/refs/remotes/origin/master'
2024-05-07 17:52:54.712 [info] > git for-each-ref --format=%(refname)%00%(upstream:short)%00%(objectname)%00%(upstream:track)%00%(upstream:remotename)%00%(upstream:remoteref) refs/heads/master refs/remotes/master [10ms]
2024-05-07 17:52:54.720 [warning] ENOENT: no such file or directory, open '/home/louis/MAA/ysyx-workbench/.git/refs/remotes/origin/master'
2024-05-07 17:52:54.720 [info] > git rev-parse refs/remotes/origin/master [9ms]
2024-05-07 17:52:54.729 [info] > git rev-parse refs/remotes/origin/master [9ms]
2024-05-07 17:52:54.738 [info] > git status -z -uall [9ms]
2024-05-07 17:52:54.744 [info] > git status -z -uall [7ms]
2024-05-07 17:52:56.827 [info] > git check-ignore -v -z --stdin [3ms]
2024-05-07 17:52:59.750 [warning] ENOENT: no such file or directory, open '/home/louis/MAA/ysyx-workbench/nemu/.git/HEAD'
2024-05-07 17:52:59.759 [warning] getRemotes() - ENOENT: no such file or directory, open '/home/louis/MAA/ysyx-workbench/nemu/.git/config'
2024-05-07 17:52:59.780 [info] > git config --get commit.template [11ms]
2024-05-07 17:52:59.780 [info] > git remote --verbose [21ms]
2024-05-07 17:52:59.780 [info] > git symbolic-ref --short HEAD [30ms]
2024-05-07 17:52:59.790 [info] > git config --get commit.template [11ms]
2024-05-07 17:52:59.799 [info] > git for-each-ref --format=%(refname)%00%(upstream:short)%00%(objectname)%00%(upstream:track)%00%(upstream:remotename)%00%(upstream:remoteref) refs/heads/master refs/remotes/master [10ms]
2024-05-07 17:52:59.807 [warning] ENOENT: no such file or directory, open '/home/louis/MAA/ysyx-workbench/nemu/.git/refs/remotes/origin/master'
2024-05-07 17:52:59.808 [info] > git for-each-ref --format=%(refname)%00%(upstream:short)%00%(objectname)%00%(upstream:track)%00%(upstream:remotename)%00%(upstream:remoteref) refs/heads/master refs/remotes/master [9ms]
2024-05-07 17:52:59.816 [warning] ENOENT: no such file or directory, open '/home/louis/MAA/ysyx-workbench/.git/refs/remotes/origin/master'
2024-05-07 17:52:59.816 [info] > git rev-parse refs/remotes/origin/master [9ms]
2024-05-07 17:52:59.825 [info] > git rev-parse refs/remotes/origin/master [9ms]
2024-05-07 17:52:59.833 [info] > git status -z -uall [8ms]
2024-05-07 17:52:59.836 [info] > git status -z -uall [4ms]
2024-05-07 17:53:01.640 [info] > git ls-files --stage -- /home/louis/MAA/ysyx-workbench/nemu/src/utils/filelist.mk [2ms]
2024-05-07 17:53:01.655 [info] > git cat-file -s bcd69c5f98760966d99cc69226e43207d89e9aa8 [3ms]
2024-05-07 17:53:01.666 [info] > git show --textconv :src/utils/filelist.mk [3ms]
2024-05-07 17:53:04.106 [info] > git ls-files --stage -- /home/louis/MAA/ysyx-workbench/nemu/src/utils/filelist.mk [1ms]
2024-05-07 17:53:04.120 [info] > git cat-file -s bcd69c5f98760966d99cc69226e43207d89e9aa8 [3ms]
2024-05-07 17:53:04.132 [info] > git show --textconv :src/utils/filelist.mk [2ms]
2024-05-07 17:53:04.849 [warning] ENOENT: no such file or directory, open '/home/louis/MAA/ysyx-workbench/nemu/.git/HEAD'
2024-05-07 17:53:04.861 [warning] getRemotes() - ENOENT: no such file or directory, open '/home/louis/MAA/ysyx-workbench/nemu/.git/config'
2024-05-07 17:53:04.884 [info] > git config --get commit.template [13ms]
2024-05-07 17:53:04.884 [info] > git remote --verbose [24ms]
2024-05-07 17:53:04.884 [info] > git symbolic-ref --short HEAD [35ms]
2024-05-07 17:53:04.897 [info] > git config --get commit.template [13ms]
2024-05-07 17:53:04.908 [info] > git for-each-ref --format=%(refname)%00%(upstream:short)%00%(objectname)%00%(upstream:track)%00%(upstream:remotename)%00%(upstream:remoteref) refs/heads/master refs/remotes/master [13ms]
2024-05-07 17:53:04.919 [warning] ENOENT: no such file or directory, open '/home/louis/MAA/ysyx-workbench/nemu/.git/refs/remotes/origin/master'
2024-05-07 17:53:04.920 [info] > git for-each-ref --format=%(refname)%00%(upstream:short)%00%(objectname)%00%(upstream:track)%00%(upstream:remotename)%00%(upstream:remoteref) refs/heads/master refs/remotes/master [13ms]
2024-05-07 17:53:04.930 [warning] ENOENT: no such file or directory, open '/home/louis/MAA/ysyx-workbench/.git/refs/remotes/origin/master'
2024-05-07 17:53:04.931 [info] > git rev-parse refs/remotes/origin/master [12ms]
2024-05-07 17:53:04.940 [info] > git rev-parse refs/remotes/origin/master [10ms]
2024-05-07 17:53:04.951 [info] > git status -z -uall [12ms]
2024-05-07 17:53:04.954 [info] > git status -z -uall [5ms]
2024-05-07 17:53:06.218 [info] > git show --textconv :src/monitor/monitor.c [22ms]
2024-05-07 17:53:06.218 [info] > git ls-files --stage -- /home/louis/MAA/ysyx-workbench/nemu/src/monitor/monitor.c [13ms]
2024-05-07 17:53:06.264 [info] > git cat-file -s acaed1bd228d791c9b087abddcdba692ef8bfcef [36ms]
2024-05-07 17:53:09.964 [warning] ENOENT: no such file or directory, open '/home/louis/MAA/ysyx-workbench/nemu/.git/HEAD'
2024-05-07 17:53:09.976 [warning] getRemotes() - ENOENT: no such file or directory, open '/home/louis/MAA/ysyx-workbench/nemu/.git/config'
2024-05-07 17:53:09.997 [info] > git symbolic-ref --short HEAD [33ms]
2024-05-07 17:53:10.005 [info] > git config --get commit.template [9ms]
2024-05-07 17:53:10.006 [info] > git config --get commit.template [18ms]
2024-05-07 17:53:10.006 [info] > git remote --verbose [30ms]
2024-05-07 17:53:10.007 [info] > git for-each-ref --format=%(refname)%00%(upstream:short)%00%(objectname)%00%(upstream:track)%00%(upstream:remotename)%00%(upstream:remoteref) refs/heads/master refs/remotes/master [2ms]
2024-05-07 17:53:10.019 [warning] ENOENT: no such file or directory, open '/home/louis/MAA/ysyx-workbench/nemu/.git/refs/remotes/origin/master'
2024-05-07 17:53:10.019 [info] > git for-each-ref --format=%(refname)%00%(upstream:short)%00%(objectname)%00%(upstream:track)%00%(upstream:remotename)%00%(upstream:remoteref) refs/heads/master refs/remotes/master [5ms]
2024-05-07 17:53:10.025 [warning] ENOENT: no such file or directory, open '/home/louis/MAA/ysyx-workbench/.git/refs/remotes/origin/master'
2024-05-07 17:53:10.025 [info] > git rev-parse refs/remotes/origin/master [6ms]
2024-05-07 17:53:10.033 [info] > git rev-parse refs/remotes/origin/master [8ms]
2024-05-07 17:53:10.039 [info] > git status -z -uall [7ms]
2024-05-07 17:53:10.043 [info] > git status -z -uall [4ms]
2024-05-07 17:53:11.120 [info] > git ls-files --stage -- /home/louis/MAA/ysyx-workbench/nemu/src/monitor/monitor.c [3ms]
2024-05-07 17:53:11.134 [info] > git cat-file -s acaed1bd228d791c9b087abddcdba692ef8bfcef [3ms]
2024-05-07 17:53:11.146 [info] > git show --textconv :src/monitor/monitor.c [3ms]
2024-05-07 17:53:15.055 [warning] ENOENT: no such file or directory, open '/home/louis/MAA/ysyx-workbench/nemu/.git/HEAD'
2024-05-07 17:53:15.062 [warning] getRemotes() - ENOENT: no such file or directory, open '/home/louis/MAA/ysyx-workbench/nemu/.git/config'
2024-05-07 17:53:15.087 [info] > git remote --verbose [25ms]
2024-05-07 17:53:15.087 [info] > git symbolic-ref --short HEAD [32ms]
2024-05-07 17:53:15.096 [info] > git config --get commit.template [10ms]
2024-05-07 17:53:15.096 [info] > git config --get commit.template [23ms]
2024-05-07 17:53:15.097 [info] > git for-each-ref --format=%(refname)%00%(upstream:short)%00%(objectname)%00%(upstream:track)%00%(upstream:remotename)%00%(upstream:remoteref) refs/heads/master refs/remotes/master [2ms]
2024-05-07 17:53:15.119 [warning] ENOENT: no such file or directory, open '/home/louis/MAA/ysyx-workbench/nemu/.git/refs/remotes/origin/master'
2024-05-07 17:53:15.119 [info] > git for-each-ref --format=%(refname)%00%(upstream:short)%00%(objectname)%00%(upstream:track)%00%(upstream:remotename)%00%(upstream:remoteref) refs/heads/master refs/remotes/master [11ms]
2024-05-07 17:53:15.130 [warning] ENOENT: no such file or directory, open '/home/louis/MAA/ysyx-workbench/.git/refs/remotes/origin/master'
2024-05-07 17:53:15.131 [info] > git rev-parse refs/remotes/origin/master [12ms]
2024-05-07 17:53:15.143 [info] > git rev-parse refs/remotes/origin/master [13ms]
2024-05-07 17:53:15.153 [info] > git status -z -uall [11ms]
2024-05-07 17:53:15.156 [info] > git status -z -uall [4ms]
2024-05-07 17:53:17.015 [info] > git ls-files --stage -- /home/louis/MAA/ysyx-workbench/nemu/src/monitor/monitor.c [1ms]
2024-05-07 17:53:17.030 [info] > git cat-file -s acaed1bd228d791c9b087abddcdba692ef8bfcef [3ms]
2024-05-07 17:53:17.042 [info] > git show --textconv :src/monitor/monitor.c [1ms]
2024-05-07 17:53:20.165 [warning] ENOENT: no such file or directory, open '/home/louis/MAA/ysyx-workbench/nemu/.git/HEAD'
2024-05-07 17:53:20.173 [warning] getRemotes() - ENOENT: no such file or directory, open '/home/louis/MAA/ysyx-workbench/nemu/.git/config'
2024-05-07 17:53:20.201 [info] > git remote --verbose [28ms]
2024-05-07 17:53:20.201 [info] > git symbolic-ref --short HEAD [36ms]
2024-05-07 17:53:20.212 [info] > git config --get commit.template [12ms]
2024-05-07 17:53:20.213 [info] > git config --get commit.template [24ms]
2024-05-07 17:53:20.221 [info] > git for-each-ref --format=%(refname)%00%(upstream:short)%00%(objectname)%00%(upstream:track)%00%(upstream:remotename)%00%(upstream:remoteref) refs/heads/master refs/remotes/master [11ms]
2024-05-07 17:53:20.231 [warning] ENOENT: no such file or directory, open '/home/louis/MAA/ysyx-workbench/nemu/.git/refs/remotes/origin/master'
2024-05-07 17:53:20.231 [info] > git for-each-ref --format=%(refname)%00%(upstream:short)%00%(objectname)%00%(upstream:track)%00%(upstream:remotename)%00%(upstream:remoteref) refs/heads/master refs/remotes/master [10ms]
2024-05-07 17:53:20.239 [warning] ENOENT: no such file or directory, open '/home/louis/MAA/ysyx-workbench/.git/refs/remotes/origin/master'
2024-05-07 17:53:20.239 [info] > git rev-parse refs/remotes/origin/master [9ms]
2024-05-07 17:53:20.249 [info] > git rev-parse refs/remotes/origin/master [11ms]
2024-05-07 17:53:20.261 [info] > git status -z -uall [13ms]
2024-05-07 17:53:20.269 [info] > git status -z -uall [9ms]
2024-05-07 17:53:28.657 [info] > git check-ignore -v -z --stdin [1ms]
2024-05-07 17:53:30.755 [info] > git show --textconv :src/monitor/sdb/sdb.c [10ms]
2024-05-07 17:53:30.758 [info] > git ls-files --stage -- /home/louis/MAA/ysyx-workbench/nemu/src/monitor/sdb/sdb.c [3ms]
2024-05-07 17:53:30.768 [info] > git cat-file -s 725bce8bba7a76bd7150622dd07adf2074c0306e [3ms]
2024-05-07 17:53:47.695 [warning] ENOENT: no such file or directory, open '/home/louis/MAA/ysyx-workbench/nemu/.git/HEAD'
2024-05-07 17:53:47.707 [warning] getRemotes() - ENOENT: no such file or directory, open '/home/louis/MAA/ysyx-workbench/nemu/.git/config'
2024-05-07 17:53:47.721 [info] > git remote --verbose [14ms]
2024-05-07 17:53:47.722 [info] > git symbolic-ref --short HEAD [27ms]
2024-05-07 17:53:47.734 [info] > git config --get commit.template [50ms]
2024-05-07 17:53:47.745 [info] > git config --get commit.template [25ms]
2024-05-07 17:53:47.747 [info] > git for-each-ref --format=%(refname)%00%(upstream:short)%00%(objectname)%00%(upstream:track)%00%(upstream:remotename)%00%(upstream:remoteref) refs/heads/master refs/remotes/master [2ms]
2024-05-07 17:53:47.747 [info] > git for-each-ref --format=%(refname)%00%(upstream:short)%00%(objectname)%00%(upstream:track)%00%(upstream:remotename)%00%(upstream:remoteref) refs/heads/master refs/remotes/master [13ms]
2024-05-07 17:53:47.757 [warning] ENOENT: no such file or directory, open '/home/louis/MAA/ysyx-workbench/.git/refs/remotes/origin/master'
2024-05-07 17:53:47.768 [warning] ENOENT: no such file or directory, open '/home/louis/MAA/ysyx-workbench/nemu/.git/refs/remotes/origin/master'
2024-05-07 17:53:47.770 [info] > git rev-parse refs/remotes/origin/master [13ms]
2024-05-07 17:53:47.779 [info] > git rev-parse refs/remotes/origin/master [11ms]
2024-05-07 17:53:47.791 [info] > git status -z -uall [13ms]
2024-05-07 17:53:47.799 [info] > git status -z -uall [9ms]
2024-05-07 17:53:50.214 [info] > git ls-files --stage -- /home/louis/MAA/ysyx-workbench/nemu/src/monitor/sdb/sdb.c [3ms]
2024-05-07 17:53:50.228 [info] > git cat-file -s 725bce8bba7a76bd7150622dd07adf2074c0306e [3ms]
2024-05-07 17:53:50.245 [info] > git show --textconv :src/monitor/sdb/sdb.c [3ms]
2024-05-07 17:53:52.817 [warning] ENOENT: no such file or directory, open '/home/louis/MAA/ysyx-workbench/nemu/.git/HEAD'
2024-05-07 17:53:52.829 [warning] getRemotes() - ENOENT: no such file or directory, open '/home/louis/MAA/ysyx-workbench/nemu/.git/config'
2024-05-07 17:53:52.830 [info] > git config --get commit.template [26ms]
2024-05-07 17:53:52.839 [info] > git symbolic-ref --short HEAD [22ms]
2024-05-07 17:53:52.860 [info] > git config --get commit.template [21ms]
2024-05-07 17:53:52.860 [info] > git remote --verbose [31ms]
2024-05-07 17:53:52.860 [info] > git for-each-ref --format=%(refname)%00%(upstream:short)%00%(objectname)%00%(upstream:track)%00%(upstream:remotename)%00%(upstream:remoteref) refs/heads/master refs/remotes/master [2ms]
2024-05-07 17:53:52.860 [info] > git for-each-ref --format=%(refname)%00%(upstream:short)%00%(objectname)%00%(upstream:track)%00%(upstream:remotename)%00%(upstream:remoteref) refs/heads/master refs/remotes/master [11ms]
2024-05-07 17:53:52.871 [warning] ENOENT: no such file or directory, open '/home/louis/MAA/ysyx-workbench/.git/refs/remotes/origin/master'
2024-05-07 17:53:52.883 [warning] ENOENT: no such file or directory, open '/home/louis/MAA/ysyx-workbench/nemu/.git/refs/remotes/origin/master'
2024-05-07 17:53:52.884 [info] > git rev-parse refs/remotes/origin/master [13ms]
2024-05-07 17:53:52.897 [info] > git rev-parse refs/remotes/origin/master [14ms]
2024-05-07 17:53:52.908 [info] > git status -z -uall [12ms]
2024-05-07 17:53:52.916 [info] > git status -z -uall [9ms]
2024-05-07 17:54:20.953 [warning] ENOENT: no such file or directory, open '/home/louis/MAA/ysyx-workbench/nemu/.git/HEAD'
2024-05-07 17:54:20.962 [warning] getRemotes() - ENOENT: no such file or directory, open '/home/louis/MAA/ysyx-workbench/nemu/.git/config'
2024-05-07 17:54:20.974 [info] > git remote --verbose [12ms]
2024-05-07 17:54:20.974 [info] > git symbolic-ref --short HEAD [21ms]
2024-05-07 17:54:20.982 [info] > git config --get commit.template [40ms]
2024-05-07 17:54:20.984 [info] > git config --get commit.template [11ms]
2024-05-07 17:54:20.993 [info] > git for-each-ref --format=%(refname)%00%(upstream:short)%00%(objectname)%00%(upstream:track)%00%(upstream:remotename)%00%(upstream:remoteref) refs/heads/master refs/remotes/master [11ms]
2024-05-07 17:54:21.001 [warning] ENOENT: no such file or directory, open '/home/louis/MAA/ysyx-workbench/nemu/.git/refs/remotes/origin/master'
2024-05-07 17:54:21.002 [info] > git for-each-ref --format=%(refname)%00%(upstream:short)%00%(objectname)%00%(upstream:track)%00%(upstream:remotename)%00%(upstream:remoteref) refs/heads/master refs/remotes/master [10ms]
2024-05-07 17:54:21.012 [warning] ENOENT: no such file or directory, open '/home/louis/MAA/ysyx-workbench/.git/refs/remotes/origin/master'
2024-05-07 17:54:21.013 [info] > git rev-parse refs/remotes/origin/master [12ms]
2024-05-07 17:54:21.022 [info] > git rev-parse refs/remotes/origin/master [10ms]
2024-05-07 17:54:21.030 [info] > git status -z -uall [9ms]
2024-05-07 17:54:21.034 [info] > git status -z -uall [4ms]
2024-05-07 17:54:23.281 [info] > git ls-files --stage -- /home/louis/MAA/ysyx-workbench/nemu/src/monitor/sdb/sdb.c [2ms]
2024-05-07 17:54:23.294 [info] > git cat-file -s 725bce8bba7a76bd7150622dd07adf2074c0306e [3ms]
2024-05-07 17:54:23.310 [info] > git show --textconv :src/monitor/sdb/sdb.c [3ms]
2024-05-07 17:54:25.874 [info] > git ls-files --stage -- /home/louis/MAA/ysyx-workbench/nemu/src/monitor/sdb/sdb.c [3ms]
2024-05-07 17:54:25.889 [info] > git cat-file -s 725bce8bba7a76bd7150622dd07adf2074c0306e [4ms]
2024-05-07 17:54:25.906 [info] > git show --textconv :src/monitor/sdb/sdb.c [3ms]
2024-05-07 17:54:26.046 [warning] ENOENT: no such file or directory, open '/home/louis/MAA/ysyx-workbench/nemu/.git/HEAD'
2024-05-07 17:54:26.058 [warning] getRemotes() - ENOENT: no such file or directory, open '/home/louis/MAA/ysyx-workbench/nemu/.git/config'
2024-05-07 17:54:26.086 [info] > git remote --verbose [27ms]
2024-05-07 17:54:26.086 [info] > git symbolic-ref --short HEAD [40ms]
2024-05-07 17:54:26.095 [info] > git config --get commit.template [10ms]
2024-05-07 17:54:26.095 [info] > git config --get commit.template [22ms]
2024-05-07 17:54:26.107 [info] > git for-each-ref --format=%(refname)%00%(upstream:short)%00%(objectname)%00%(upstream:track)%00%(upstream:remotename)%00%(upstream:remoteref) refs/heads/master refs/remotes/master [13ms]
2024-05-07 17:54:26.119 [warning] ENOENT: no such file or directory, open '/home/louis/MAA/ysyx-workbench/nemu/.git/refs/remotes/origin/master'
2024-05-07 17:54:26.119 [info] > git for-each-ref --format=%(refname)%00%(upstream:short)%00%(objectname)%00%(upstream:track)%00%(upstream:remotename)%00%(upstream:remoteref) refs/heads/master refs/remotes/master [13ms]
2024-05-07 17:54:26.131 [warning] ENOENT: no such file or directory, open '/home/louis/MAA/ysyx-workbench/.git/refs/remotes/origin/master'
2024-05-07 17:54:26.132 [info] > git rev-parse refs/remotes/origin/master [14ms]
2024-05-07 17:54:26.143 [info] > git rev-parse refs/remotes/origin/master [12ms]
2024-05-07 17:54:26.155 [info] > git status -z -uall [12ms]
2024-05-07 17:54:26.164 [info] > git status -z -uall [9ms]
2024-05-07 17:54:30.410 [info] > git show --textconv :src/utils/filelist.mk [11ms]
2024-05-07 17:54:30.411 [info] > git ls-files --stage -- /home/louis/MAA/ysyx-workbench/nemu/src/utils/filelist.mk [2ms]
2024-05-07 17:54:30.428 [info] > git cat-file -s bcd69c5f98760966d99cc69226e43207d89e9aa8 [6ms]
2024-05-07 17:54:35.014 [info] > git check-ignore -v -z --stdin [3ms]
2024-05-07 17:54:35.977 [info] > git show --textconv :scripts/build.mk [11ms]
2024-05-07 17:54:35.978 [info] > git ls-files --stage -- /home/louis/MAA/ysyx-workbench/nemu/scripts/build.mk [2ms]
2024-05-07 17:54:35.996 [info] > git cat-file -s 51350e859835d3d8342f04b344291fdd06fa57bc [11ms]
2024-05-07 17:54:42.654 [info] > git show --textconv :scripts/config.mk [11ms]
2024-05-07 17:54:42.656 [info] > git ls-files --stage -- /home/louis/MAA/ysyx-workbench/nemu/scripts/config.mk [1ms]
2024-05-07 17:54:42.669 [info] > git cat-file -s 0525ee34a0a03cc386bb14d509e9c89c01267b1f [3ms]
2024-05-07 17:54:47.264 [info] > git show --textconv :scripts/native.mk [17ms]
2024-05-07 17:54:47.267 [info] > git ls-files --stage -- /home/louis/MAA/ysyx-workbench/nemu/scripts/native.mk [4ms]
2024-05-07 17:54:47.283 [info] > git cat-file -s e9199a75bfe168f21f48a64676a02327b9496151 [3ms]
2024-05-07 17:54:58.546 [warning] ENOENT: no such file or directory, open '/home/louis/MAA/ysyx-workbench/nemu/.git/HEAD'
2024-05-07 17:54:58.555 [warning] getRemotes() - ENOENT: no such file or directory, open '/home/louis/MAA/ysyx-workbench/nemu/.git/config'
2024-05-07 17:54:58.569 [info] > git remote --verbose [14ms]
2024-05-07 17:54:58.569 [info] > git symbolic-ref --short HEAD [23ms]
2024-05-07 17:54:58.581 [info] > git config --get commit.template [44ms]
2024-05-07 17:54:58.583 [info] > git config --get commit.template [16ms]
2024-05-07 17:54:58.596 [info] > git for-each-ref --format=%(refname)%00%(upstream:short)%00%(objectname)%00%(upstream:track)%00%(upstream:remotename)%00%(upstream:remoteref) refs/heads/master refs/remotes/master [15ms]
2024-05-07 17:54:58.622 [warning] ENOENT: no such file or directory, open '/home/louis/MAA/ysyx-workbench/nemu/.git/refs/remotes/origin/master'
2024-05-07 17:54:58.623 [info] > git show --textconv :src/monitor/monitor.c [19ms]
2024-05-07 17:54:58.624 [info] > git for-each-ref --format=%(refname)%00%(upstream:short)%00%(objectname)%00%(upstream:track)%00%(upstream:remotename)%00%(upstream:remoteref) refs/heads/master refs/remotes/master [29ms]
2024-05-07 17:54:58.635 [warning] ENOENT: no such file or directory, open '/home/louis/MAA/ysyx-workbench/.git/refs/remotes/origin/master'
2024-05-07 17:54:58.636 [info] > git rev-parse refs/remotes/origin/master [14ms]
2024-05-07 17:54:58.648 [info] > git ls-files --stage -- /home/louis/MAA/ysyx-workbench/nemu/src/monitor/monitor.c [35ms]
2024-05-07 17:54:58.659 [info] > git status -z -uall [12ms]
2024-05-07 17:54:58.661 [info] > git rev-parse refs/remotes/origin/master [26ms]
2024-05-07 17:54:58.670 [info] > git cat-file -s acaed1bd228d791c9b087abddcdba692ef8bfcef [12ms]
2024-05-07 17:54:58.673 [info] > git status -z -uall [4ms]
2024-05-07 17:55:01.724 [info] > git show --textconv :src/monitor/sdb/sdb.c [10ms]
2024-05-07 17:55:01.727 [info] > git ls-files --stage -- /home/louis/MAA/ysyx-workbench/nemu/src/monitor/sdb/sdb.c [3ms]
2024-05-07 17:55:01.735 [info] > git cat-file -s 725bce8bba7a76bd7150622dd07adf2074c0306e [2ms]
2024-05-07 17:55:06.414 [info] > git show --textconv :src/monitor/monitor.c [13ms]
2024-05-07 17:55:06.415 [info] > git ls-files --stage -- /home/louis/MAA/ysyx-workbench/nemu/src/monitor/monitor.c [4ms]
2024-05-07 17:55:06.430 [info] > git cat-file -s acaed1bd228d791c9b087abddcdba692ef8bfcef [5ms]
2024-05-07 17:55:17.576 [info] > git show --textconv :src/monitor/sdb/sdb.c [7ms]
2024-05-07 17:55:17.577 [info] > git ls-files --stage -- /home/louis/MAA/ysyx-workbench/nemu/src/monitor/sdb/sdb.c [1ms]
2024-05-07 17:55:17.586 [info] > git cat-file -s 725bce8bba7a76bd7150622dd07adf2074c0306e [1ms]
2024-05-07 17:55:23.292 [warning] ENOENT: no such file or directory, open '/home/louis/MAA/ysyx-workbench/nemu/.git/HEAD'
2024-05-07 17:55:23.302 [warning] getRemotes() - ENOENT: no such file or directory, open '/home/louis/MAA/ysyx-workbench/nemu/.git/config'
2024-05-07 17:55:23.314 [info] > git remote --verbose [12ms]
2024-05-07 17:55:23.314 [info] > git symbolic-ref --short HEAD [22ms]
2024-05-07 17:55:23.323 [info] > git config --get commit.template [44ms]
2024-05-07 17:55:23.324 [info] > git config --get commit.template [11ms]
2024-05-07 17:55:23.336 [info] > git for-each-ref --format=%(refname)%00%(upstream:short)%00%(objectname)%00%(upstream:track)%00%(upstream:remotename)%00%(upstream:remoteref) refs/heads/master refs/remotes/master [13ms]
2024-05-07 17:55:23.347 [warning] ENOENT: no such file or directory, open '/home/louis/MAA/ysyx-workbench/nemu/.git/refs/remotes/origin/master'
2024-05-07 17:55:23.348 [info] > git for-each-ref --format=%(refname)%00%(upstream:short)%00%(objectname)%00%(upstream:track)%00%(upstream:remotename)%00%(upstream:remoteref) refs/heads/master refs/remotes/master [14ms]
2024-05-07 17:55:23.358 [warning] ENOENT: no such file or directory, open '/home/louis/MAA/ysyx-workbench/.git/refs/remotes/origin/master'
2024-05-07 17:55:23.360 [info] > git rev-parse refs/remotes/origin/master [12ms]
2024-05-07 17:55:23.370 [info] > git rev-parse refs/remotes/origin/master [12ms]
2024-05-07 17:55:23.380 [info] > git status -z -uall [12ms]
2024-05-07 17:55:23.394 [info] > git status -z -uall [16ms]
2024-05-07 17:55:23.399 [info] > git ls-files --stage -- /home/louis/MAA/ysyx-workbench/nemu/src/monitor/sdb/sdb.c [6ms]
2024-05-07 17:55:23.412 [info] > git cat-file -s 725bce8bba7a76bd7150622dd07adf2074c0306e [2ms]
2024-05-07 17:55:23.423 [info] > git show --textconv :src/monitor/sdb/sdb.c [2ms]
2024-05-07 17:55:37.011 [warning] ENOENT: no such file or directory, open '/home/louis/MAA/ysyx-workbench/nemu/.git/HEAD'
2024-05-07 17:55:37.023 [warning] getRemotes() - ENOENT: no such file or directory, open '/home/louis/MAA/ysyx-workbench/nemu/.git/config'
2024-05-07 17:55:37.037 [info] > git remote --verbose [14ms]
2024-05-07 17:55:37.037 [info] > git symbolic-ref --short HEAD [26ms]
2024-05-07 17:55:37.049 [info] > git config --get commit.template [48ms]
2024-05-07 17:55:37.050 [info] > git config --get commit.template [15ms]
2024-05-07 17:55:37.063 [info] > git for-each-ref --format=%(refname)%00%(upstream:short)%00%(objectname)%00%(upstream:track)%00%(upstream:remotename)%00%(upstream:remoteref) refs/heads/master refs/remotes/master [14ms]
2024-05-07 17:55:37.073 [warning] ENOENT: no such file or directory, open '/home/louis/MAA/ysyx-workbench/nemu/.git/refs/remotes/origin/master'
2024-05-07 17:55:37.073 [info] > git for-each-ref --format=%(refname)%00%(upstream:short)%00%(objectname)%00%(upstream:track)%00%(upstream:remotename)%00%(upstream:remoteref) refs/heads/master refs/remotes/master [11ms]
2024-05-07 17:55:37.084 [warning] ENOENT: no such file or directory, open '/home/louis/MAA/ysyx-workbench/.git/refs/remotes/origin/master'
2024-05-07 17:55:37.084 [info] > git rev-parse refs/remotes/origin/master [11ms]
2024-05-07 17:55:37.094 [info] > git rev-parse refs/remotes/origin/master [11ms]
2024-05-07 17:55:37.104 [info] > git status -z -uall [12ms]
2024-05-07 17:55:37.117 [info] > git status -z -uall [14ms]
2024-05-07 17:55:37.120 [info] > git ls-files --stage -- /home/louis/MAA/ysyx-workbench/nemu/src/monitor/sdb/sdb.c [4ms]
2024-05-07 17:55:37.129 [info] > git cat-file -s 725bce8bba7a76bd7150622dd07adf2074c0306e [1ms]
2024-05-07 17:55:37.140 [info] > git show --textconv :src/monitor/sdb/sdb.c [1ms]
