2024-05-06 14:30:47.432 [info] 日志级别: Info
2024-05-06 14:30:47.432 [info] 正在验证在以下位置找到的 git: "git"
2024-05-06 14:30:47.432 [info] 将使用位于 "2.34.1" 的 Git "git"
2024-05-06 14:30:47.432 [info] > git rev-parse --show-toplevel [5ms]
2024-05-06 14:30:47.432 [info] > git rev-parse --git-dir --git-common-dir [14ms]
2024-05-06 14:30:47.432 [info] Open repository: /home/louis/gits/ysyx
2024-05-06 14:30:47.441 [info] > git rev-parse --show-toplevel [100ms]
2024-05-06 14:30:47.441 [info] > git config --get commit.template [107ms]
2024-05-06 14:30:47.579 [info] > git rev-parse --git-dir --git-common-dir [15ms]
2024-05-06 14:30:47.583 [info] Open repository: /home/louis/gits/ysyx/ysyx-workbench/am-kernels
2024-05-06 14:30:47.584 [info] > git for-each-ref --format=%(refname)%00%(upstream:short)%00%(objectname)%00%(upstream:track)%00%(upstream:remotename)%00%(upstream:remoteref) refs/heads/pa2 refs/remotes/pa2 [28ms]
2024-05-06 14:30:47.639 [info] > git rev-parse --show-toplevel [10ms]
2024-05-06 14:30:47.640 [info] > git config --get commit.template [18ms]
2024-05-06 14:30:47.708 [info] > git rev-parse --show-toplevel [35ms]
2024-05-06 14:30:47.748 [info] > git for-each-ref --format=%(refname)%00%(upstream:short)%00%(objectname)%00%(upstream:track)%00%(upstream:remotename)%00%(upstream:remoteref) refs/heads/pa2 refs/remotes/pa2 [49ms]
2024-05-06 14:30:47.757 [info] > git status -z -uall [51ms]
2024-05-06 14:30:47.757 [info] > git rev-parse --show-toplevel [10ms]
2024-05-06 14:30:47.793 [info] > git merge-base refs/heads/pa2 refs/remotes/origin/pa2 [26ms]
2024-05-06 14:30:47.814 [info] > git config --get commit.template [22ms]
2024-05-06 14:30:47.814 [info] > git rev-parse --show-toplevel [28ms]
2024-05-06 14:30:47.842 [info] > git rev-list --count --left-right refs/heads/pa2...refs/remotes/origin/pa2 [41ms]
2024-05-06 14:30:47.862 [info] > git status -z -uall [35ms]
2024-05-06 14:30:47.862 [info] > git rev-parse --show-toplevel [20ms]
2024-05-06 14:30:47.891 [info] > git merge-base refs/heads/pa2 refs/remotes/backup/pa2 [20ms]
2024-05-06 14:30:47.899 [info] > git for-each-ref --format=%(refname)%00%(upstream:short)%00%(objectname)%00%(upstream:track)%00%(upstream:remotename)%00%(upstream:remoteref) refs/heads/pa2 refs/remotes/pa2 [39ms]
2024-05-06 14:30:47.900 [info] > git diff --name-status -z --diff-filter=ADMR 8d302f796e5a6513f6ef556eff404e9667c82672...refs/remotes/origin/pa2 [50ms]
2024-05-06 14:30:47.906 [info] > git config --get commit.template [16ms]
2024-05-06 14:30:47.906 [info] > git rev-parse --git-dir --git-common-dir [21ms]
2024-05-06 14:30:47.910 [info] Open repository: /home/louis/gits/ysyx/ysyx-workbench
2024-05-06 14:30:47.924 [info] > git rev-list --count --left-right refs/heads/pa2...refs/remotes/backup/pa2 [25ms]
2024-05-06 14:30:47.959 [info] > git diff --name-status -z --diff-filter=ADMR 739057f226b5b68cc6fc0b290fff5ef1d34dbcaa...refs/remotes/backup/pa2 [27ms]
2024-05-06 14:30:47.960 [info] > git config --get commit.template [36ms]
2024-05-06 14:30:48.076 [info] > git for-each-ref --format=%(refname)%00%(upstream:short)%00%(objectname)%00%(upstream:track)%00%(upstream:remotename)%00%(upstream:remoteref) refs/heads/pa2 refs/remotes/pa2 [119ms]
2024-05-06 14:30:48.170 [info] > git status -z -uall [95ms]
2024-05-06 14:30:48.185 [info] > git for-each-ref --format=%(refname)%00%(upstream:short)%00%(objectname)%00%(upstream:track)%00%(upstream:remotename)%00%(upstream:remoteref) refs/heads/pa2 refs/remotes/pa2 [16ms]
2024-05-06 14:30:48.244 [info] > git status -z -uall [13ms]
2024-05-06 14:30:48.270 [info] > git status -z -uall [17ms]
2024-05-06 14:30:48.299 [info] > git merge-base refs/heads/pa2 refs/remotes/backup/pa2 [22ms]
2024-05-06 14:30:48.323 [info] > git rev-list --count --left-right refs/heads/pa2...refs/remotes/backup/pa2 [17ms]
2024-05-06 14:30:48.329 [info] > git config --get commit.template [34ms]
2024-05-06 14:30:48.367 [info] > git diff --name-status -z --diff-filter=ADMR 82b266f95b0af060cd9f2cb9e4f1fcf5e3af3b35...refs/remotes/backup/pa2 [38ms]
2024-05-06 14:30:48.424 [info] > git for-each-ref --format=%(refname)%00%(upstream:short)%00%(objectname)%00%(upstream:track)%00%(upstream:remotename)%00%(upstream:remoteref) refs/heads/pa2 refs/remotes/pa2 [58ms]
2024-05-06 14:30:48.490 [info] > git check-ignore -v -z --stdin [16ms]
2024-05-06 14:30:48.494 [info] > git check-ignore -v -z --stdin [13ms]
2024-05-06 14:30:48.495 [info] > git check-ignore -v -z --stdin [7ms]
2024-05-06 14:30:48.540 [info] > git status -z -uall [36ms]
2024-05-06 14:30:48.540 [info] > git show --textconv :tests/klib-tests/src/tests/out.c [19ms]
2024-05-06 14:30:48.551 [info] > git ls-files --stage -- /home/louis/gits/ysyx/ysyx-workbench/am-kernels/tests/klib-tests/src/tests/out.c [22ms]
2024-05-06 14:30:48.560 [info] > git cat-file -s e73aa9984fb7c45211fd7b896f08528bf4fd5fd9 [3ms]
2024-05-06 14:31:06.921 [info] > git check-ignore -v -z --stdin [7ms]
2024-05-06 14:31:06.922 [info] > git check-ignore -v -z --stdin [2ms]
2024-05-06 14:31:08.645 [info] > git check-ignore -v -z --stdin [2ms]
2024-05-06 14:31:09.732 [info] > git check-ignore -v -z --stdin [2ms]
2024-05-06 14:31:13.442 [info] > git check-ignore -v -z --stdin [1ms]
2024-05-06 14:31:15.465 [info] > git check-ignore -v -z --stdin [1ms]
2024-05-06 14:31:17.728 [info] > git check-ignore -v -z --stdin [1ms]
2024-05-06 14:31:20.491 [info] > git show --textconv :dlco-test/exp07/vsrc/ps2_keyboard.v [8ms]
2024-05-06 14:31:20.492 [info] > git ls-files --stage -- /home/louis/gits/ysyx/ysyx-workbench/dlco-test/exp07/vsrc/ps2_keyboard.v [2ms]
2024-05-06 14:31:20.499 [info] > git cat-file -s fe3fefd02c1bc00b71f0d474a9c59c79239a6dbf [2ms]
2024-05-06 14:32:24.864 [info] > git ls-files --stage -- /home/louis/gits/ysyx/ysyx-workbench/dlco-test/exp07/vsrc/kbd_ctrl.v [1ms]
2024-05-06 14:32:24.873 [info] > git show --textconv :dlco-test/exp07/vsrc/kbd_ctrl.v [17ms]
2024-05-06 14:32:24.874 [info] > git cat-file -s f85d8a1cd9a68346eaa1274035d7d8b4aa9eb63a [2ms]
2024-05-06 14:32:51.571 [info] > git show --textconv :dlco-test/exp07/vsrc/ps2_keyboard.v [8ms]
2024-05-06 14:32:51.572 [info] > git ls-files --stage -- /home/louis/gits/ysyx/ysyx-workbench/dlco-test/exp07/vsrc/ps2_keyboard.v [1ms]
2024-05-06 14:32:51.580 [info] > git cat-file -s fe3fefd02c1bc00b71f0d474a9c59c79239a6dbf [2ms]
2024-05-06 14:34:01.280 [info] > git show --textconv :dlco-test/exp07/vsrc/kbd_ctrl.v [8ms]
2024-05-06 14:34:01.281 [info] > git ls-files --stage -- /home/louis/gits/ysyx/ysyx-workbench/dlco-test/exp07/vsrc/kbd_ctrl.v [2ms]
2024-05-06 14:34:01.289 [info] > git cat-file -s f85d8a1cd9a68346eaa1274035d7d8b4aa9eb63a [1ms]
2024-05-06 14:34:57.770 [info] > git show --textconv :dlco-test/exp07/vsrc/ps2_keyboard.v [8ms]
2024-05-06 14:34:57.771 [info] > git ls-files --stage -- /home/louis/gits/ysyx/ysyx-workbench/dlco-test/exp07/vsrc/ps2_keyboard.v [2ms]
2024-05-06 14:34:57.789 [info] > git cat-file -s fe3fefd02c1bc00b71f0d474a9c59c79239a6dbf [2ms]
2024-05-06 14:38:31.560 [info] > git show --textconv :dlco-test/exp07/vsrc/kbd_ctrl.v [8ms]
2024-05-06 14:38:31.561 [info] > git ls-files --stage -- /home/louis/gits/ysyx/ysyx-workbench/dlco-test/exp07/vsrc/kbd_ctrl.v [1ms]
2024-05-06 14:38:31.570 [info] > git cat-file -s f85d8a1cd9a68346eaa1274035d7d8b4aa9eb63a [2ms]
2024-05-06 14:49:10.921 [info] > git check-ignore -v -z --stdin [1ms]
2024-05-06 14:49:12.546 [info] > git check-ignore -v -z --stdin [1ms]
2024-05-06 14:49:14.386 [info] > git show --textconv :dlco-test/exp07/test/keyboard_sim.v [8ms]
2024-05-06 14:49:14.388 [info] > git ls-files --stage -- /home/louis/gits/ysyx/ysyx-workbench/dlco-test/exp07/test/keyboard_sim.v [2ms]
2024-05-06 14:49:14.396 [info] > git cat-file -s 730ea8ef1a7691d34c8eff278c5dca91709fb6c9 [1ms]
2024-05-06 14:49:37.472 [info] > git ls-files --stage -- /home/louis/gits/ysyx/ysyx-workbench/dlco-test/exp07/test/ps2_keyboard_model.v [1ms]
2024-05-06 14:49:37.478 [info] > git show --textconv :dlco-test/exp07/test/ps2_keyboard_model.v [14ms]
2024-05-06 14:49:37.480 [info] > git cat-file -s 7f6fa3e2bb1bf56142da3cb982dfe2d9fe40c146 [1ms]
2024-05-06 14:49:54.868 [info] > git show --textconv :dlco-test/exp07/vsrc/kbd_ctrl.v [7ms]
2024-05-06 14:49:54.869 [info] > git ls-files --stage -- /home/louis/gits/ysyx/ysyx-workbench/dlco-test/exp07/vsrc/kbd_ctrl.v [2ms]
2024-05-06 14:49:54.876 [info] > git cat-file -s f85d8a1cd9a68346eaa1274035d7d8b4aa9eb63a [2ms]
2024-05-06 14:49:58.544 [info] > git show --textconv :dlco-test/exp07/csrc/main.cpp [2ms]
2024-05-06 14:49:58.558 [info] > git ls-files --stage -- /home/louis/gits/ysyx/ysyx-workbench/dlco-test/exp07/csrc/main.cpp [3ms]
2024-05-06 14:49:58.568 [info] > git cat-file -s 188b8d4cce61826c6078a468c44a0cffba4a7632 [3ms]
2024-05-06 14:50:18.808 [info] > git config --get commit.template [9ms]
2024-05-06 14:50:18.809 [info] > git config --get commit.template [3ms]
2024-05-06 14:50:18.838 [info] > git for-each-ref --format=%(refname)%00%(upstream:short)%00%(objectname)%00%(upstream:track)%00%(upstream:remotename)%00%(upstream:remoteref) refs/heads/pa2 refs/remotes/pa2 [11ms]
2024-05-06 14:50:18.839 [info] > git for-each-ref --format=%(refname)%00%(upstream:short)%00%(objectname)%00%(upstream:track)%00%(upstream:remotename)%00%(upstream:remoteref) refs/heads/pa2 refs/remotes/pa2 [18ms]
2024-05-06 14:50:18.840 [info] > git ls-files --stage -- /home/louis/gits/ysyx/ysyx-workbench/dlco-test/exp07/csrc/main.cpp [3ms]
2024-05-06 14:50:18.867 [info] > git cat-file -s 188b8d4cce61826c6078a468c44a0cffba4a7632 [17ms]
2024-05-06 14:50:18.868 [info] > git status -z -uall [11ms]
2024-05-06 14:50:18.883 [info] > git status -z -uall [18ms]
2024-05-06 14:50:18.886 [info] > git show --textconv :dlco-test/exp07/csrc/main.cpp [4ms]
2024-05-06 14:50:23.898 [info] > git config --get commit.template [17ms]
2024-05-06 14:50:23.899 [info] > git for-each-ref --format=%(refname)%00%(upstream:short)%00%(objectname)%00%(upstream:track)%00%(upstream:remotename)%00%(upstream:remoteref) refs/heads/pa2 refs/remotes/pa2 [10ms]
2024-05-06 14:50:23.907 [info] > git config --get commit.template [10ms]
2024-05-06 14:50:23.915 [info] > git for-each-ref --format=%(refname)%00%(upstream:short)%00%(objectname)%00%(upstream:track)%00%(upstream:remotename)%00%(upstream:remoteref) refs/heads/pa2 refs/remotes/pa2 [9ms]
2024-05-06 14:50:23.924 [info] > git status -z -uall [10ms]
2024-05-06 14:50:23.938 [info] > git status -z -uall [15ms]
2024-05-06 14:50:44.491 [info] > git config --get commit.template [10ms]
2024-05-06 14:50:44.492 [info] > git config --get commit.template [3ms]
2024-05-06 14:50:44.520 [info] > git for-each-ref --format=%(refname)%00%(upstream:short)%00%(objectname)%00%(upstream:track)%00%(upstream:remotename)%00%(upstream:remoteref) refs/heads/pa2 refs/remotes/pa2 [11ms]
2024-05-06 14:50:44.520 [info] > git for-each-ref --format=%(refname)%00%(upstream:short)%00%(objectname)%00%(upstream:track)%00%(upstream:remotename)%00%(upstream:remoteref) refs/heads/pa2 refs/remotes/pa2 [19ms]
2024-05-06 14:50:44.522 [info] > git ls-files --stage -- /home/louis/gits/ysyx/ysyx-workbench/dlco-test/exp07/csrc/main.cpp [4ms]
2024-05-06 14:50:44.545 [info] > git cat-file -s 188b8d4cce61826c6078a468c44a0cffba4a7632 [15ms]
2024-05-06 14:50:44.552 [info] > git status -z -uall [14ms]
2024-05-06 14:50:44.555 [info] > git status -z -uall [10ms]
2024-05-06 14:50:44.570 [info] > git show --textconv :dlco-test/exp07/csrc/main.cpp [3ms]
2024-05-06 14:50:49.569 [info] > git config --get commit.template [8ms]
2024-05-06 14:50:49.576 [info] > git config --get commit.template [8ms]
2024-05-06 14:50:49.585 [info] > git for-each-ref --format=%(refname)%00%(upstream:short)%00%(objectname)%00%(upstream:track)%00%(upstream:remotename)%00%(upstream:remoteref) refs/heads/pa2 refs/remotes/pa2 [9ms]
2024-05-06 14:50:49.592 [info] > git for-each-ref --format=%(refname)%00%(upstream:short)%00%(objectname)%00%(upstream:track)%00%(upstream:remotename)%00%(upstream:remoteref) refs/heads/pa2 refs/remotes/pa2 [8ms]
2024-05-06 14:50:49.605 [info] > git status -z -uall [14ms]
2024-05-06 14:50:49.610 [info] > git status -z -uall [10ms]
2024-05-06 14:51:18.329 [info] > git config --get commit.template [8ms]
2024-05-06 14:51:18.345 [info] > git for-each-ref --format=%(refname)%00%(upstream:short)%00%(objectname)%00%(upstream:track)%00%(upstream:remotename)%00%(upstream:remoteref) refs/heads/pa2 refs/remotes/pa2 [8ms]
2024-05-06 14:51:18.346 [info] > git config --get commit.template [18ms]
2024-05-06 14:51:18.353 [info] > git for-each-ref --format=%(refname)%00%(upstream:short)%00%(objectname)%00%(upstream:track)%00%(upstream:remotename)%00%(upstream:remoteref) refs/heads/pa2 refs/remotes/pa2 [8ms]
2024-05-06 14:51:18.365 [info] > git status -z -uall [12ms]
2024-05-06 14:51:18.372 [info] > git status -z -uall [12ms]
2024-05-06 14:51:33.001 [info] > git config --get commit.template [11ms]
2024-05-06 14:51:33.009 [info] > git config --get commit.template [11ms]
2024-05-06 14:51:33.026 [info] > git for-each-ref --format=%(refname)%00%(upstream:short)%00%(objectname)%00%(upstream:track)%00%(upstream:remotename)%00%(upstream:remoteref) refs/heads/pa2 refs/remotes/pa2 [9ms]
2024-05-06 14:51:33.027 [info] > git ls-files --stage -- /home/louis/gits/ysyx/ysyx-workbench/dlco-test/exp07/csrc/main.cpp [19ms]
2024-05-06 14:51:33.036 [info] > git for-each-ref --format=%(refname)%00%(upstream:short)%00%(objectname)%00%(upstream:track)%00%(upstream:remotename)%00%(upstream:remoteref) refs/heads/pa2 refs/remotes/pa2 [11ms]
2024-05-06 14:51:33.052 [info] > git cat-file -s 188b8d4cce61826c6078a468c44a0cffba4a7632 [17ms]
2024-05-06 14:51:33.065 [info] > git status -z -uall [21ms]
2024-05-06 14:51:33.065 [info] > git status -z -uall [13ms]
2024-05-06 14:51:33.069 [info] > git show --textconv :dlco-test/exp07/csrc/main.cpp [5ms]
2024-05-06 14:51:38.086 [info] > git config --get commit.template [9ms]
2024-05-06 14:51:38.102 [info] > git config --get commit.template [17ms]
2024-05-06 14:51:38.103 [info] > git for-each-ref --format=%(refname)%00%(upstream:short)%00%(objectname)%00%(upstream:track)%00%(upstream:remotename)%00%(upstream:remoteref) refs/heads/pa2 refs/remotes/pa2 [9ms]
2024-05-06 14:51:38.112 [info] > git for-each-ref --format=%(refname)%00%(upstream:short)%00%(objectname)%00%(upstream:track)%00%(upstream:remotename)%00%(upstream:remoteref) refs/heads/pa2 refs/remotes/pa2 [10ms]
2024-05-06 14:51:38.124 [info] > git status -z -uall [13ms]
2024-05-06 14:51:38.134 [info] > git status -z -uall [14ms]
2024-05-06 14:51:38.456 [info] > git check-ignore -v -z --stdin [2ms]
2024-05-06 14:51:51.887 [info] > git show --textconv :dlco-test/exp07/csrc/main.cpp [8ms]
2024-05-06 14:51:51.888 [info] > git ls-files --stage -- /home/louis/gits/ysyx/ysyx-workbench/dlco-test/exp07/csrc/main.cpp [1ms]
2024-05-06 14:51:51.896 [info] > git cat-file -s 188b8d4cce61826c6078a468c44a0cffba4a7632 [1ms]
2024-05-06 14:54:44.968 [info] > git ls-files --stage -- /home/louis/gits/ysyx/ysyx-workbench/dlco-test/exp07/test/main.cpp [1ms]
2024-05-06 14:54:44.975 [info] > git show --textconv :dlco-test/exp07/test/main.cpp [16ms]
2024-05-06 14:54:44.976 [info] > git cat-file -s 6397647277b08d487f16a6c02c27c21055a053d2 [2ms]
2024-05-06 14:54:55.579 [info] > git show --textconv :dlco-test/exp07/test/keyboard_sim.v [7ms]
2024-05-06 14:54:55.580 [info] > git ls-files --stage -- /home/louis/gits/ysyx/ysyx-workbench/dlco-test/exp07/test/keyboard_sim.v [2ms]
2024-05-06 14:54:55.588 [info] > git cat-file -s 730ea8ef1a7691d34c8eff278c5dca91709fb6c9 [1ms]
2024-05-06 14:55:08.700 [info] > git show --textconv :dlco-test/exp07/test/ps2_keyboard_model.v [8ms]
2024-05-06 14:55:08.701 [info] > git ls-files --stage -- /home/louis/gits/ysyx/ysyx-workbench/dlco-test/exp07/test/ps2_keyboard_model.v [2ms]
2024-05-06 14:55:08.709 [info] > git cat-file -s 7f6fa3e2bb1bf56142da3cb982dfe2d9fe40c146 [1ms]
2024-05-06 14:56:59.475 [info] > git show --textconv :dlco-test/exp07/test/keyboard_sim.v [7ms]
2024-05-06 14:56:59.476 [info] > git ls-files --stage -- /home/louis/gits/ysyx/ysyx-workbench/dlco-test/exp07/test/keyboard_sim.v [2ms]
2024-05-06 14:56:59.485 [info] > git cat-file -s 730ea8ef1a7691d34c8eff278c5dca91709fb6c9 [2ms]
2024-05-06 14:58:23.459 [info] > git show --textconv :dlco-test/exp07/test/ps2_keyboard_model.v [7ms]
2024-05-06 14:58:23.460 [info] > git ls-files --stage -- /home/louis/gits/ysyx/ysyx-workbench/dlco-test/exp07/test/ps2_keyboard_model.v [2ms]
2024-05-06 14:58:23.469 [info] > git cat-file -s 7f6fa3e2bb1bf56142da3cb982dfe2d9fe40c146 [2ms]
2024-05-06 14:58:37.025 [info] > git show --textconv :dlco-test/exp07/test/keyboard_sim.v [8ms]
2024-05-06 14:58:37.026 [info] > git ls-files --stage -- /home/louis/gits/ysyx/ysyx-workbench/dlco-test/exp07/test/keyboard_sim.v [2ms]
2024-05-06 14:58:37.035 [info] > git cat-file -s 730ea8ef1a7691d34c8eff278c5dca91709fb6c9 [2ms]
2024-05-06 15:02:02.934 [info] > git show --textconv :dlco-test/exp07/test/ps2_keyboard_model.v [8ms]
2024-05-06 15:02:02.935 [info] > git ls-files --stage -- /home/louis/gits/ysyx/ysyx-workbench/dlco-test/exp07/test/ps2_keyboard_model.v [1ms]
2024-05-06 15:02:02.943 [info] > git cat-file -s 7f6fa3e2bb1bf56142da3cb982dfe2d9fe40c146 [1ms]
2024-05-06 15:02:20.174 [info] > git show --textconv :dlco-test/exp07/test/keyboard_sim.v [7ms]
2024-05-06 15:02:20.176 [info] > git ls-files --stage -- /home/louis/gits/ysyx/ysyx-workbench/dlco-test/exp07/test/keyboard_sim.v [1ms]
2024-05-06 15:02:20.184 [info] > git cat-file -s 730ea8ef1a7691d34c8eff278c5dca91709fb6c9 [1ms]
2024-05-06 15:02:27.092 [info] > git show --textconv :dlco-test/exp07/test/ps2_keyboard_model.v [7ms]
2024-05-06 15:02:27.093 [info] > git ls-files --stage -- /home/louis/gits/ysyx/ysyx-workbench/dlco-test/exp07/test/ps2_keyboard_model.v [1ms]
2024-05-06 15:02:27.101 [info] > git cat-file -s 7f6fa3e2bb1bf56142da3cb982dfe2d9fe40c146 [1ms]
2024-05-06 15:04:29.897 [info] > git show --textconv :dlco-test/exp07/test/keyboard_sim.v [8ms]
2024-05-06 15:04:29.898 [info] > git ls-files --stage -- /home/louis/gits/ysyx/ysyx-workbench/dlco-test/exp07/test/keyboard_sim.v [2ms]
2024-05-06 15:04:29.906 [info] > git cat-file -s 730ea8ef1a7691d34c8eff278c5dca91709fb6c9 [1ms]
2024-05-06 15:04:47.725 [info] > git show --textconv :dlco-test/exp07/test/ps2_keyboard_model.v [8ms]
2024-05-06 15:04:47.726 [info] > git ls-files --stage -- /home/louis/gits/ysyx/ysyx-workbench/dlco-test/exp07/test/ps2_keyboard_model.v [1ms]
2024-05-06 15:04:47.734 [info] > git cat-file -s 7f6fa3e2bb1bf56142da3cb982dfe2d9fe40c146 [1ms]
2024-05-06 15:05:01.938 [info] > git show --textconv :dlco-test/exp07/test/keyboard_sim.v [9ms]
2024-05-06 15:05:01.939 [info] > git ls-files --stage -- /home/louis/gits/ysyx/ysyx-workbench/dlco-test/exp07/test/keyboard_sim.v [1ms]
2024-05-06 15:05:01.947 [info] > git cat-file -s 730ea8ef1a7691d34c8eff278c5dca91709fb6c9 [2ms]
2024-05-06 15:05:55.593 [info] > git show --textconv :dlco-test/exp07/test/ps2_keyboard_model.v [8ms]
2024-05-06 15:05:55.594 [info] > git ls-files --stage -- /home/louis/gits/ysyx/ysyx-workbench/dlco-test/exp07/test/ps2_keyboard_model.v [1ms]
2024-05-06 15:05:55.603 [info] > git cat-file -s 7f6fa3e2bb1bf56142da3cb982dfe2d9fe40c146 [2ms]
2024-05-06 15:07:18.461 [info] > git show --textconv :dlco-test/exp07/test/keyboard_sim.v [7ms]
2024-05-06 15:07:18.461 [info] > git ls-files --stage -- /home/louis/gits/ysyx/ysyx-workbench/dlco-test/exp07/test/keyboard_sim.v [1ms]
2024-05-06 15:07:18.469 [info] > git cat-file -s 730ea8ef1a7691d34c8eff278c5dca91709fb6c9 [1ms]
2024-05-06 15:07:21.888 [info] > git show --textconv :dlco-test/exp07/test/ps2_keyboard_model.v [9ms]
2024-05-06 15:07:21.889 [info] > git ls-files --stage -- /home/louis/gits/ysyx/ysyx-workbench/dlco-test/exp07/test/ps2_keyboard_model.v [2ms]
2024-05-06 15:07:21.897 [info] > git cat-file -s 7f6fa3e2bb1bf56142da3cb982dfe2d9fe40c146 [2ms]
2024-05-06 15:10:30.640 [info] > git show --textconv :dlco-test/exp07/test/keyboard_sim.v [7ms]
2024-05-06 15:10:30.642 [info] > git ls-files --stage -- /home/louis/gits/ysyx/ysyx-workbench/dlco-test/exp07/test/keyboard_sim.v [1ms]
2024-05-06 15:10:30.650 [info] > git cat-file -s 730ea8ef1a7691d34c8eff278c5dca91709fb6c9 [2ms]
2024-05-06 15:19:16.703 [info] > git show --textconv :dlco-test/exp07/vsrc/ps2_keyboard.v [9ms]
2024-05-06 15:19:16.704 [info] > git ls-files --stage -- /home/louis/gits/ysyx/ysyx-workbench/dlco-test/exp07/vsrc/ps2_keyboard.v [1ms]
2024-05-06 15:19:16.711 [info] > git cat-file -s fe3fefd02c1bc00b71f0d474a9c59c79239a6dbf [1ms]
2024-05-06 15:33:15.186 [info] > git show --textconv :dlco-test/exp07/test/ps2_keyboard_model.v [7ms]
2024-05-06 15:33:15.187 [info] > git ls-files --stage -- /home/louis/gits/ysyx/ysyx-workbench/dlco-test/exp07/test/ps2_keyboard_model.v [1ms]
2024-05-06 15:33:15.197 [info] > git cat-file -s 7f6fa3e2bb1bf56142da3cb982dfe2d9fe40c146 [1ms]
2024-05-06 15:33:18.919 [info] > git show --textconv :dlco-test/exp07/test/keyboard_sim.v [9ms]
2024-05-06 15:33:18.920 [info] > git ls-files --stage -- /home/louis/gits/ysyx/ysyx-workbench/dlco-test/exp07/test/keyboard_sim.v [2ms]
2024-05-06 15:33:18.927 [info] > git cat-file -s 730ea8ef1a7691d34c8eff278c5dca91709fb6c9 [1ms]
2024-05-06 15:33:48.376 [info] > git show --textconv :dlco-test/exp07/vsrc/ps2_keyboard.v [8ms]
2024-05-06 15:33:48.377 [info] > git ls-files --stage -- /home/louis/gits/ysyx/ysyx-workbench/dlco-test/exp07/vsrc/ps2_keyboard.v [1ms]
2024-05-06 15:33:48.386 [info] > git cat-file -s fe3fefd02c1bc00b71f0d474a9c59c79239a6dbf [1ms]
2024-05-06 15:34:36.304 [info] > git show --textconv :dlco-test/exp07/test/keyboard_sim.v [9ms]
2024-05-06 15:34:36.305 [info] > git ls-files --stage -- /home/louis/gits/ysyx/ysyx-workbench/dlco-test/exp07/test/keyboard_sim.v [2ms]
2024-05-06 15:34:36.314 [info] > git cat-file -s 730ea8ef1a7691d34c8eff278c5dca91709fb6c9 [2ms]
2024-05-06 15:34:50.771 [info] > git show --textconv :dlco-test/exp07/vsrc/kbd_ctrl.v [8ms]
2024-05-06 15:34:50.772 [info] > git ls-files --stage -- /home/louis/gits/ysyx/ysyx-workbench/dlco-test/exp07/vsrc/kbd_ctrl.v [2ms]
2024-05-06 15:34:50.779 [info] > git cat-file -s f85d8a1cd9a68346eaa1274035d7d8b4aa9eb63a [1ms]
2024-05-06 15:37:05.970 [info] > git show --textconv :dlco-test/exp07/test/keyboard_sim.v [8ms]
2024-05-06 15:37:05.971 [info] > git ls-files --stage -- /home/louis/gits/ysyx/ysyx-workbench/dlco-test/exp07/test/keyboard_sim.v [2ms]
2024-05-06 15:37:05.979 [info] > git cat-file -s 730ea8ef1a7691d34c8eff278c5dca91709fb6c9 [1ms]
2024-05-06 15:38:12.053 [info] > git show --textconv :dlco-test/exp07/test/ps2_keyboard_model.v [8ms]
2024-05-06 15:38:12.054 [info] > git ls-files --stage -- /home/louis/gits/ysyx/ysyx-workbench/dlco-test/exp07/test/ps2_keyboard_model.v [1ms]
2024-05-06 15:38:12.062 [info] > git cat-file -s 7f6fa3e2bb1bf56142da3cb982dfe2d9fe40c146 [2ms]
2024-05-06 15:38:23.292 [info] > git show --textconv :dlco-test/exp07/test/keyboard_sim.v [8ms]
2024-05-06 15:38:23.293 [info] > git ls-files --stage -- /home/louis/gits/ysyx/ysyx-workbench/dlco-test/exp07/test/keyboard_sim.v [1ms]
2024-05-06 15:38:23.349 [info] > git cat-file -s 730ea8ef1a7691d34c8eff278c5dca91709fb6c9 [10ms]
2024-05-06 15:38:29.330 [info] > git show --textconv :dlco-test/exp07/vsrc/ps2_keyboard.v [7ms]
2024-05-06 15:38:29.331 [info] > git ls-files --stage -- /home/louis/gits/ysyx/ysyx-workbench/dlco-test/exp07/vsrc/ps2_keyboard.v [1ms]
2024-05-06 15:38:29.340 [info] > git cat-file -s fe3fefd02c1bc00b71f0d474a9c59c79239a6dbf [2ms]
2024-05-06 15:40:45.912 [info] > git show --textconv :dlco-test/exp07/vsrc/kbd_ctrl.v [9ms]
2024-05-06 15:40:45.913 [info] > git ls-files --stage -- /home/louis/gits/ysyx/ysyx-workbench/dlco-test/exp07/vsrc/kbd_ctrl.v [2ms]
2024-05-06 15:40:45.921 [info] > git cat-file -s f85d8a1cd9a68346eaa1274035d7d8b4aa9eb63a [2ms]
2024-05-06 18:07:10.288 [info] > git show --textconv :dlco-test/exp07/test/keyboard_sim.v [10ms]
2024-05-06 18:07:10.290 [info] > git ls-files --stage -- /home/louis/gits/ysyx/ysyx-workbench/dlco-test/exp07/test/keyboard_sim.v [2ms]
2024-05-06 18:07:10.308 [info] > git cat-file -s 730ea8ef1a7691d34c8eff278c5dca91709fb6c9 [5ms]
2024-05-06 18:07:15.578 [info] > git show --textconv :tests/klib-tests/include/klibtest.h [17ms]
2024-05-06 18:07:15.580 [info] > git ls-files --stage -- /home/louis/gits/ysyx/ysyx-workbench/am-kernels/tests/klib-tests/include/klibtest.h [3ms]
2024-05-06 18:07:15.597 [info] > git cat-file -s bc01a90fa0ea10718f44d256028e120c70dc8bb2 [5ms]
2024-05-06 18:07:23.287 [info] > git show --textconv :tests/klib-tests/include/klibtest.h [15ms]
2024-05-06 18:07:23.293 [info] > git ls-files --stage -- /home/louis/gits/ysyx/ysyx-workbench/am-kernels/tests/klib-tests/include/klibtest.h [7ms]
2024-05-06 18:07:23.310 [info] > git cat-file -s bc01a90fa0ea10718f44d256028e120c70dc8bb2 [4ms]
2024-05-06 18:07:29.020 [info] > git show --textconv :tests/klib-tests/include/klibtest.h [17ms]
2024-05-06 18:07:29.026 [info] > git ls-files --stage -- /home/louis/gits/ysyx/ysyx-workbench/am-kernels/tests/klib-tests/include/klibtest.h [7ms]
2024-05-06 18:07:29.045 [info] > git cat-file -s bc01a90fa0ea10718f44d256028e120c70dc8bb2 [4ms]
2024-05-06 18:07:39.362 [info] > git show --textconv :dlco-test/exp07/csrc/main.cpp [25ms]
2024-05-06 18:07:39.365 [info] > git ls-files --stage -- /home/louis/gits/ysyx/ysyx-workbench/dlco-test/exp07/csrc/main.cpp [4ms]
2024-05-06 18:07:39.376 [info] > git cat-file -s 188b8d4cce61826c6078a468c44a0cffba4a7632 [1ms]
2024-05-06 18:07:42.711 [info] > git config --get commit.template [14ms]
2024-05-06 18:07:42.732 [info] > git for-each-ref --format=%(refname)%00%(upstream:short)%00%(objectname)%00%(upstream:track)%00%(upstream:remotename)%00%(upstream:remoteref) refs/heads/pa2 refs/remotes/pa2 [9ms]
2024-05-06 18:07:42.733 [info] > git config --get commit.template [23ms]
2024-05-06 18:07:42.745 [info] > git for-each-ref --format=%(refname)%00%(upstream:short)%00%(objectname)%00%(upstream:track)%00%(upstream:remotename)%00%(upstream:remoteref) refs/heads/pa2 refs/remotes/pa2 [14ms]
2024-05-06 18:07:42.773 [info] > git status -z -uall [16ms]
2024-05-06 18:07:42.776 [info] > git status -z -uall [31ms]
2024-05-06 18:07:49.927 [info] > git show --textconv :.clang-format [15ms]
2024-05-06 18:07:49.930 [info] > git ls-files --stage -- /home/louis/gits/ysyx/.clang-format [4ms]
2024-05-06 18:07:49.947 [info] > git cat-file -s f61ff7a54a38ce5febfc6c01487a8b5ed28f48ee [4ms]
2024-05-06 18:07:52.563 [info] > git show --textconv :dlco-test/exp07/csrc/main.cpp [19ms]
2024-05-06 18:07:52.563 [info] > git ls-files --stage -- /home/louis/gits/ysyx/ysyx-workbench/dlco-test/exp07/csrc/main.cpp [4ms]
2024-05-06 18:07:52.577 [info] > git cat-file -s 188b8d4cce61826c6078a468c44a0cffba4a7632 [4ms]
2024-05-06 18:08:51.497 [info] > git check-ignore -v -z --stdin [3ms]
2024-05-06 18:08:57.605 [info] > git show --textconv :nemu/src/cpu/difftest/ref.c [12ms]
2024-05-06 18:08:57.606 [info] > git ls-files --stage -- /home/louis/gits/ysyx/ysyx-workbench/nemu/src/cpu/difftest/ref.c [2ms]
2024-05-06 18:08:57.622 [info] > git cat-file -s ef89a615c875da6c5de334fb1a43014810af9463 [4ms]
2024-05-06 18:08:57.866 [info] > git check-ignore -v -z --stdin [2ms]
2024-05-06 18:08:58.610 [info] > git config --get commit.template [15ms]
2024-05-06 18:08:58.640 [info] > git for-each-ref --format=%(refname)%00%(upstream:short)%00%(objectname)%00%(upstream:track)%00%(upstream:remotename)%00%(upstream:remoteref) refs/heads/pa2 refs/remotes/pa2 [15ms]
2024-05-06 18:08:58.640 [info] > git config --get commit.template [31ms]
2024-05-06 18:08:58.656 [info] > git for-each-ref --format=%(refname)%00%(upstream:short)%00%(objectname)%00%(upstream:track)%00%(upstream:remotename)%00%(upstream:remoteref) refs/heads/pa2 refs/remotes/pa2 [17ms]
2024-05-06 18:08:58.678 [info] > git status -z -uall [23ms]
2024-05-06 18:08:58.690 [info] > git status -z -uall [20ms]
2024-05-06 18:09:16.780 [info] > git show --textconv :nemu/include/difftest-def.h [26ms]
2024-05-06 18:09:16.780 [info] > git ls-files --stage -- /home/louis/gits/ysyx/ysyx-workbench/nemu/include/difftest-def.h [15ms]
2024-05-06 18:09:16.842 [info] > git cat-file -s 77948fb2e3eea5dad752fab92b457dc987f20396 [48ms]
2024-05-06 18:09:17.005 [info] > git check-ignore -v -z --stdin [3ms]
2024-05-06 18:10:04.858 [info] > git config --get commit.template [15ms]
2024-05-06 18:10:04.860 [info] > git config --get commit.template [3ms]
2024-05-06 18:10:04.886 [info] > git for-each-ref --format=%(refname)%00%(upstream:short)%00%(objectname)%00%(upstream:track)%00%(upstream:remotename)%00%(upstream:remoteref) refs/heads/pa2 refs/remotes/pa2 [12ms]
2024-05-06 18:10:04.900 [info] > git for-each-ref --format=%(refname)%00%(upstream:short)%00%(objectname)%00%(upstream:track)%00%(upstream:remotename)%00%(upstream:remoteref) refs/heads/pa2 refs/remotes/pa2 [14ms]
2024-05-06 18:10:04.921 [info] > git status -z -uall [22ms]
2024-05-06 18:10:04.926 [info] > git status -z -uall [13ms]
2024-05-06 18:10:18.599 [info] > git config --get commit.template [15ms]
2024-05-06 18:10:18.613 [info] > git config --get commit.template [17ms]
2024-05-06 18:10:18.627 [info] > git for-each-ref --format=%(refname)%00%(upstream:short)%00%(objectname)%00%(upstream:track)%00%(upstream:remotename)%00%(upstream:remoteref) refs/heads/pa2 refs/remotes/pa2 [15ms]
2024-05-06 18:10:18.643 [info] > git for-each-ref --format=%(refname)%00%(upstream:short)%00%(objectname)%00%(upstream:track)%00%(upstream:remotename)%00%(upstream:remoteref) refs/heads/pa2 refs/remotes/pa2 [16ms]
2024-05-06 18:10:18.670 [info] > git status -z -uall [29ms]
2024-05-06 18:10:18.693 [info] > git status -z -uall [36ms]
2024-05-06 18:10:18.696 [info] > git ls-files --stage -- /home/louis/gits/ysyx/ysyx-workbench/nemu/include/difftest-def.h [4ms]
2024-05-06 18:10:18.713 [info] > git cat-file -s 77948fb2e3eea5dad752fab92b457dc987f20396 [3ms]
2024-05-06 18:10:18.732 [info] > git show --textconv :nemu/include/difftest-def.h [4ms]
2024-05-06 18:10:29.028 [info] > git config --get commit.template [15ms]
2024-05-06 18:10:29.059 [info] > git config --get commit.template [33ms]
2024-05-06 18:10:29.059 [info] > git for-each-ref --format=%(refname)%00%(upstream:short)%00%(objectname)%00%(upstream:track)%00%(upstream:remotename)%00%(upstream:remoteref) refs/heads/pa2 refs/remotes/pa2 [16ms]
2024-05-06 18:10:29.073 [info] > git for-each-ref --format=%(refname)%00%(upstream:short)%00%(objectname)%00%(upstream:track)%00%(upstream:remotename)%00%(upstream:remoteref) refs/heads/pa2 refs/remotes/pa2 [15ms]
2024-05-06 18:10:29.092 [info] > git status -z -uall [19ms]
2024-05-06 18:10:29.100 [info] > git status -z -uall [15ms]
2024-05-06 18:10:34.142 [info] > git config --get commit.template [33ms]
2024-05-06 18:10:34.143 [info] > git config --get commit.template [17ms]
2024-05-06 18:10:34.159 [info] > git for-each-ref --format=%(refname)%00%(upstream:short)%00%(objectname)%00%(upstream:track)%00%(upstream:remotename)%00%(upstream:remoteref) refs/heads/pa2 refs/remotes/pa2 [17ms]
2024-05-06 18:10:34.175 [info] > git for-each-ref --format=%(refname)%00%(upstream:short)%00%(objectname)%00%(upstream:track)%00%(upstream:remotename)%00%(upstream:remoteref) refs/heads/pa2 refs/remotes/pa2 [17ms]
2024-05-06 18:10:34.197 [info] > git status -z -uall [23ms]
2024-05-06 18:10:34.201 [info] > git status -z -uall [14ms]
2024-05-06 18:10:39.305 [info] > git config --get commit.template [15ms]
2024-05-06 18:10:39.337 [info] > git for-each-ref --format=%(refname)%00%(upstream:short)%00%(objectname)%00%(upstream:track)%00%(upstream:remotename)%00%(upstream:remoteref) refs/heads/pa2 refs/remotes/pa2 [15ms]
2024-05-06 18:10:39.337 [info] > git config --get commit.template [34ms]
2024-05-06 18:10:39.353 [info] > git for-each-ref --format=%(refname)%00%(upstream:short)%00%(objectname)%00%(upstream:track)%00%(upstream:remotename)%00%(upstream:remoteref) refs/heads/pa2 refs/remotes/pa2 [17ms]
2024-05-06 18:10:39.376 [info] > git status -z -uall [23ms]
2024-05-06 18:10:39.392 [info] > git status -z -uall [23ms]
2024-05-06 18:10:45.616 [info] > git config --get commit.template [16ms]
2024-05-06 18:10:45.617 [info] > git config --get commit.template [2ms]
2024-05-06 18:10:45.648 [info] > git for-each-ref --format=%(refname)%00%(upstream:short)%00%(objectname)%00%(upstream:track)%00%(upstream:remotename)%00%(upstream:remoteref) refs/heads/pa2 refs/remotes/pa2 [16ms]
2024-05-06 18:10:45.658 [info] > git for-each-ref --format=%(refname)%00%(upstream:short)%00%(objectname)%00%(upstream:track)%00%(upstream:remotename)%00%(upstream:remoteref) refs/heads/pa2 refs/remotes/pa2 [12ms]
2024-05-06 18:10:45.672 [info] > git status -z -uall [14ms]
2024-05-06 18:10:45.685 [info] > git status -z -uall [17ms]
2024-05-06 18:10:50.699 [info] > git config --get commit.template [14ms]
2024-05-06 18:10:50.711 [info] > git for-each-ref --format=%(refname)%00%(upstream:short)%00%(objectname)%00%(upstream:track)%00%(upstream:remotename)%00%(upstream:remoteref) refs/heads/pa2 refs/remotes/pa2 [13ms]
2024-05-06 18:10:50.725 [info] > git config --get commit.template [15ms]
2024-05-06 18:10:50.739 [info] > git for-each-ref --format=%(refname)%00%(upstream:short)%00%(objectname)%00%(upstream:track)%00%(upstream:remotename)%00%(upstream:remoteref) refs/heads/pa2 refs/remotes/pa2 [14ms]
2024-05-06 18:10:50.768 [info] > git status -z -uall [29ms]
2024-05-06 18:10:50.770 [info] > git status -z -uall [18ms]
2024-05-06 18:10:56.532 [info] > git config --get commit.template [17ms]
2024-05-06 18:10:56.540 [info] > git config --get commit.template [11ms]
2024-05-06 18:10:56.579 [info] > git for-each-ref --format=%(refname)%00%(upstream:short)%00%(objectname)%00%(upstream:track)%00%(upstream:remotename)%00%(upstream:remoteref) refs/heads/pa2 refs/remotes/pa2 [9ms]
2024-05-06 18:10:56.579 [info] > git for-each-ref --format=%(refname)%00%(upstream:short)%00%(objectname)%00%(upstream:track)%00%(upstream:remotename)%00%(upstream:remoteref) refs/heads/pa2 refs/remotes/pa2 [24ms]
2024-05-06 18:10:56.614 [info] > git status -z -uall [19ms]
2024-05-06 18:10:56.634 [info] > git status -z -uall [23ms]
2024-05-06 18:11:01.632 [info] > git config --get commit.template [2ms]
2024-05-06 18:11:01.656 [info] > git for-each-ref --format=%(refname)%00%(upstream:short)%00%(objectname)%00%(upstream:track)%00%(upstream:remotename)%00%(upstream:remoteref) refs/heads/pa2 refs/remotes/pa2 [13ms]
2024-05-06 18:11:01.657 [info] > git config --get commit.template [2ms]
2024-05-06 18:11:01.679 [info] > git for-each-ref --format=%(refname)%00%(upstream:short)%00%(objectname)%00%(upstream:track)%00%(upstream:remotename)%00%(upstream:remoteref) refs/heads/pa2 refs/remotes/pa2 [12ms]
2024-05-06 18:11:01.693 [info] > git status -z -uall [14ms]
2024-05-06 18:11:01.717 [info] > git status -z -uall [25ms]
2024-05-06 18:11:54.718 [info] > git config --get commit.template [16ms]
2024-05-06 18:11:54.739 [info] > git for-each-ref --format=%(refname)%00%(upstream:short)%00%(objectname)%00%(upstream:track)%00%(upstream:remotename)%00%(upstream:remoteref) refs/heads/pa2 refs/remotes/pa2 [11ms]
2024-05-06 18:11:54.740 [info] > git config --get commit.template [24ms]
2024-05-06 18:11:54.752 [info] > git for-each-ref --format=%(refname)%00%(upstream:short)%00%(objectname)%00%(upstream:track)%00%(upstream:remotename)%00%(upstream:remoteref) refs/heads/pa2 refs/remotes/pa2 [14ms]
2024-05-06 18:11:54.770 [info] > git status -z -uall [21ms]
2024-05-06 18:11:54.780 [info] > git status -z -uall [19ms]
2024-05-06 18:12:19.784 [info] > git config --get commit.template [13ms]
2024-05-06 18:12:19.798 [info] > git config --get commit.template [15ms]
2024-05-06 18:12:19.824 [info] > git for-each-ref --format=%(refname)%00%(upstream:short)%00%(objectname)%00%(upstream:track)%00%(upstream:remotename)%00%(upstream:remoteref) refs/heads/pa2 refs/remotes/pa2 [13ms]
2024-05-06 18:12:19.824 [info] > git ls-files --stage -- /home/louis/gits/ysyx/ysyx-workbench/nemu/include/difftest-def.h [26ms]
2024-05-06 18:12:19.838 [info] > git for-each-ref --format=%(refname)%00%(upstream:short)%00%(objectname)%00%(upstream:track)%00%(upstream:remotename)%00%(upstream:remoteref) refs/heads/pa2 refs/remotes/pa2 [15ms]
2024-05-06 18:12:19.863 [info] > git cat-file -s 77948fb2e3eea5dad752fab92b457dc987f20396 [26ms]
2024-05-06 18:12:19.880 [info] > git show --textconv :nemu/include/difftest-def.h [4ms]
2024-05-06 18:12:19.880 [info] > git status -z -uall [29ms]
2024-05-06 18:12:19.881 [info] > git status -z -uall [18ms]
2024-05-06 18:12:24.924 [info] > git config --get commit.template [20ms]
2024-05-06 18:12:24.961 [info] > git for-each-ref --format=%(refname)%00%(upstream:short)%00%(objectname)%00%(upstream:track)%00%(upstream:remotename)%00%(upstream:remoteref) refs/heads/pa2 refs/remotes/pa2 [19ms]
2024-05-06 18:12:24.961 [info] > git config --get commit.template [39ms]
2024-05-06 18:12:24.981 [info] > git for-each-ref --format=%(refname)%00%(upstream:short)%00%(objectname)%00%(upstream:track)%00%(upstream:remotename)%00%(upstream:remoteref) refs/heads/pa2 refs/remotes/pa2 [21ms]
2024-05-06 18:12:25.010 [info] > git status -z -uall [30ms]
2024-05-06 18:12:25.021 [info] > git status -z -uall [22ms]
2024-05-06 18:12:29.199 [info] > git show --textconv :nemu/src/utils/tracer.c [14ms]
2024-05-06 18:12:29.201 [info] > git ls-files --stage -- /home/louis/gits/ysyx/ysyx-workbench/nemu/src/utils/tracer.c [3ms]
2024-05-06 18:12:29.227 [info] > git cat-file -s f4e81387ae40a03a38301db478cfe19077e5a0ee [13ms]
2024-05-06 18:12:29.458 [info] > git check-ignore -v -z --stdin [3ms]
2024-05-06 18:13:02.825 [info] > git check-ignore -v -z --stdin [3ms]
