2024-05-04 08:35:56.788 [info] Reading sessions from keychain...
2024-05-04 08:35:56.788 [info] Getting sessions for all scopes...
2024-05-04 08:35:56.788 [info] Getting sessions for all scopes...
2024-05-04 08:35:56.788 [info] Getting sessions for all scopes...
2024-05-04 08:35:56.788 [info] Got stored sessions!
2024-05-04 08:35:56.788 [info] Got 1 verified sessions.
2024-05-04 08:35:56.788 [info] Got 1 sessions for ...
2024-05-04 08:35:56.788 [info] Got 1 sessions for ...
2024-05-04 08:35:56.788 [info] Got 1 sessions for ...
2024-05-04 08:35:56.788 [info] Getting sessions for read:user,repo,user:email,workflow...
2024-05-04 08:35:56.788 [info] Got 0 sessions for read:user,repo,user:email,workflow...
2024-05-04 08:35:56.788 [info] Getting sessions for read:user,repo,user:email...
2024-05-04 08:35:56.788 [info] Got 0 sessions for read:user,repo,user:email...
2024-05-04 08:35:58.433 [info] Getting sessions for user:email...
2024-05-04 08:35:58.433 [info] Got 1 sessions for user:email...
2024-05-04 08:35:58.436 [info] Getting sessions for all scopes...
2024-05-04 08:35:58.436 [info] Got 1 sessions for ...
2024-05-04 08:39:26.253 [info] Getting sessions for read:user,repo,user:email,workflow...
2024-05-04 08:39:26.254 [info] Got 0 sessions for read:user,repo,user:email,workflow...
2024-05-05 12:11:46.364 [info] Getting sessions for read:user,repo,user:email,workflow...
2024-05-05 12:11:46.365 [info] Got 0 sessions for read:user,repo,user:email,workflow...
2024-05-05 15:17:09.897 [info] Getting sessions for read:user,repo,user:email,workflow...
2024-05-05 15:17:09.897 [info] Got 0 sessions for read:user,repo,user:email,workflow...
