2024-05-04 08:35:53.649 [info] Started local extension host with pid 6030.
2024-05-04 08:35:53.948 [warning] [cmake-tools]: 无法找到键 cmake-tools.configuration.cmake.options.advanced.statusBarLength.description 的消息。
2024-05-04 08:35:53.949 [warning] [cmake-tools]: 无法找到键 cmake-tools.configuration.cmake.options.advanced.statusBarLength.description 的消息。
2024-05-04 08:35:53.950 [warning] [cmake-tools]: 无法找到键 cmake-tools.configuration.cmake.options.advanced.statusBarLength.description 的消息。
2024-05-04 08:35:53.950 [warning] [cmake-tools]: 无法找到键 cmake-tools.configuration.cmake.options.advanced.statusBarLength.description 的消息。
2024-05-04 08:35:53.950 [warning] [cmake-tools]: 无法找到键 cmake-tools.configuration.cmake.options.advanced.statusBarLength.description 的消息。
2024-05-04 08:35:53.950 [warning] [cmake-tools]: 无法找到键 cmake-tools.configuration.cmake.options.advanced.statusBarLength.description 的消息。
2024-05-04 08:35:53.951 [warning] [cmake-tools]: 无法找到键 cmake-tools.configuration.cmake.options.advanced.statusBarLength.description 的消息。
2024-05-04 08:35:53.951 [warning] [cmake-tools]: 无法找到键 cmake-tools.configuration.cmake.options.advanced.statusBarLength.description 的消息。
2024-05-04 08:35:53.951 [warning] [cmake-tools]: 无法找到键 cmake-tools.configuration.cmake.options.advanced.statusBarLength.description 的消息。
2024-05-04 08:35:53.951 [warning] [cmake-tools]: 无法找到键 cmake-tools.configuration.cmake.options.advanced.statusBarLength.description 的消息。
2024-05-04 08:35:53.952 [warning] [cmake-tools]: 无法找到键 cmake-tools.configuration.cmake.options.advanced.statusBarLength.description 的消息。
2024-05-04 08:35:53.952 [warning] [cmake-tools]: 无法找到键 cmake-tools.configuration.cmake.options.advanced.statusBarLength.description 的消息。
2024-05-04 08:35:53.953 [error] [/home/louis/.vscode/extensions/ms-vscode.hexeditor-1.10.0]: 扩展与 Code 1.88.1 不兼容。扩展需要: ^1.89.0-insider。
2024-05-04 08:35:54.188 [warning] [twxs.cmake]: 无法注册“cmake.cmakePath”。此属性已注册。
2024-05-04 08:35:56.606 [info] [perf] Render performance baseline is 169ms
2024-05-04 08:53:47.787 [warning] Semantic token with invalid length detected at lineNumber 1384, column 1
2024-05-04 09:08:22.913 [error] 无法读取文件'/home/louis/gits/ysyx/ysyx-workbench/dlco-test/exp02/vsrc/top.v' (Error: 自以下时间未修改的文件:): Error: 无法读取文件'/home/louis/gits/ysyx/ysyx-workbench/dlco-test/exp02/vsrc/top.v' (Error: 自以下时间未修改的文件:)
    at n.F (vscode-file://vscode-app/usr/share/code/resources/app/out/vs/workbench/workbench.desktop.main.js:657:19875)
    at n.D (vscode-file://vscode-app/usr/share/code/resources/app/out/vs/workbench/workbench.desktop.main.js:657:19763)
    at async l.M (vscode-file://vscode-app/usr/share/code/resources/app/out/vs/workbench/workbench.desktop.main.js:2370:42596)
    at async l.readStream (vscode-file://vscode-app/usr/share/code/resources/app/out/vs/workbench/workbench.desktop.main.js:2370:42353)
    at async L.Cb (vscode-file://vscode-app/usr/share/code/resources/app/out/vs/workbench/workbench.desktop.main.js:2359:13615)
    at async L.resolve (vscode-file://vscode-app/usr/share/code/resources/app/out/vs/workbench/workbench.desktop.main.js:2359:12062)
    at async vscode-file://vscode-app/usr/share/code/resources/app/out/vs/workbench/workbench.desktop.main.js:2370:38464
2024-05-04 09:17:18.705 [info] Settings Sync: Updating due to change in sessions
2024-05-04 09:21:32.494 [info] Settings Sync: Updating due to change in sessions
2024-05-04 09:36:14.774 [error] n is not iterable: TypeError: n is not iterable
	at K_.provideHover (/home/louis/.vscode/extensions/mshr-h.veriloghdl-1.14.1/dist/main.js:588:7681)
	at async E.provideHover (/usr/share/code/resources/app/out/vs/workbench/api/node/extensionHostProcess.js:152:93372)
2024-05-04 09:36:31.421 [error] n is not iterable: TypeError: n is not iterable
	at K_.provideHover (/home/louis/.vscode/extensions/mshr-h.veriloghdl-1.14.1/dist/main.js:588:7681)
	at async E.provideHover (/usr/share/code/resources/app/out/vs/workbench/api/node/extensionHostProcess.js:152:93372)
2024-05-04 09:36:33.444 [error] n is not iterable: TypeError: n is not iterable
	at K_.provideHover (/home/louis/.vscode/extensions/mshr-h.veriloghdl-1.14.1/dist/main.js:588:7681)
	at async E.provideHover (/usr/share/code/resources/app/out/vs/workbench/api/node/extensionHostProcess.js:152:93372)
2024-05-04 09:36:35.578 [error] n is not iterable: TypeError: n is not iterable
	at K_.provideHover (/home/louis/.vscode/extensions/mshr-h.veriloghdl-1.14.1/dist/main.js:588:7681)
	at async E.provideHover (/usr/share/code/resources/app/out/vs/workbench/api/node/extensionHostProcess.js:152:93372)
2024-05-04 09:36:38.161 [error] n is not iterable: TypeError: n is not iterable
	at K_.provideHover (/home/louis/.vscode/extensions/mshr-h.veriloghdl-1.14.1/dist/main.js:588:7681)
	at async E.provideHover (/usr/share/code/resources/app/out/vs/workbench/api/node/extensionHostProcess.js:152:93372)
2024-05-04 09:36:40.155 [error] n is not iterable: TypeError: n is not iterable
	at K_.provideHover (/home/louis/.vscode/extensions/mshr-h.veriloghdl-1.14.1/dist/main.js:588:7681)
	at async E.provideHover (/usr/share/code/resources/app/out/vs/workbench/api/node/extensionHostProcess.js:152:93372)
2024-05-04 09:36:46.134 [error] n is not iterable: TypeError: n is not iterable
	at K_.provideHover (/home/louis/.vscode/extensions/mshr-h.veriloghdl-1.14.1/dist/main.js:588:7681)
	at async E.provideHover (/usr/share/code/resources/app/out/vs/workbench/api/node/extensionHostProcess.js:152:93372)
2024-05-04 09:38:40.319 [error] n is not iterable: TypeError: n is not iterable
	at K_.provideHover (/home/louis/.vscode/extensions/mshr-h.veriloghdl-1.14.1/dist/main.js:588:7681)
	at async E.provideHover (/usr/share/code/resources/app/out/vs/workbench/api/node/extensionHostProcess.js:152:93372)
2024-05-04 09:38:44.773 [error] n is not iterable: TypeError: n is not iterable
	at K_.provideHover (/home/louis/.vscode/extensions/mshr-h.veriloghdl-1.14.1/dist/main.js:588:7681)
	at async E.provideHover (/usr/share/code/resources/app/out/vs/workbench/api/node/extensionHostProcess.js:152:93372)
2024-05-04 09:38:46.409 [error] n is not iterable: TypeError: n is not iterable
	at K_.provideHover (/home/louis/.vscode/extensions/mshr-h.veriloghdl-1.14.1/dist/main.js:588:7681)
	at async E.provideHover (/usr/share/code/resources/app/out/vs/workbench/api/node/extensionHostProcess.js:152:93372)
2024-05-04 09:38:51.802 [error] n is not iterable: TypeError: n is not iterable
	at K_.provideHover (/home/louis/.vscode/extensions/mshr-h.veriloghdl-1.14.1/dist/main.js:588:7681)
	at async E.provideHover (/usr/share/code/resources/app/out/vs/workbench/api/node/extensionHostProcess.js:152:93372)
2024-05-04 09:38:53.240 [error] n is not iterable: TypeError: n is not iterable
	at K_.provideHover (/home/louis/.vscode/extensions/mshr-h.veriloghdl-1.14.1/dist/main.js:588:7681)
	at async E.provideHover (/usr/share/code/resources/app/out/vs/workbench/api/node/extensionHostProcess.js:152:93372)
2024-05-04 09:38:58.614 [error] n is not iterable: TypeError: n is not iterable
	at K_.provideHover (/home/louis/.vscode/extensions/mshr-h.veriloghdl-1.14.1/dist/main.js:588:7681)
	at async E.provideHover (/usr/share/code/resources/app/out/vs/workbench/api/node/extensionHostProcess.js:152:93372)
2024-05-04 09:39:24.068 [error] n is not iterable: TypeError: n is not iterable
	at K_.provideHover (/home/louis/.vscode/extensions/mshr-h.veriloghdl-1.14.1/dist/main.js:588:7681)
	at async E.provideHover (/usr/share/code/resources/app/out/vs/workbench/api/node/extensionHostProcess.js:152:93372)
2024-05-04 09:39:34.056 [error] n is not iterable: TypeError: n is not iterable
	at K_.provideHover (/home/louis/.vscode/extensions/mshr-h.veriloghdl-1.14.1/dist/main.js:588:7681)
	at async E.provideHover (/usr/share/code/resources/app/out/vs/workbench/api/node/extensionHostProcess.js:152:93372)
2024-05-04 09:39:35.773 [error] n is not iterable: TypeError: n is not iterable
	at K_.provideHover (/home/louis/.vscode/extensions/mshr-h.veriloghdl-1.14.1/dist/main.js:588:7681)
	at async E.provideHover (/usr/share/code/resources/app/out/vs/workbench/api/node/extensionHostProcess.js:152:93372)
2024-05-04 09:39:37.078 [error] n is not iterable: TypeError: n is not iterable
	at K_.provideHover (/home/louis/.vscode/extensions/mshr-h.veriloghdl-1.14.1/dist/main.js:588:7681)
	at async E.provideHover (/usr/share/code/resources/app/out/vs/workbench/api/node/extensionHostProcess.js:152:93372)
2024-05-04 09:39:39.225 [error] n is not iterable: TypeError: n is not iterable
	at K_.provideHover (/home/louis/.vscode/extensions/mshr-h.veriloghdl-1.14.1/dist/main.js:588:7681)
	at async E.provideHover (/usr/share/code/resources/app/out/vs/workbench/api/node/extensionHostProcess.js:152:93372)
2024-05-04 09:39:46.019 [error] n is not iterable: TypeError: n is not iterable
	at K_.provideHover (/home/louis/.vscode/extensions/mshr-h.veriloghdl-1.14.1/dist/main.js:588:7681)
	at async E.provideHover (/usr/share/code/resources/app/out/vs/workbench/api/node/extensionHostProcess.js:152:93372)
2024-05-04 09:39:51.029 [error] n is not iterable: TypeError: n is not iterable
	at K_.provideHover (/home/louis/.vscode/extensions/mshr-h.veriloghdl-1.14.1/dist/main.js:588:7681)
	at async E.provideHover (/usr/share/code/resources/app/out/vs/workbench/api/node/extensionHostProcess.js:152:93372)
2024-05-04 09:39:53.775 [error] n is not iterable: TypeError: n is not iterable
	at K_.provideHover (/home/louis/.vscode/extensions/mshr-h.veriloghdl-1.14.1/dist/main.js:588:7681)
	at async E.provideHover (/usr/share/code/resources/app/out/vs/workbench/api/node/extensionHostProcess.js:152:93372)
2024-05-04 09:39:55.464 [error] n is not iterable: TypeError: n is not iterable
	at K_.provideHover (/home/louis/.vscode/extensions/mshr-h.veriloghdl-1.14.1/dist/main.js:588:7681)
	at async E.provideHover (/usr/share/code/resources/app/out/vs/workbench/api/node/extensionHostProcess.js:152:93372)
2024-05-04 09:39:57.771 [error] n is not iterable: TypeError: n is not iterable
	at K_.provideHover (/home/louis/.vscode/extensions/mshr-h.veriloghdl-1.14.1/dist/main.js:588:7681)
	at async E.provideHover (/usr/share/code/resources/app/out/vs/workbench/api/node/extensionHostProcess.js:152:93372)
2024-05-04 09:40:01.902 [error] n is not iterable: TypeError: n is not iterable
	at K_.provideHover (/home/louis/.vscode/extensions/mshr-h.veriloghdl-1.14.1/dist/main.js:588:7681)
	at async E.provideHover (/usr/share/code/resources/app/out/vs/workbench/api/node/extensionHostProcess.js:152:93372)
2024-05-04 09:40:03.398 [error] n is not iterable: TypeError: n is not iterable
	at K_.provideHover (/home/louis/.vscode/extensions/mshr-h.veriloghdl-1.14.1/dist/main.js:588:7681)
	at async E.provideHover (/usr/share/code/resources/app/out/vs/workbench/api/node/extensionHostProcess.js:152:93372)
2024-05-04 09:40:06.098 [error] n is not iterable: TypeError: n is not iterable
	at K_.provideHover (/home/louis/.vscode/extensions/mshr-h.veriloghdl-1.14.1/dist/main.js:588:7681)
	at async E.provideHover (/usr/share/code/resources/app/out/vs/workbench/api/node/extensionHostProcess.js:152:93372)
2024-05-04 09:40:14.430 [error] n is not iterable: TypeError: n is not iterable
	at K_.provideHover (/home/louis/.vscode/extensions/mshr-h.veriloghdl-1.14.1/dist/main.js:588:7681)
	at async E.provideHover (/usr/share/code/resources/app/out/vs/workbench/api/node/extensionHostProcess.js:152:93372)
2024-05-04 09:40:18.096 [error] n is not iterable: TypeError: n is not iterable
	at K_.provideHover (/home/louis/.vscode/extensions/mshr-h.veriloghdl-1.14.1/dist/main.js:588:7681)
	at async E.provideHover (/usr/share/code/resources/app/out/vs/workbench/api/node/extensionHostProcess.js:152:93372)
2024-05-04 09:40:23.461 [error] n is not iterable: TypeError: n is not iterable
	at K_.provideHover (/home/louis/.vscode/extensions/mshr-h.veriloghdl-1.14.1/dist/main.js:588:7681)
	at async E.provideHover (/usr/share/code/resources/app/out/vs/workbench/api/node/extensionHostProcess.js:152:93372)
2024-05-04 09:40:32.349 [error] n is not iterable: TypeError: n is not iterable
	at K_.provideHover (/home/louis/.vscode/extensions/mshr-h.veriloghdl-1.14.1/dist/main.js:588:7681)
	at async E.provideHover (/usr/share/code/resources/app/out/vs/workbench/api/node/extensionHostProcess.js:152:93372)
2024-05-04 09:40:33.796 [error] n is not iterable: TypeError: n is not iterable
	at K_.provideHover (/home/louis/.vscode/extensions/mshr-h.veriloghdl-1.14.1/dist/main.js:588:7681)
	at async E.provideHover (/usr/share/code/resources/app/out/vs/workbench/api/node/extensionHostProcess.js:152:93372)
2024-05-04 09:40:38.266 [error] n is not iterable: TypeError: n is not iterable
	at K_.provideHover (/home/louis/.vscode/extensions/mshr-h.veriloghdl-1.14.1/dist/main.js:588:7681)
	at async E.provideHover (/usr/share/code/resources/app/out/vs/workbench/api/node/extensionHostProcess.js:152:93372)
2024-05-04 09:40:41.541 [error] n is not iterable: TypeError: n is not iterable
	at K_.provideHover (/home/louis/.vscode/extensions/mshr-h.veriloghdl-1.14.1/dist/main.js:588:7681)
	at async E.provideHover (/usr/share/code/resources/app/out/vs/workbench/api/node/extensionHostProcess.js:152:93372)
2024-05-04 09:40:43.008 [error] n is not iterable: TypeError: n is not iterable
	at K_.provideHover (/home/louis/.vscode/extensions/mshr-h.veriloghdl-1.14.1/dist/main.js:588:7681)
	at async E.provideHover (/usr/share/code/resources/app/out/vs/workbench/api/node/extensionHostProcess.js:152:93372)
2024-05-04 09:40:51.120 [error] n is not iterable: TypeError: n is not iterable
	at K_.provideHover (/home/louis/.vscode/extensions/mshr-h.veriloghdl-1.14.1/dist/main.js:588:7681)
	at async E.provideHover (/usr/share/code/resources/app/out/vs/workbench/api/node/extensionHostProcess.js:152:93372)
2024-05-04 09:41:07.449 [error] n is not iterable: TypeError: n is not iterable
	at K_.provideHover (/home/louis/.vscode/extensions/mshr-h.veriloghdl-1.14.1/dist/main.js:588:7681)
	at async E.provideHover (/usr/share/code/resources/app/out/vs/workbench/api/node/extensionHostProcess.js:152:93372)
2024-05-04 09:41:08.576 [error] n is not iterable: TypeError: n is not iterable
	at K_.provideHover (/home/louis/.vscode/extensions/mshr-h.veriloghdl-1.14.1/dist/main.js:588:7681)
	at async E.provideHover (/usr/share/code/resources/app/out/vs/workbench/api/node/extensionHostProcess.js:152:93372)
2024-05-04 09:41:11.926 [error] n is not iterable: TypeError: n is not iterable
	at K_.provideHover (/home/louis/.vscode/extensions/mshr-h.veriloghdl-1.14.1/dist/main.js:588:7681)
	at async E.provideHover (/usr/share/code/resources/app/out/vs/workbench/api/node/extensionHostProcess.js:152:93372)
2024-05-04 09:41:14.227 [error] n is not iterable: TypeError: n is not iterable
	at K_.provideHover (/home/louis/.vscode/extensions/mshr-h.veriloghdl-1.14.1/dist/main.js:588:7681)
	at async E.provideHover (/usr/share/code/resources/app/out/vs/workbench/api/node/extensionHostProcess.js:152:93372)
2024-05-04 09:41:24.382 [error] n is not iterable: TypeError: n is not iterable
	at K_.provideHover (/home/louis/.vscode/extensions/mshr-h.veriloghdl-1.14.1/dist/main.js:588:7681)
	at async E.provideHover (/usr/share/code/resources/app/out/vs/workbench/api/node/extensionHostProcess.js:152:93372)
2024-05-04 09:41:26.177 [error] n is not iterable: TypeError: n is not iterable
	at K_.provideHover (/home/louis/.vscode/extensions/mshr-h.veriloghdl-1.14.1/dist/main.js:588:7681)
	at async E.provideHover (/usr/share/code/resources/app/out/vs/workbench/api/node/extensionHostProcess.js:152:93372)
2024-05-04 09:41:29.761 [error] n is not iterable: TypeError: n is not iterable
	at K_.provideHover (/home/louis/.vscode/extensions/mshr-h.veriloghdl-1.14.1/dist/main.js:588:7681)
	at async E.provideHover (/usr/share/code/resources/app/out/vs/workbench/api/node/extensionHostProcess.js:152:93372)
2024-05-04 09:53:29.265 [error] n is not iterable: TypeError: n is not iterable
	at K_.provideHover (/home/louis/.vscode/extensions/mshr-h.veriloghdl-1.14.1/dist/main.js:588:7681)
	at async E.provideHover (/usr/share/code/resources/app/out/vs/workbench/api/node/extensionHostProcess.js:152:93372)
2024-05-04 09:53:51.225 [error] n is not iterable: TypeError: n is not iterable
	at K_.provideHover (/home/louis/.vscode/extensions/mshr-h.veriloghdl-1.14.1/dist/main.js:588:7681)
	at async E.provideHover (/usr/share/code/resources/app/out/vs/workbench/api/node/extensionHostProcess.js:152:93372)
2024-05-04 09:54:18.753 [error] n is not iterable: TypeError: n is not iterable
	at K_.provideHover (/home/louis/.vscode/extensions/mshr-h.veriloghdl-1.14.1/dist/main.js:588:7681)
	at async E.provideHover (/usr/share/code/resources/app/out/vs/workbench/api/node/extensionHostProcess.js:152:93372)
2024-05-04 09:58:33.232 [error] n is not iterable: TypeError: n is not iterable
	at K_.provideHover (/home/louis/.vscode/extensions/mshr-h.veriloghdl-1.14.1/dist/main.js:588:7681)
	at async E.provideHover (/usr/share/code/resources/app/out/vs/workbench/api/node/extensionHostProcess.js:152:93372)
2024-05-04 10:02:41.412 [error] n is not iterable: TypeError: n is not iterable
	at K_.provideHover (/home/louis/.vscode/extensions/mshr-h.veriloghdl-1.14.1/dist/main.js:588:7681)
	at async E.provideHover (/usr/share/code/resources/app/out/vs/workbench/api/node/extensionHostProcess.js:152:93372)
2024-05-04 10:03:44.291 [error] n is not iterable: TypeError: n is not iterable
	at K_.provideHover (/home/louis/.vscode/extensions/mshr-h.veriloghdl-1.14.1/dist/main.js:588:7681)
	at async E.provideHover (/usr/share/code/resources/app/out/vs/workbench/api/node/extensionHostProcess.js:152:93372)
2024-05-04 10:05:40.333 [info] Settings Sync: Updating due to change in sessions
2024-05-04 10:06:34.377 [info] Settings Sync: Updating due to change in sessions
2024-05-04 10:27:44.633 [error] n is not iterable: TypeError: n is not iterable
	at K_.provideHover (/home/louis/.vscode/extensions/mshr-h.veriloghdl-1.14.1/dist/main.js:588:7681)
	at async E.provideHover (/usr/share/code/resources/app/out/vs/workbench/api/node/extensionHostProcess.js:152:93372)
2024-05-04 10:48:24.772 [info] Settings Sync: Updating due to change in sessions
2024-05-04 10:48:38.433 [info] Settings Sync: Updating due to change in sessions
2024-05-04 11:17:29.853 [error] 出现未知错误。有关详细信息，请参阅日志。
2024-05-04 11:32:49.387 [info] Settings Sync: Updating due to change in sessions
2024-05-04 11:43:03.607 [info] Settings Sync: Updating due to change in sessions
2024-05-04 12:13:00.295 [info] Settings Sync: Updating due to change in sessions
2024-05-04 12:35:13.117 [info] Settings Sync: Updating due to change in sessions
2024-05-04 13:02:33.474 [info] Settings Sync: Updating due to change in sessions
2024-05-04 13:22:04.842 [info] Settings Sync: Updating due to change in sessions
2024-05-04 13:34:54.350 [error] 出现未知错误。有关详细信息，请参阅日志。
2024-05-04 13:50:31.525 [info] Settings Sync: Updating due to change in sessions
2024-05-04 14:04:27.217 [info] Settings Sync: Updating due to change in sessions
2024-05-04 14:31:39.701 [info] Settings Sync: Updating due to change in sessions
2024-05-04 14:50:14.152 [error] 无法读取文件'/home/louis/gits/ysyx/ysyx-workbench/abstract-machine/klib/src/temp.c' (Error: 无法解析不存在的文件 '/home/louis/gits/ysyx/ysyx-workbench/abstract-machine/klib/src/temp.c'): Error: 无法读取文件'/home/louis/gits/ysyx/ysyx-workbench/abstract-machine/klib/src/temp.c' (Error: 无法解析不存在的文件 '/home/louis/gits/ysyx/ysyx-workbench/abstract-machine/klib/src/temp.c')
    at n.F (vscode-file://vscode-app/usr/share/code/resources/app/out/vs/workbench/workbench.desktop.main.js:657:19968)
    at n.D (vscode-file://vscode-app/usr/share/code/resources/app/out/vs/workbench/workbench.desktop.main.js:657:19763)
    at async l.M (vscode-file://vscode-app/usr/share/code/resources/app/out/vs/workbench/workbench.desktop.main.js:2370:42596)
    at async l.readStream (vscode-file://vscode-app/usr/share/code/resources/app/out/vs/workbench/workbench.desktop.main.js:2370:42353)
    at async L.Cb (vscode-file://vscode-app/usr/share/code/resources/app/out/vs/workbench/workbench.desktop.main.js:2359:13615)
    at async L.resolve (vscode-file://vscode-app/usr/share/code/resources/app/out/vs/workbench/workbench.desktop.main.js:2359:12062)
    at async s.W (vscode-file://vscode-app/usr/share/code/resources/app/out/vs/workbench/workbench.desktop.main.js:2370:38746)
    at async u.r (vscode-file://vscode-app/usr/share/code/resources/app/out/vs/workbench/workbench.desktop.main.js:2359:25720)
    at async k.acquire (vscode-file://vscode-app/usr/share/code/resources/app/out/vs/workbench/workbench.desktop.main.js:37:3320)
    at async d.createModelReference (vscode-file://vscode-app/usr/share/code/resources/app/out/vs/workbench/workbench.desktop.main.js:2359:27297)
2024-05-04 14:57:45.275 [info] Settings Sync: Updating due to change in sessions
2024-05-04 15:22:31.639 [info] Settings Sync: Updating due to change in sessions
2024-05-04 15:42:26.323 [info] Settings Sync: Updating due to change in sessions
2024-05-04 16:19:24.151 [info] Settings Sync: Updating due to change in sessions
2024-05-04 16:41:37.370 [info] Settings Sync: Updating due to change in sessions
2024-05-04 16:55:16.518 [error] [Extension Host] Error: Git error
	at ChildProcess.<anonymous> (/usr/share/code/resources/app/extensions/git/dist/main.js:2:1023548)
	at ChildProcess.emit (node:events:529:35)
	at ChildProcess._handle.onexit (node:internal/child_process:292:12)
2024-05-04 17:18:09.509 [info] Settings Sync: Updating due to change in sessions
2024-05-04 17:40:20.187 [info] Settings Sync: Updating due to change in sessions
2024-05-04 17:55:32.739 [error] 无法读取文件'/home/louis/gits/ysyx/ysyx-workbench/nemu/src/monitor/sdb/ringbuffer.c' (Error: 无法解析不存在的文件 '/home/louis/gits/ysyx/ysyx-workbench/nemu/src/monitor/sdb/ringbuffer.c'): Error: 无法读取文件'/home/louis/gits/ysyx/ysyx-workbench/nemu/src/monitor/sdb/ringbuffer.c' (Error: 无法解析不存在的文件 '/home/louis/gits/ysyx/ysyx-workbench/nemu/src/monitor/sdb/ringbuffer.c')
    at n.F (vscode-file://vscode-app/usr/share/code/resources/app/out/vs/workbench/workbench.desktop.main.js:657:19968)
    at n.D (vscode-file://vscode-app/usr/share/code/resources/app/out/vs/workbench/workbench.desktop.main.js:657:19763)
    at async l.M (vscode-file://vscode-app/usr/share/code/resources/app/out/vs/workbench/workbench.desktop.main.js:2370:42596)
    at async l.readStream (vscode-file://vscode-app/usr/share/code/resources/app/out/vs/workbench/workbench.desktop.main.js:2370:42353)
    at async L.Cb (vscode-file://vscode-app/usr/share/code/resources/app/out/vs/workbench/workbench.desktop.main.js:2359:13615)
    at async L.resolve (vscode-file://vscode-app/usr/share/code/resources/app/out/vs/workbench/workbench.desktop.main.js:2359:12062)
    at async s.W (vscode-file://vscode-app/usr/share/code/resources/app/out/vs/workbench/workbench.desktop.main.js:2370:38746)
    at async u.r (vscode-file://vscode-app/usr/share/code/resources/app/out/vs/workbench/workbench.desktop.main.js:2359:25720)
    at async k.acquire (vscode-file://vscode-app/usr/share/code/resources/app/out/vs/workbench/workbench.desktop.main.js:37:3320)
    at async d.createModelReference (vscode-file://vscode-app/usr/share/code/resources/app/out/vs/workbench/workbench.desktop.main.js:2359:27297)
2024-05-04 17:58:51.079 [info] Settings Sync: Updating due to change in sessions
2024-05-04 18:03:16.769 [error] 无法读取文件'/home/louis/gits/ysyx/ysyx-workbench/nemu/src/monitor/sdb/ringbuffer.c' (Error: 无法解析不存在的文件 '/home/louis/gits/ysyx/ysyx-workbench/nemu/src/monitor/sdb/ringbuffer.c'): Error: 无法读取文件'/home/louis/gits/ysyx/ysyx-workbench/nemu/src/monitor/sdb/ringbuffer.c' (Error: 无法解析不存在的文件 '/home/louis/gits/ysyx/ysyx-workbench/nemu/src/monitor/sdb/ringbuffer.c')
    at n.F (vscode-file://vscode-app/usr/share/code/resources/app/out/vs/workbench/workbench.desktop.main.js:657:19968)
    at n.D (vscode-file://vscode-app/usr/share/code/resources/app/out/vs/workbench/workbench.desktop.main.js:657:19763)
    at async l.M (vscode-file://vscode-app/usr/share/code/resources/app/out/vs/workbench/workbench.desktop.main.js:2370:42596)
    at async l.readStream (vscode-file://vscode-app/usr/share/code/resources/app/out/vs/workbench/workbench.desktop.main.js:2370:42353)
    at async L.Cb (vscode-file://vscode-app/usr/share/code/resources/app/out/vs/workbench/workbench.desktop.main.js:2359:13615)
    at async L.resolve (vscode-file://vscode-app/usr/share/code/resources/app/out/vs/workbench/workbench.desktop.main.js:2359:12062)
    at async s.W (vscode-file://vscode-app/usr/share/code/resources/app/out/vs/workbench/workbench.desktop.main.js:2370:38746)
    at async u.r (vscode-file://vscode-app/usr/share/code/resources/app/out/vs/workbench/workbench.desktop.main.js:2359:25720)
    at async k.acquire (vscode-file://vscode-app/usr/share/code/resources/app/out/vs/workbench/workbench.desktop.main.js:37:3320)
    at async d.createModelReference (vscode-file://vscode-app/usr/share/code/resources/app/out/vs/workbench/workbench.desktop.main.js:2359:27297)
2024-05-04 18:03:24.026 [error] 无法读取文件'/home/louis/gits/ysyx/ysyx-workbench/nemu/src/monitor/sdb/ringbuffer.c' (Error: 无法解析不存在的文件 '/home/louis/gits/ysyx/ysyx-workbench/nemu/src/monitor/sdb/ringbuffer.c'): Error: 无法读取文件'/home/louis/gits/ysyx/ysyx-workbench/nemu/src/monitor/sdb/ringbuffer.c' (Error: 无法解析不存在的文件 '/home/louis/gits/ysyx/ysyx-workbench/nemu/src/monitor/sdb/ringbuffer.c')
    at n.F (vscode-file://vscode-app/usr/share/code/resources/app/out/vs/workbench/workbench.desktop.main.js:657:19968)
    at n.D (vscode-file://vscode-app/usr/share/code/resources/app/out/vs/workbench/workbench.desktop.main.js:657:19763)
    at async l.M (vscode-file://vscode-app/usr/share/code/resources/app/out/vs/workbench/workbench.desktop.main.js:2370:42596)
    at async l.readStream (vscode-file://vscode-app/usr/share/code/resources/app/out/vs/workbench/workbench.desktop.main.js:2370:42353)
    at async L.Cb (vscode-file://vscode-app/usr/share/code/resources/app/out/vs/workbench/workbench.desktop.main.js:2359:13615)
    at async L.resolve (vscode-file://vscode-app/usr/share/code/resources/app/out/vs/workbench/workbench.desktop.main.js:2359:12062)
    at async s.W (vscode-file://vscode-app/usr/share/code/resources/app/out/vs/workbench/workbench.desktop.main.js:2370:38746)
    at async u.r (vscode-file://vscode-app/usr/share/code/resources/app/out/vs/workbench/workbench.desktop.main.js:2359:25720)
    at async k.acquire (vscode-file://vscode-app/usr/share/code/resources/app/out/vs/workbench/workbench.desktop.main.js:37:3320)
    at async d.createModelReference (vscode-file://vscode-app/usr/share/code/resources/app/out/vs/workbench/workbench.desktop.main.js:2359:27297)
2024-05-04 18:06:13.306 [error] 无法读取文件'/home/louis/gits/ysyx/ysyx-workbench/nemu/src/monitor/sdb/ringbuffer.c' (Error: 无法解析不存在的文件 '/home/louis/gits/ysyx/ysyx-workbench/nemu/src/monitor/sdb/ringbuffer.c'): Error: 无法读取文件'/home/louis/gits/ysyx/ysyx-workbench/nemu/src/monitor/sdb/ringbuffer.c' (Error: 无法解析不存在的文件 '/home/louis/gits/ysyx/ysyx-workbench/nemu/src/monitor/sdb/ringbuffer.c')
    at n.F (vscode-file://vscode-app/usr/share/code/resources/app/out/vs/workbench/workbench.desktop.main.js:657:19968)
    at n.D (vscode-file://vscode-app/usr/share/code/resources/app/out/vs/workbench/workbench.desktop.main.js:657:19763)
    at async l.M (vscode-file://vscode-app/usr/share/code/resources/app/out/vs/workbench/workbench.desktop.main.js:2370:42596)
    at async l.readStream (vscode-file://vscode-app/usr/share/code/resources/app/out/vs/workbench/workbench.desktop.main.js:2370:42353)
    at async L.Cb (vscode-file://vscode-app/usr/share/code/resources/app/out/vs/workbench/workbench.desktop.main.js:2359:13615)
    at async L.resolve (vscode-file://vscode-app/usr/share/code/resources/app/out/vs/workbench/workbench.desktop.main.js:2359:12062)
    at async s.W (vscode-file://vscode-app/usr/share/code/resources/app/out/vs/workbench/workbench.desktop.main.js:2370:38746)
    at async u.r (vscode-file://vscode-app/usr/share/code/resources/app/out/vs/workbench/workbench.desktop.main.js:2359:25720)
    at async k.acquire (vscode-file://vscode-app/usr/share/code/resources/app/out/vs/workbench/workbench.desktop.main.js:37:3320)
    at async d.createModelReference (vscode-file://vscode-app/usr/share/code/resources/app/out/vs/workbench/workbench.desktop.main.js:2359:27297)
2024-05-04 18:36:21.658 [info] Settings Sync: Updating due to change in sessions
2024-05-04 18:43:22.114 [info] Settings Sync: Updating due to change in sessions
2024-05-04 19:24:13.683 [info] Settings Sync: Updating due to change in sessions
2024-05-04 19:25:00.783 [info] Settings Sync: Updating due to change in sessions
2024-05-04 20:06:38.160 [info] Settings Sync: Updating due to change in sessions
2024-05-04 20:16:30.356 [info] Settings Sync: Updating due to change in sessions
2024-05-04 20:49:24.649 [error] [Extension Host] Error: Git error
	at ChildProcess.<anonymous> (/usr/share/code/resources/app/extensions/git/dist/main.js:2:1023548)
	at ChildProcess.emit (node:events:529:35)
	at ChildProcess._handle.onexit (node:internal/child_process:292:12)
2024-05-04 20:51:20.129 [info] Settings Sync: Updating due to change in sessions
2024-05-04 21:00:20.318 [info] Settings Sync: Updating due to change in sessions
2024-05-04 21:12:18.571 [error] cannot open file:///home/louis/gits/ysyx/ysyx-workbench/am-kernels/tests/cpu-tests/build/a.out. Detail: 文件似乎是二进制文件，不能作为文本打开: CodeExpectedError: cannot open file:///home/louis/gits/ysyx/ysyx-workbench/am-kernels/tests/cpu-tests/build/a.out. Detail: 文件似乎是二进制文件，不能作为文本打开
    at r.$tryOpenDocument (vscode-file://vscode-app/usr/share/code/resources/app/out/vs/workbench/workbench.desktop.main.js:2364:62563)
2024-05-04 21:29:07.542 [error] cannot open file:///home/louis/gits/ysyx/ysyx-workbench/am-kernels/tests/cpu-tests/build/hello.o. Detail: 文件似乎是二进制文件，不能作为文本打开: CodeExpectedError: cannot open file:///home/louis/gits/ysyx/ysyx-workbench/am-kernels/tests/cpu-tests/build/hello.o. Detail: 文件似乎是二进制文件，不能作为文本打开
    at r.$tryOpenDocument (vscode-file://vscode-app/usr/share/code/resources/app/out/vs/workbench/workbench.desktop.main.js:2364:62563)
2024-05-04 21:37:34.767 [info] Settings Sync: Updating due to change in sessions
2024-05-04 21:46:13.994 [info] Settings Sync: Updating due to change in sessions
2024-05-04 22:13:57.889 [error] 出现未知错误。有关详细信息，请参阅日志。
2024-05-04 22:18:31.861 [info] Settings Sync: Updating due to change in sessions
2024-05-04 22:45:39.058 [info] Settings Sync: Updating due to change in sessions
2024-05-04 23:09:48.948 [info] Settings Sync: Updating due to change in sessions
2024-05-04 23:40:51.808 [error] 无法读取文件'/home/louis/gits/ysyx/ysyx-workbench/nemu/src/utils/ringbuf.c' (Error: 无法解析不存在的文件 '/home/louis/gits/ysyx/ysyx-workbench/nemu/src/utils/ringbuf.c'): Error: 无法读取文件'/home/louis/gits/ysyx/ysyx-workbench/nemu/src/utils/ringbuf.c' (Error: 无法解析不存在的文件 '/home/louis/gits/ysyx/ysyx-workbench/nemu/src/utils/ringbuf.c')
    at n.F (vscode-file://vscode-app/usr/share/code/resources/app/out/vs/workbench/workbench.desktop.main.js:657:19968)
    at n.D (vscode-file://vscode-app/usr/share/code/resources/app/out/vs/workbench/workbench.desktop.main.js:657:19763)
    at async l.M (vscode-file://vscode-app/usr/share/code/resources/app/out/vs/workbench/workbench.desktop.main.js:2370:42596)
    at async l.readStream (vscode-file://vscode-app/usr/share/code/resources/app/out/vs/workbench/workbench.desktop.main.js:2370:42353)
    at async L.Cb (vscode-file://vscode-app/usr/share/code/resources/app/out/vs/workbench/workbench.desktop.main.js:2359:13615)
    at async L.resolve (vscode-file://vscode-app/usr/share/code/resources/app/out/vs/workbench/workbench.desktop.main.js:2359:12062)
    at async s.W (vscode-file://vscode-app/usr/share/code/resources/app/out/vs/workbench/workbench.desktop.main.js:2370:38746)
    at async u.r (vscode-file://vscode-app/usr/share/code/resources/app/out/vs/workbench/workbench.desktop.main.js:2359:25720)
    at async k.acquire (vscode-file://vscode-app/usr/share/code/resources/app/out/vs/workbench/workbench.desktop.main.js:37:3320)
    at async d.createModelReference (vscode-file://vscode-app/usr/share/code/resources/app/out/vs/workbench/workbench.desktop.main.js:2359:27297)
2024-05-04 23:45:21.639 [info] Settings Sync: Updating due to change in sessions
2024-05-04 23:57:24.079 [info] Settings Sync: Updating due to change in sessions
2024-05-05 00:29:14.223 [info] Settings Sync: Updating due to change in sessions
2024-05-05 00:44:35.444 [info] Settings Sync: Updating due to change in sessions
2024-05-05 01:11:56.791 [info] Settings Sync: Updating due to change in sessions
2024-05-05 01:41:04.887 [info] Settings Sync: Updating due to change in sessions
2024-05-05 02:03:34.683 [info] Settings Sync: Updating due to change in sessions
2024-05-05 02:30:32.595 [info] Settings Sync: Updating due to change in sessions
2024-05-05 02:49:44.529 [info] Settings Sync: Updating due to change in sessions
2024-05-05 03:21:02.698 [info] Settings Sync: Updating due to change in sessions
2024-05-05 03:34:44.877 [info] Settings Sync: Updating due to change in sessions
2024-05-05 04:08:26.444 [info] Settings Sync: Updating due to change in sessions
2024-05-05 04:33:14.014 [info] Settings Sync: Updating due to change in sessions
2024-05-05 04:57:17.553 [info] Settings Sync: Updating due to change in sessions
2024-05-05 05:32:53.507 [info] Settings Sync: Updating due to change in sessions
2024-05-05 05:49:08.491 [info] Settings Sync: Updating due to change in sessions
2024-05-05 06:28:24.540 [info] Settings Sync: Updating due to change in sessions
2024-05-05 06:39:55.901 [info] Settings Sync: Updating due to change in sessions
2024-05-05 07:09:40.009 [info] Settings Sync: Updating due to change in sessions
2024-05-05 07:28:35.313 [info] Settings Sync: Updating due to change in sessions
2024-05-05 08:07:12.354 [info] Settings Sync: Updating due to change in sessions
2024-05-05 08:12:15.050 [info] Settings Sync: Updating due to change in sessions
2024-05-05 09:01:02.055 [info] Settings Sync: Updating due to change in sessions
2024-05-05 09:06:53.612 [info] Settings Sync: Updating due to change in sessions
2024-05-05 09:54:28.538 [info] Settings Sync: Updating due to change in sessions
2024-05-05 09:56:52.643 [error] 出现未知错误。有关详细信息，请参阅日志。
2024-05-05 10:01:21.600 [info] Settings Sync: Updating due to change in sessions
2024-05-05 10:45:13.105 [info] Settings Sync: Updating due to change in sessions
2024-05-05 10:57:10.829 [info] Settings Sync: Updating due to change in sessions
2024-05-05 11:38:02.908 [info] Settings Sync: Updating due to change in sessions
2024-05-05 11:38:06.380 [info] Settings Sync: Updating due to change in sessions
2024-05-05 12:19:28.555 [info] Settings Sync: Updating due to change in sessions
2024-05-05 12:22:46.190 [info] Settings Sync: Updating due to change in sessions
2024-05-05 13:03:52.468 [info] Settings Sync: Updating due to change in sessions
2024-05-05 13:07:54.960 [info] Settings Sync: Updating due to change in sessions
2024-05-05 13:51:33.463 [info] Settings Sync: Updating due to change in sessions
2024-05-05 14:07:41.412 [info] Settings Sync: Updating due to change in sessions
2024-05-05 14:35:50.970 [info] Settings Sync: Updating due to change in sessions
2024-05-05 14:53:53.352 [info] Settings Sync: Updating due to change in sessions
2024-05-05 15:20:21.009 [info] Settings Sync: Updating due to change in sessions
2024-05-05 15:23:44.885 [error] Client network socket disconnected before secure TLS connection was established: Error: Client network socket disconnected before secure TLS connection was established
	at connResetException (node:internal/errors:720:14)
	at TLSSocket.onConnectEnd (node:_tls_wrap:1658:19)
	at TLSSocket.emit (node:events:529:35)
	at endReadableNT (node:internal/streams/readable:1368:12)
	at process.processTicksAndRejections (node:internal/process/task_queues:82:21)
2024-05-05 15:28:41.629 [error] cannot open file:///home/louis/gits/ysyx/ysyx-workbench/am-kernels/tests/klib-tests. Detail: 无法读取文件'/home/louis/gits/ysyx/ysyx-workbench/am-kernels/tests/klib-tests' (Error: 无法读取实际上是一个目录的文件"/home/louis/gits/ysyx/ysyx-workbench/am-kernels/tests/klib-tests"): CodeExpectedError: cannot open file:///home/louis/gits/ysyx/ysyx-workbench/am-kernels/tests/klib-tests. Detail: 无法读取文件'/home/louis/gits/ysyx/ysyx-workbench/am-kernels/tests/klib-tests' (Error: 无法读取实际上是一个目录的文件"/home/louis/gits/ysyx/ysyx-workbench/am-kernels/tests/klib-tests")
    at r.$tryOpenDocument (vscode-file://vscode-app/usr/share/code/resources/app/out/vs/workbench/workbench.desktop.main.js:2364:62563)
2024-05-05 15:36:07.531 [error] cannot open file:///home/louis/gits/ysyx/ysyx-workbench/am-kernels/tests/klib-tests/src. Detail: 无法读取文件'/home/louis/gits/ysyx/ysyx-workbench/am-kernels/tests/klib-tests/src' (Error: 无法读取实际上是一个目录的文件"/home/louis/gits/ysyx/ysyx-workbench/am-kernels/tests/klib-tests/src"): CodeExpectedError: cannot open file:///home/louis/gits/ysyx/ysyx-workbench/am-kernels/tests/klib-tests/src. Detail: 无法读取文件'/home/louis/gits/ysyx/ysyx-workbench/am-kernels/tests/klib-tests/src' (Error: 无法读取实际上是一个目录的文件"/home/louis/gits/ysyx/ysyx-workbench/am-kernels/tests/klib-tests/src")
    at r.$tryOpenDocument (vscode-file://vscode-app/usr/share/code/resources/app/out/vs/workbench/workbench.desktop.main.js:2364:62563)
2024-05-05 15:37:49.589 [error] cannot open file:///home/louis/gits/ysyx/ysyx-workbench/am-kernels/tests/klib-tests/src/tests. Detail: 无法读取文件'/home/louis/gits/ysyx/ysyx-workbench/am-kernels/tests/klib-tests/src/tests' (Error: 无法读取实际上是一个目录的文件"/home/louis/gits/ysyx/ysyx-workbench/am-kernels/tests/klib-tests/src/tests"): CodeExpectedError: cannot open file:///home/louis/gits/ysyx/ysyx-workbench/am-kernels/tests/klib-tests/src/tests. Detail: 无法读取文件'/home/louis/gits/ysyx/ysyx-workbench/am-kernels/tests/klib-tests/src/tests' (Error: 无法读取实际上是一个目录的文件"/home/louis/gits/ysyx/ysyx-workbench/am-kernels/tests/klib-tests/src/tests")
    at r.$tryOpenDocument (vscode-file://vscode-app/usr/share/code/resources/app/out/vs/workbench/workbench.desktop.main.js:2364:62563)
2024-05-05 15:42:33.045 [error] cannot open file:///home/louis/gits/ysyx/ysyx-workbench/am-kernels/tests/klib-tests/include. Detail: 无法读取文件'/home/louis/gits/ysyx/ysyx-workbench/am-kernels/tests/klib-tests/include' (Error: 无法读取实际上是一个目录的文件"/home/louis/gits/ysyx/ysyx-workbench/am-kernels/tests/klib-tests/include"): CodeExpectedError: cannot open file:///home/louis/gits/ysyx/ysyx-workbench/am-kernels/tests/klib-tests/include. Detail: 无法读取文件'/home/louis/gits/ysyx/ysyx-workbench/am-kernels/tests/klib-tests/include' (Error: 无法读取实际上是一个目录的文件"/home/louis/gits/ysyx/ysyx-workbench/am-kernels/tests/klib-tests/include")
    at r.$tryOpenDocument (vscode-file://vscode-app/usr/share/code/resources/app/out/vs/workbench/workbench.desktop.main.js:2364:62563)
2024-05-05 15:45:29.173 [info] Settings Sync: Updating due to change in sessions
2024-05-05 15:55:43.519 [error] 无法读取文件'/home/louis/gits/ysyx/ysyx-workbench/abstract-machine/klib/src/temp.c' (Error: 无法解析不存在的文件 '/home/louis/gits/ysyx/ysyx-workbench/abstract-machine/klib/src/temp.c'): Error: 无法读取文件'/home/louis/gits/ysyx/ysyx-workbench/abstract-machine/klib/src/temp.c' (Error: 无法解析不存在的文件 '/home/louis/gits/ysyx/ysyx-workbench/abstract-machine/klib/src/temp.c')
    at n.F (vscode-file://vscode-app/usr/share/code/resources/app/out/vs/workbench/workbench.desktop.main.js:657:19968)
    at n.D (vscode-file://vscode-app/usr/share/code/resources/app/out/vs/workbench/workbench.desktop.main.js:657:19763)
    at async l.M (vscode-file://vscode-app/usr/share/code/resources/app/out/vs/workbench/workbench.desktop.main.js:2370:42596)
    at async l.readStream (vscode-file://vscode-app/usr/share/code/resources/app/out/vs/workbench/workbench.desktop.main.js:2370:42353)
    at async L.Cb (vscode-file://vscode-app/usr/share/code/resources/app/out/vs/workbench/workbench.desktop.main.js:2359:13615)
    at async L.resolve (vscode-file://vscode-app/usr/share/code/resources/app/out/vs/workbench/workbench.desktop.main.js:2359:12062)
    at async s.W (vscode-file://vscode-app/usr/share/code/resources/app/out/vs/workbench/workbench.desktop.main.js:2370:38746)
    at async u.r (vscode-file://vscode-app/usr/share/code/resources/app/out/vs/workbench/workbench.desktop.main.js:2359:25720)
    at async k.acquire (vscode-file://vscode-app/usr/share/code/resources/app/out/vs/workbench/workbench.desktop.main.js:37:3320)
    at async d.createModelReference (vscode-file://vscode-app/usr/share/code/resources/app/out/vs/workbench/workbench.desktop.main.js:2359:27297)
2024-05-05 16:03:26.291 [error] 出现未知错误。有关详细信息，请参阅日志。
2024-05-05 16:05:46.171 [info] Settings Sync: Updating due to change in sessions
2024-05-05 16:15:39.610 [error] 无法读取文件'/home/louis/gits/ysyx/ysyx-workbench/abstract-machine/klib/src/temp.c' (Error: 无法解析不存在的文件 '/home/louis/gits/ysyx/ysyx-workbench/abstract-machine/klib/src/temp.c'): Error: 无法读取文件'/home/louis/gits/ysyx/ysyx-workbench/abstract-machine/klib/src/temp.c' (Error: 无法解析不存在的文件 '/home/louis/gits/ysyx/ysyx-workbench/abstract-machine/klib/src/temp.c')
    at n.F (vscode-file://vscode-app/usr/share/code/resources/app/out/vs/workbench/workbench.desktop.main.js:657:19968)
    at n.D (vscode-file://vscode-app/usr/share/code/resources/app/out/vs/workbench/workbench.desktop.main.js:657:19763)
    at async l.M (vscode-file://vscode-app/usr/share/code/resources/app/out/vs/workbench/workbench.desktop.main.js:2370:42596)
    at async l.readStream (vscode-file://vscode-app/usr/share/code/resources/app/out/vs/workbench/workbench.desktop.main.js:2370:42353)
    at async L.Cb (vscode-file://vscode-app/usr/share/code/resources/app/out/vs/workbench/workbench.desktop.main.js:2359:13615)
    at async L.resolve (vscode-file://vscode-app/usr/share/code/resources/app/out/vs/workbench/workbench.desktop.main.js:2359:12062)
    at async s.W (vscode-file://vscode-app/usr/share/code/resources/app/out/vs/workbench/workbench.desktop.main.js:2370:38746)
    at async u.r (vscode-file://vscode-app/usr/share/code/resources/app/out/vs/workbench/workbench.desktop.main.js:2359:25720)
    at async k.acquire (vscode-file://vscode-app/usr/share/code/resources/app/out/vs/workbench/workbench.desktop.main.js:37:3320)
    at async d.createModelReference (vscode-file://vscode-app/usr/share/code/resources/app/out/vs/workbench/workbench.desktop.main.js:2359:27297)
2024-05-05 16:15:42.376 [error] 无法读取文件'/home/louis/gits/ysyx/ysyx-workbench/abstract-machine/klib/src/temp.c' (Error: 无法解析不存在的文件 '/home/louis/gits/ysyx/ysyx-workbench/abstract-machine/klib/src/temp.c'): Error: 无法读取文件'/home/louis/gits/ysyx/ysyx-workbench/abstract-machine/klib/src/temp.c' (Error: 无法解析不存在的文件 '/home/louis/gits/ysyx/ysyx-workbench/abstract-machine/klib/src/temp.c')
    at n.F (vscode-file://vscode-app/usr/share/code/resources/app/out/vs/workbench/workbench.desktop.main.js:657:19968)
    at n.D (vscode-file://vscode-app/usr/share/code/resources/app/out/vs/workbench/workbench.desktop.main.js:657:19763)
    at async l.M (vscode-file://vscode-app/usr/share/code/resources/app/out/vs/workbench/workbench.desktop.main.js:2370:42596)
    at async l.readStream (vscode-file://vscode-app/usr/share/code/resources/app/out/vs/workbench/workbench.desktop.main.js:2370:42353)
    at async L.Cb (vscode-file://vscode-app/usr/share/code/resources/app/out/vs/workbench/workbench.desktop.main.js:2359:13615)
    at async L.resolve (vscode-file://vscode-app/usr/share/code/resources/app/out/vs/workbench/workbench.desktop.main.js:2359:12062)
    at async s.W (vscode-file://vscode-app/usr/share/code/resources/app/out/vs/workbench/workbench.desktop.main.js:2370:38746)
    at async u.r (vscode-file://vscode-app/usr/share/code/resources/app/out/vs/workbench/workbench.desktop.main.js:2359:25720)
    at async k.acquire (vscode-file://vscode-app/usr/share/code/resources/app/out/vs/workbench/workbench.desktop.main.js:37:3320)
    at async d.createModelReference (vscode-file://vscode-app/usr/share/code/resources/app/out/vs/workbench/workbench.desktop.main.js:2359:27297)
2024-05-05 16:16:20.736 [error] 无法读取文件'/home/louis/gits/ysyx/ysyx-workbench/abstract-machine/klib/src/temp.c' (Error: 无法解析不存在的文件 '/home/louis/gits/ysyx/ysyx-workbench/abstract-machine/klib/src/temp.c'): Error: 无法读取文件'/home/louis/gits/ysyx/ysyx-workbench/abstract-machine/klib/src/temp.c' (Error: 无法解析不存在的文件 '/home/louis/gits/ysyx/ysyx-workbench/abstract-machine/klib/src/temp.c')
    at n.F (vscode-file://vscode-app/usr/share/code/resources/app/out/vs/workbench/workbench.desktop.main.js:657:19968)
    at n.D (vscode-file://vscode-app/usr/share/code/resources/app/out/vs/workbench/workbench.desktop.main.js:657:19763)
    at async l.M (vscode-file://vscode-app/usr/share/code/resources/app/out/vs/workbench/workbench.desktop.main.js:2370:42596)
    at async l.readStream (vscode-file://vscode-app/usr/share/code/resources/app/out/vs/workbench/workbench.desktop.main.js:2370:42353)
    at async L.Cb (vscode-file://vscode-app/usr/share/code/resources/app/out/vs/workbench/workbench.desktop.main.js:2359:13615)
    at async L.resolve (vscode-file://vscode-app/usr/share/code/resources/app/out/vs/workbench/workbench.desktop.main.js:2359:12062)
    at async s.W (vscode-file://vscode-app/usr/share/code/resources/app/out/vs/workbench/workbench.desktop.main.js:2370:38746)
    at async u.r (vscode-file://vscode-app/usr/share/code/resources/app/out/vs/workbench/workbench.desktop.main.js:2359:25720)
    at async k.acquire (vscode-file://vscode-app/usr/share/code/resources/app/out/vs/workbench/workbench.desktop.main.js:37:3320)
    at async d.createModelReference (vscode-file://vscode-app/usr/share/code/resources/app/out/vs/workbench/workbench.desktop.main.js:2359:27297)
2024-05-05 16:16:30.049 [error] 无法读取文件'/home/louis/gits/ysyx/ysyx-workbench/abstract-machine/klib/src/temp.c' (Error: 无法解析不存在的文件 '/home/louis/gits/ysyx/ysyx-workbench/abstract-machine/klib/src/temp.c'): Error: 无法读取文件'/home/louis/gits/ysyx/ysyx-workbench/abstract-machine/klib/src/temp.c' (Error: 无法解析不存在的文件 '/home/louis/gits/ysyx/ysyx-workbench/abstract-machine/klib/src/temp.c')
    at n.F (vscode-file://vscode-app/usr/share/code/resources/app/out/vs/workbench/workbench.desktop.main.js:657:19968)
    at n.D (vscode-file://vscode-app/usr/share/code/resources/app/out/vs/workbench/workbench.desktop.main.js:657:19763)
    at async l.M (vscode-file://vscode-app/usr/share/code/resources/app/out/vs/workbench/workbench.desktop.main.js:2370:42596)
    at async l.readStream (vscode-file://vscode-app/usr/share/code/resources/app/out/vs/workbench/workbench.desktop.main.js:2370:42353)
    at async L.Cb (vscode-file://vscode-app/usr/share/code/resources/app/out/vs/workbench/workbench.desktop.main.js:2359:13615)
    at async L.resolve (vscode-file://vscode-app/usr/share/code/resources/app/out/vs/workbench/workbench.desktop.main.js:2359:12062)
    at async s.W (vscode-file://vscode-app/usr/share/code/resources/app/out/vs/workbench/workbench.desktop.main.js:2370:38746)
    at async u.r (vscode-file://vscode-app/usr/share/code/resources/app/out/vs/workbench/workbench.desktop.main.js:2359:25720)
    at async k.acquire (vscode-file://vscode-app/usr/share/code/resources/app/out/vs/workbench/workbench.desktop.main.js:37:3320)
    at async d.createModelReference (vscode-file://vscode-app/usr/share/code/resources/app/out/vs/workbench/workbench.desktop.main.js:2359:27297)
2024-05-05 16:16:37.225 [error] 无法读取文件'/home/louis/gits/ysyx/ysyx-workbench/abstract-machine/klib/src/temp.c' (Error: 无法解析不存在的文件 '/home/louis/gits/ysyx/ysyx-workbench/abstract-machine/klib/src/temp.c'): Error: 无法读取文件'/home/louis/gits/ysyx/ysyx-workbench/abstract-machine/klib/src/temp.c' (Error: 无法解析不存在的文件 '/home/louis/gits/ysyx/ysyx-workbench/abstract-machine/klib/src/temp.c')
    at n.F (vscode-file://vscode-app/usr/share/code/resources/app/out/vs/workbench/workbench.desktop.main.js:657:19968)
    at n.D (vscode-file://vscode-app/usr/share/code/resources/app/out/vs/workbench/workbench.desktop.main.js:657:19763)
    at async l.M (vscode-file://vscode-app/usr/share/code/resources/app/out/vs/workbench/workbench.desktop.main.js:2370:42596)
    at async l.readStream (vscode-file://vscode-app/usr/share/code/resources/app/out/vs/workbench/workbench.desktop.main.js:2370:42353)
    at async L.Cb (vscode-file://vscode-app/usr/share/code/resources/app/out/vs/workbench/workbench.desktop.main.js:2359:13615)
    at async L.resolve (vscode-file://vscode-app/usr/share/code/resources/app/out/vs/workbench/workbench.desktop.main.js:2359:12062)
    at async s.W (vscode-file://vscode-app/usr/share/code/resources/app/out/vs/workbench/workbench.desktop.main.js:2370:38746)
    at async u.r (vscode-file://vscode-app/usr/share/code/resources/app/out/vs/workbench/workbench.desktop.main.js:2359:25720)
    at async k.acquire (vscode-file://vscode-app/usr/share/code/resources/app/out/vs/workbench/workbench.desktop.main.js:37:3320)
    at async d.createModelReference (vscode-file://vscode-app/usr/share/code/resources/app/out/vs/workbench/workbench.desktop.main.js:2359:27297)
2024-05-05 16:16:40.828 [error] 无法读取文件'/home/louis/gits/ysyx/ysyx-workbench/abstract-machine/klib/src/temp.c' (Error: 无法解析不存在的文件 '/home/louis/gits/ysyx/ysyx-workbench/abstract-machine/klib/src/temp.c'): Error: 无法读取文件'/home/louis/gits/ysyx/ysyx-workbench/abstract-machine/klib/src/temp.c' (Error: 无法解析不存在的文件 '/home/louis/gits/ysyx/ysyx-workbench/abstract-machine/klib/src/temp.c')
    at n.F (vscode-file://vscode-app/usr/share/code/resources/app/out/vs/workbench/workbench.desktop.main.js:657:19968)
    at n.D (vscode-file://vscode-app/usr/share/code/resources/app/out/vs/workbench/workbench.desktop.main.js:657:19763)
    at async l.M (vscode-file://vscode-app/usr/share/code/resources/app/out/vs/workbench/workbench.desktop.main.js:2370:42596)
    at async l.readStream (vscode-file://vscode-app/usr/share/code/resources/app/out/vs/workbench/workbench.desktop.main.js:2370:42353)
    at async L.Cb (vscode-file://vscode-app/usr/share/code/resources/app/out/vs/workbench/workbench.desktop.main.js:2359:13615)
    at async L.resolve (vscode-file://vscode-app/usr/share/code/resources/app/out/vs/workbench/workbench.desktop.main.js:2359:12062)
    at async s.W (vscode-file://vscode-app/usr/share/code/resources/app/out/vs/workbench/workbench.desktop.main.js:2370:38746)
    at async u.r (vscode-file://vscode-app/usr/share/code/resources/app/out/vs/workbench/workbench.desktop.main.js:2359:25720)
    at async k.acquire (vscode-file://vscode-app/usr/share/code/resources/app/out/vs/workbench/workbench.desktop.main.js:37:3320)
    at async d.createModelReference (vscode-file://vscode-app/usr/share/code/resources/app/out/vs/workbench/workbench.desktop.main.js:2359:27297)
2024-05-05 16:31:15.987 [error] 无法读取文件'/home/louis/gits/ysyx/ysyx-workbench/abstract-machine/klib/src/temp.c' (Error: 无法解析不存在的文件 '/home/louis/gits/ysyx/ysyx-workbench/abstract-machine/klib/src/temp.c'): Error: 无法读取文件'/home/louis/gits/ysyx/ysyx-workbench/abstract-machine/klib/src/temp.c' (Error: 无法解析不存在的文件 '/home/louis/gits/ysyx/ysyx-workbench/abstract-machine/klib/src/temp.c')
    at n.F (vscode-file://vscode-app/usr/share/code/resources/app/out/vs/workbench/workbench.desktop.main.js:657:19968)
    at n.D (vscode-file://vscode-app/usr/share/code/resources/app/out/vs/workbench/workbench.desktop.main.js:657:19763)
    at async l.M (vscode-file://vscode-app/usr/share/code/resources/app/out/vs/workbench/workbench.desktop.main.js:2370:42596)
    at async l.readStream (vscode-file://vscode-app/usr/share/code/resources/app/out/vs/workbench/workbench.desktop.main.js:2370:42353)
    at async L.Cb (vscode-file://vscode-app/usr/share/code/resources/app/out/vs/workbench/workbench.desktop.main.js:2359:13615)
    at async L.resolve (vscode-file://vscode-app/usr/share/code/resources/app/out/vs/workbench/workbench.desktop.main.js:2359:12062)
    at async s.W (vscode-file://vscode-app/usr/share/code/resources/app/out/vs/workbench/workbench.desktop.main.js:2370:38746)
    at async u.r (vscode-file://vscode-app/usr/share/code/resources/app/out/vs/workbench/workbench.desktop.main.js:2359:25720)
    at async k.acquire (vscode-file://vscode-app/usr/share/code/resources/app/out/vs/workbench/workbench.desktop.main.js:37:3320)
    at async d.createModelReference (vscode-file://vscode-app/usr/share/code/resources/app/out/vs/workbench/workbench.desktop.main.js:2359:27297)
2024-05-05 16:35:30.883 [info] Settings Sync: Updating due to change in sessions
2024-05-05 16:56:43.980 [info] Settings Sync: Updating due to change in sessions
2024-05-05 16:59:00.402 [error] 出现未知错误。有关详细信息，请参阅日志。
2024-05-05 17:24:50.186 [info] Settings Sync: Updating due to change in sessions
2024-05-05 17:47:00.179 [info] Settings Sync: Updating due to change in sessions
2024-05-05 18:15:59.492 [info] Settings Sync: Updating due to change in sessions
