2024-05-07 18:36:04.561 [info] 日志级别: Info
2024-05-07 18:36:04.561 [info] 正在验证在以下位置找到的 git: "git"
2024-05-07 18:36:04.561 [info] 将使用位于 "2.34.1" 的 Git "git"
2024-05-07 18:36:04.561 [info] > git rev-parse --show-toplevel [4ms]
2024-05-07 18:36:04.562 [info] > git rev-parse --git-dir --git-common-dir [61ms]
2024-05-07 18:36:04.572 [info] Open repository: /home/louis/MAA/ysyx-workbench
2024-05-07 18:36:04.681 [info] > git rev-parse --show-toplevel [26ms]
2024-05-07 18:36:04.682 [info] > git config --get commit.template [31ms]
2024-05-07 18:36:04.704 [info] > git rev-parse --show-toplevel [12ms]
2024-05-07 18:36:04.714 [info] > git for-each-ref --format=%(refname)%00%(upstream:short)%00%(objectname)%00%(upstream:track)%00%(upstream:remotename)%00%(upstream:remoteref) refs/heads/master refs/remotes/master [11ms]
2024-05-07 18:36:04.731 [warning] ENOENT: no such file or directory, open '/home/louis/MAA/ysyx-workbench/.git/refs/remotes/origin/master'
2024-05-07 18:36:04.732 [info] > git rev-parse --show-toplevel [19ms]
2024-05-07 18:36:04.742 [info] > git rev-parse refs/remotes/origin/master [11ms]
2024-05-07 18:36:04.751 [info] > git rev-parse --git-dir --git-common-dir [10ms]
2024-05-07 18:36:04.754 [info] Open repository: /home/louis/MAA/ysyx-workbench/fceux-am
2024-05-07 18:36:04.791 [info] > git status -z -uall [43ms]
2024-05-07 18:36:04.820 [info] > git merge-base refs/heads/master refs/remotes/origin/master [20ms]
2024-05-07 18:36:04.830 [info] > git rev-parse --show-toplevel [44ms]
2024-05-07 18:36:04.830 [info] > git config --get commit.template [49ms]
2024-05-07 18:36:04.853 [info] > git rev-list --count --left-right refs/heads/master...refs/remotes/origin/master [24ms]
2024-05-07 18:36:04.860 [info] > git config --get commit.template [41ms]
2024-05-07 18:36:04.868 [info] > git rev-parse --show-toplevel [16ms]
2024-05-07 18:36:04.879 [info] > git for-each-ref --format=%(refname)%00%(upstream:short)%00%(objectname)%00%(upstream:track)%00%(upstream:remotename)%00%(upstream:remoteref) refs/heads/ics2021 refs/remotes/ics2021 [12ms]
2024-05-07 18:36:04.880 [info] > git diff --name-status -z --diff-filter=ADMR d1116915d4c440858a4eaacd9c9571d8d18ac88b...refs/remotes/origin/master [20ms]
2024-05-07 18:36:04.887 [warning] ENOENT: no such file or directory, open '/home/louis/MAA/ysyx-workbench/fceux-am/.git/refs/remotes/origin/ics2021'
2024-05-07 18:36:04.888 [info] > git for-each-ref --format=%(refname)%00%(upstream:short)%00%(objectname)%00%(upstream:track)%00%(upstream:remotename)%00%(upstream:remoteref) refs/heads/master refs/remotes/master [9ms]
2024-05-07 18:36:04.895 [warning] ENOENT: no such file or directory, open '/home/louis/MAA/ysyx-workbench/.git/refs/remotes/origin/master'
2024-05-07 18:36:04.895 [info] > git rev-parse refs/remotes/origin/ics2021 [9ms]
2024-05-07 18:36:04.924 [info] > git status -z -uall [22ms]
2024-05-07 18:36:04.928 [info] > git rev-parse refs/remotes/origin/master [33ms]
2024-05-07 18:36:04.970 [info] > git status -z -uall [35ms]
2024-05-07 18:36:04.970 [info] > git merge-base refs/heads/ics2021 refs/remotes/origin/ics2021 [15ms]
2024-05-07 18:36:04.984 [info] > git rev-list --count --left-right refs/heads/ics2021...refs/remotes/origin/ics2021 [8ms]
2024-05-07 18:36:04.990 [info] > git config --get commit.template [22ms]
2024-05-07 18:36:05.022 [info] > git diff --name-status -z --diff-filter=ADMR d404b6dfc1696b0d2d30668e2deb72c63b0ab3fc...refs/remotes/origin/ics2021 [32ms]
2024-05-07 18:36:05.053 [info] > git for-each-ref --format=%(refname)%00%(upstream:short)%00%(objectname)%00%(upstream:track)%00%(upstream:remotename)%00%(upstream:remoteref) refs/heads/ics2021 refs/remotes/ics2021 [25ms]
2024-05-07 18:36:05.060 [warning] ENOENT: no such file or directory, open '/home/louis/MAA/ysyx-workbench/fceux-am/.git/refs/remotes/origin/ics2021'
2024-05-07 18:36:05.061 [info] > git rev-parse refs/remotes/origin/ics2021 [1ms]
2024-05-07 18:36:05.109 [info] > git status -z -uall [41ms]
2024-05-07 18:36:05.296 [info] > git show --textconv :nemu/src/monitor/sdb/sdb.c [7ms]
2024-05-07 18:36:05.296 [info] > git ls-files --stage -- /home/louis/MAA/ysyx-workbench/nemu/src/monitor/sdb/sdb.c [1ms]
2024-05-07 18:36:05.303 [info] > git cat-file -s 725bce8bba7a76bd7150622dd07adf2074c0306e [1ms]
2024-05-07 18:36:05.345 [info] > git check-ignore -v -z --stdin [6ms]
2024-05-07 18:36:05.346 [info] > git check-ignore -v -z --stdin [1ms]
2024-05-07 18:36:21.752 [info] > git config --get commit.template [14ms]
2024-05-07 18:36:21.755 [info] > git for-each-ref --format=%(refname)%00%(upstream:short)%00%(objectname)%00%(upstream:track)%00%(upstream:remotename)%00%(upstream:remoteref) refs/heads/master refs/remotes/master [3ms]
2024-05-07 18:36:21.763 [warning] ENOENT: no such file or directory, open '/home/louis/MAA/ysyx-workbench/.git/refs/remotes/origin/master'
2024-05-07 18:36:21.765 [info] > git rev-parse refs/remotes/origin/master [2ms]
2024-05-07 18:36:21.777 [info] > git status -z -uall [4ms]
2024-05-07 18:36:21.808 [info] > git check-ignore -v -z --stdin [3ms]
2024-05-07 18:36:28.592 [info] > git config --get commit.template [12ms]
2024-05-07 18:36:28.595 [info] > git for-each-ref --format=%(refname)%00%(upstream:short)%00%(objectname)%00%(upstream:track)%00%(upstream:remotename)%00%(upstream:remoteref) refs/heads/master refs/remotes/master [4ms]
2024-05-07 18:36:28.602 [warning] ENOENT: no such file or directory, open '/home/louis/MAA/ysyx-workbench/.git/refs/remotes/origin/master'
2024-05-07 18:36:28.604 [info] > git rev-parse refs/remotes/origin/master [2ms]
2024-05-07 18:36:28.616 [info] > git status -z -uall [4ms]
2024-05-07 18:36:33.641 [info] > git config --get commit.template [11ms]
2024-05-07 18:36:33.642 [info] > git for-each-ref --format=%(refname)%00%(upstream:short)%00%(objectname)%00%(upstream:track)%00%(upstream:remotename)%00%(upstream:remoteref) refs/heads/master refs/remotes/master [2ms]
2024-05-07 18:36:33.651 [warning] ENOENT: no such file or directory, open '/home/louis/MAA/ysyx-workbench/.git/refs/remotes/origin/master'
2024-05-07 18:36:33.653 [info] > git rev-parse refs/remotes/origin/master [2ms]
2024-05-07 18:36:33.666 [info] > git status -z -uall [4ms]
2024-05-07 18:36:35.631 [info] > git ls-files --stage -- /home/louis/MAA/ysyx-workbench/nemu/src/monitor/sdb/sdb.c [2ms]
2024-05-07 18:36:35.642 [info] > git cat-file -s 725bce8bba7a76bd7150622dd07adf2074c0306e [2ms]
2024-05-07 18:36:35.657 [info] > git show --textconv :nemu/src/monitor/sdb/sdb.c [2ms]
2024-05-07 18:36:38.698 [info] > git config --get commit.template [14ms]
2024-05-07 18:36:38.701 [info] > git for-each-ref --format=%(refname)%00%(upstream:short)%00%(objectname)%00%(upstream:track)%00%(upstream:remotename)%00%(upstream:remoteref) refs/heads/master refs/remotes/master [4ms]
2024-05-07 18:36:38.713 [warning] ENOENT: no such file or directory, open '/home/louis/MAA/ysyx-workbench/.git/refs/remotes/origin/master'
2024-05-07 18:36:38.716 [info] > git rev-parse refs/remotes/origin/master [3ms]
2024-05-07 18:36:38.735 [info] > git status -z -uall [9ms]
2024-05-07 18:54:53.763 [info] > git config --get commit.template [9ms]
2024-05-07 18:54:53.765 [info] > git for-each-ref --format=%(refname)%00%(upstream:short)%00%(objectname)%00%(upstream:track)%00%(upstream:remotename)%00%(upstream:remoteref) refs/heads/master refs/remotes/master [3ms]
2024-05-07 18:54:53.773 [warning] ENOENT: no such file or directory, open '/home/louis/MAA/ysyx-workbench/.git/refs/remotes/origin/master'
2024-05-07 18:54:53.776 [info] > git rev-parse refs/remotes/origin/master [3ms]
2024-05-07 18:54:53.792 [info] > git status -z -uall [9ms]
2024-05-07 18:54:53.851 [info] > git ls-files --stage -- /home/louis/MAA/ysyx-workbench/nemu/src/monitor/sdb/sdb.c [2ms]
2024-05-07 18:54:53.863 [info] > git cat-file -s 725bce8bba7a76bd7150622dd07adf2074c0306e [3ms]
2024-05-07 18:54:53.877 [info] > git show --textconv :nemu/src/monitor/sdb/sdb.c [3ms]
2024-05-07 18:54:58.822 [info] > git config --get commit.template [11ms]
2024-05-07 18:54:58.823 [info] > git for-each-ref --format=%(refname)%00%(upstream:short)%00%(objectname)%00%(upstream:track)%00%(upstream:remotename)%00%(upstream:remoteref) refs/heads/master refs/remotes/master [2ms]
2024-05-07 18:54:58.835 [warning] ENOENT: no such file or directory, open '/home/louis/MAA/ysyx-workbench/.git/refs/remotes/origin/master'
2024-05-07 18:54:58.837 [info] > git rev-parse refs/remotes/origin/master [3ms]
2024-05-07 18:54:58.854 [info] > git status -z -uall [6ms]
2024-05-07 18:55:12.560 [info] > git config --get commit.template [10ms]
2024-05-07 18:55:12.561 [info] > git for-each-ref --format=%(refname)%00%(upstream:short)%00%(objectname)%00%(upstream:track)%00%(upstream:remotename)%00%(upstream:remoteref) refs/heads/master refs/remotes/master [2ms]
2024-05-07 18:55:12.571 [warning] ENOENT: no such file or directory, open '/home/louis/MAA/ysyx-workbench/.git/refs/remotes/origin/master'
2024-05-07 18:55:12.573 [info] > git rev-parse refs/remotes/origin/master [1ms]
2024-05-07 18:55:12.592 [info] > git status -z -uall [9ms]
2024-05-07 18:55:12.656 [info] > git ls-files --stage -- /home/louis/MAA/ysyx-workbench/nemu/src/monitor/sdb/sdb.c [3ms]
2024-05-07 18:55:12.666 [info] > git cat-file -s 725bce8bba7a76bd7150622dd07adf2074c0306e [2ms]
2024-05-07 18:55:12.675 [info] > git show --textconv :nemu/src/monitor/sdb/sdb.c [2ms]
