2024-05-06 18:53:32.621 [info] Reading sessions from keychain...
2024-05-06 18:53:32.621 [info] Getting sessions for all scopes...
2024-05-06 18:53:32.621 [info] Getting sessions for all scopes...
2024-05-06 18:53:32.621 [info] Getting sessions for all scopes...
2024-05-06 18:53:32.621 [info] Got stored sessions!
2024-05-06 18:53:32.621 [info] Got 1 verified sessions.
2024-05-06 18:53:32.621 [info] Got 1 sessions for ...
2024-05-06 18:53:32.621 [info] Got 1 sessions for ...
2024-05-06 18:53:32.621 [info] Got 1 sessions for ...
2024-05-06 18:53:32.621 [info] Getting sessions for read:user,repo,user:email,workflow...
2024-05-06 18:53:32.621 [info] Got 0 sessions for read:user,repo,user:email,workflow...
2024-05-06 18:53:32.621 [info] Getting sessions for read:user,repo,user:email...
2024-05-06 18:53:32.621 [info] Got 0 sessions for read:user,repo,user:email...
2024-05-06 18:53:33.253 [info] Getting sessions for read:user,repo,user:email,workflow...
2024-05-06 18:53:33.253 [info] Got 0 sessions for read:user,repo,user:email,workflow...
2024-05-06 18:53:36.176 [info] Getting sessions for user:email...
2024-05-06 18:53:36.176 [info] Got 1 sessions for user:email...
2024-05-06 18:53:36.182 [info] Getting sessions for all scopes...
2024-05-06 18:53:36.182 [info] Got 1 sessions for ...
2024-05-06 19:31:50.278 [info] Getting sessions for read:user,repo,user:email,workflow...
2024-05-06 19:31:50.278 [info] Got 0 sessions for read:user,repo,user:email,workflow...
2024-05-06 19:35:09.129 [info] Getting sessions for read:user,repo,user:email,workflow...
2024-05-06 19:35:09.129 [info] Got 0 sessions for read:user,repo,user:email,workflow...
