2024-05-07 17:37:01.309 [info] Reading sessions from keychain...
2024-05-07 17:37:01.309 [info] Getting sessions for all scopes...
2024-05-07 17:37:01.309 [info] Getting sessions for all scopes...
2024-05-07 17:37:01.309 [info] Got stored sessions!
2024-05-07 17:37:01.309 [info] Got 1 verified sessions.
2024-05-07 17:37:01.309 [info] Got 1 sessions for ...
2024-05-07 17:37:01.309 [info] Got 1 sessions for ...
2024-05-07 17:37:01.309 [info] Getting sessions for all scopes...
2024-05-07 17:37:01.309 [info] Got 1 sessions for ...
2024-05-07 17:37:01.309 [info] Getting sessions for read:user,repo,user:email,workflow...
2024-05-07 17:37:01.309 [info] Got 0 sessions for read:user,repo,user:email,workflow...
2024-05-07 17:37:01.309 [info] Getting sessions for read:user,repo,user:email...
2024-05-07 17:37:01.309 [info] Got 0 sessions for read:user,repo,user:email...
2024-05-07 17:37:02.391 [info] Getting sessions for all scopes...
2024-05-07 17:37:02.391 [info] Got 1 sessions for ...
2024-05-07 17:37:02.391 [info] Getting sessions for user:email...
2024-05-07 17:37:02.391 [info] Got 1 sessions for user:email...
2024-05-07 17:37:44.061 [info] Getting sessions for read:user,repo,user:email,workflow...
2024-05-07 17:37:44.061 [info] Got 0 sessions for read:user,repo,user:email,workflow...
2024-05-07 17:37:50.135 [info] Getting sessions for read:user,repo,user:email,workflow...
2024-05-07 17:37:50.135 [info] Got 0 sessions for read:user,repo,user:email,workflow...
2024-05-07 17:37:55.814 [info] Getting sessions for read:user,repo,user:email,workflow...
2024-05-07 17:37:55.814 [info] Got 0 sessions for read:user,repo,user:email,workflow...
